<?xml version="1.0" encoding="UTF-8" ?>
<testsuites name="vitest tests" tests="1530" failures="0" errors="0" time="54.975315695">
    <testsuite name="tests/bpmn.test.ts" timestamp="2026-09-01T19:06:27.793Z" hostname="mike-dev" tests="83" failures="0" errors="0" skipped="0" time="0.136364147">
        <testcase classname="tests/bpmn.test.ts" name="wrap &gt; corta por palabras sin pasarse del ancho" time="0.007992659">
        </testcase>
        <testcase classname="tests/bpmn.test.ts" name="wrap &gt; trunca con elipsis en vez de desbordar la figura" time="0.003243755">
        </testcase>
        <testcase classname="tests/bpmn.test.ts" name="wrap &gt; deja pasar una palabra más larga que el límite en su propia línea" time="0.001625068">
        </testcase>
        <testcase classname="tests/bpmn.test.ts" name="route &gt; une con una recta los nodos alineados hacia adelante" time="0.00120906">
        </testcase>
        <testcase classname="tests/bpmn.test.ts" name="route &gt; usa una Z al cambiar de carril hacia adelante" time="0.00113507">
        </testcase>
        <testcase classname="tests/bpmn.test.ts" name="route &gt; rodea por un canal cuando el flujo vuelve hacia atrás" time="0.00069166">
        </testcase>
        <testcase classname="tests/bpmn.test.ts" name="route &gt; mantiene todos los tramos ortogonales" time="0.001953841">
        </testcase>
        <testcase classname="tests/bpmn.test.ts" name="polylinePath &gt; no redondea más allá de la mitad del tramo más corto" time="0.001804829">
        </testcase>
        <testcase classname="tests/bpmn.test.ts" name="polylinePath &gt; devuelve una recta simple con dos puntos" time="0.001688799">
        </testcase>
        <testcase classname="tests/bpmn.test.ts" name="pointAlong &gt; avanza la distancia pedida sobre la polilínea" time="0.00136201">
        </testcase>
        <testcase classname="tests/bpmn.test.ts" name="pointAlong &gt; se queda en el último punto si la distancia excede el trazo" time="0.001052012">
        </testcase>
        <testcase classname="tests/bpmn.test.ts" name="labelAnchor &gt; aparta la etiqueta del trazo en tramos horizontales" time="0.001013039">
        </testcase>
        <testcase classname="tests/bpmn.test.ts" name="labelAnchor &gt; aparta la etiqueta hacia el costado en tramos verticales" time="0.000436176">
        </testcase>
        <testcase classname="tests/bpmn.test.ts" name="labelAnchor &gt; ancla la etiqueta después del quiebre, ya dentro de su propia rama" time="0.000548759">
        </testcase>
        <testcase classname="tests/bpmn.test.ts" name="labelBox &gt; coloca la etiqueta de una compuerta por encima del rombo" time="0.002368396">
        </testcase>
        <testcase classname="tests/bpmn.test.ts" name="labelBox &gt; coloca la etiqueta de un evento por debajo del círculo" time="0.00060194">
        </testcase>
        <testcase classname="tests/bpmn.test.ts" name="labelBox &gt; no reporta caja para el texto que va dentro de una tarea" time="0.000481973">
        </testcase>
        <testcase classname="tests/bpmn.test.ts" name="findLayoutIssues &gt; detecta dos nodos en la misma celda" time="0.002128792">
        </testcase>
        <testcase classname="tests/bpmn.test.ts" name="findLayoutIssues &gt; detecta una flecha que atraviesa una figura ajena" time="0.000951382">
        </testcase>
        <testcase classname="tests/bpmn.test.ts" name="findLayoutIssues &gt; detecta una etiqueta de rama posada sobre el trazo de otra flecha" time="0.003138124">
        </testcase>
        <testcase classname="tests/bpmn.test.ts" name="findLayoutIssues &gt; detecta un texto que se sale del lienzo" time="0.001506704">
        </testcase>
        <testcase classname="tests/bpmn.test.ts" name="findLayoutIssues &gt; detecta la etiqueta de una rama encimada con la de su compuerta" time="0.001239869">
        </testcase>
        <testcase classname="tests/bpmn.test.ts" name="compuertas documentadas &gt; documenta los 5 tipos de compuerta de BPMN" time="0.001075247">
        </testcase>
        <testcase classname="tests/bpmn.test.ts" name="compuertas documentadas &gt; cada compuerta explica qué hace al dividir y al juntar caminos" time="0.001364896">
        </testcase>
        <testcase classname="tests/bpmn.test.ts" name="compuertas documentadas &gt; el renderer sabe dibujar toda compuerta documentada" time="0.001301365">
        </testcase>
        <testcase classname="tests/bpmn.test.ts" name="compuertas documentadas &gt; marca como en uso exactamente las que aparecen en los diagramas" time="0.00115572">
        </testcase>
        <testcase classname="tests/bpmn.test.ts" name="procesos BPMN documentados &gt; hay diagramas para los cuatro procesos críticos" time="0.00052287">
        </testcase>
        <testcase classname="tests/bpmn.test.ts" name="procesos BPMN documentados &gt; Cobro de campo con link de pago &gt; todos los flujos apuntan a nodos existentes y los nodos a carriles reales" time="0.003200362">
        </testcase>
        <testcase classname="tests/bpmn.test.ts" name="procesos BPMN documentados &gt; Cobro de campo con link de pago &gt; no encima nodos ni cruza flechas por encima de otras figuras" time="0.002723619">
        </testcase>
        <testcase classname="tests/bpmn.test.ts" name="procesos BPMN documentados &gt; Cobro de campo con link de pago &gt; tampoco al transponerlo para el documento vertical" time="0.005262348">
        </testcase>
        <testcase classname="tests/bpmn.test.ts" name="procesos BPMN documentados &gt; Cobro de campo con link de pago &gt; baja al transponerlo, en vez de extenderse a lo ancho" time="0.001930597">
        </testcase>
        <testcase classname="tests/bpmn.test.ts" name="procesos BPMN documentados &gt; Cobro de campo con link de pago &gt; cada nodo participa en al menos un flujo" time="0.001023789">
        </testcase>
        <testcase classname="tests/bpmn.test.ts" name="procesos BPMN documentados &gt; Cobro de campo con link de pago &gt; todo evento de borde se cuelga de una tarea real y no recibe flechas" time="0.000526477">
        </testcase>
        <testcase classname="tests/bpmn.test.ts" name="procesos BPMN documentados &gt; Cobro de campo con link de pago &gt; todo tiempo declarado cita dónde está fijado" time="0.001024671">
        </testcase>
        <testcase classname="tests/bpmn.test.ts" name="procesos BPMN documentados &gt; Cobro de campo con link de pago &gt; toda duración anotada en el diagrama aparece en la tabla de tiempos" time="0.00074968">
        </testcase>
        <testcase classname="tests/bpmn.test.ts" name="procesos BPMN documentados &gt; Cobro de campo con link de pago &gt; tiene exactamente un inicio y al menos un fin" time="0.001092259">
        </testcase>
        <testcase classname="tests/bpmn.test.ts" name="procesos BPMN documentados &gt; Cobro de campo con link de pago &gt; todo camino termina en un evento de fin" time="0.000817188">
        </testcase>
        <testcase classname="tests/bpmn.test.ts" name="procesos BPMN documentados &gt; Cobro de campo con link de pago &gt; todo nodo es alcanzable desde el evento de inicio" time="0.004079958">
        </testcase>
        <testcase classname="tests/bpmn.test.ts" name="procesos BPMN documentados &gt; Cobro de campo con link de pago &gt; toda compuerta abre al menos dos caminos y sus ramas están etiquetadas" time="0.00095051">
        </testcase>
        <testcase classname="tests/bpmn.test.ts" name="procesos BPMN documentados &gt; Cobro de campo con link de pago &gt; las etiquetas caben en su figura" time="0.0017155">
        </testcase>
        <testcase classname="tests/bpmn.test.ts" name="procesos BPMN documentados &gt; Cobro de campo con link de pago &gt; declara dónde está implementado" time="0.003533994">
        </testcase>
        <testcase classname="tests/bpmn.test.ts" name="procesos BPMN documentados &gt; Invitación y acceso al portal de clientes &gt; todos los flujos apuntan a nodos existentes y los nodos a carriles reales" time="0.001331332">
        </testcase>
        <testcase classname="tests/bpmn.test.ts" name="procesos BPMN documentados &gt; Invitación y acceso al portal de clientes &gt; no encima nodos ni cruza flechas por encima de otras figuras" time="0.002410345">
        </testcase>
        <testcase classname="tests/bpmn.test.ts" name="procesos BPMN documentados &gt; Invitación y acceso al portal de clientes &gt; tampoco al transponerlo para el documento vertical" time="0.002331036">
        </testcase>
        <testcase classname="tests/bpmn.test.ts" name="procesos BPMN documentados &gt; Invitación y acceso al portal de clientes &gt; baja al transponerlo, en vez de extenderse a lo ancho" time="0.001478761">
        </testcase>
        <testcase classname="tests/bpmn.test.ts" name="procesos BPMN documentados &gt; Invitación y acceso al portal de clientes &gt; cada nodo participa en al menos un flujo" time="0.000306681">
        </testcase>
        <testcase classname="tests/bpmn.test.ts" name="procesos BPMN documentados &gt; Invitación y acceso al portal de clientes &gt; todo evento de borde se cuelga de una tarea real y no recibe flechas" time="0.000690548">
        </testcase>
        <testcase classname="tests/bpmn.test.ts" name="procesos BPMN documentados &gt; Invitación y acceso al portal de clientes &gt; todo tiempo declarado cita dónde está fijado" time="0.000989294">
        </testcase>
        <testcase classname="tests/bpmn.test.ts" name="procesos BPMN documentados &gt; Invitación y acceso al portal de clientes &gt; toda duración anotada en el diagrama aparece en la tabla de tiempos" time="0.00049081">
        </testcase>
        <testcase classname="tests/bpmn.test.ts" name="procesos BPMN documentados &gt; Invitación y acceso al portal de clientes &gt; tiene exactamente un inicio y al menos un fin" time="0.000516368">
        </testcase>
        <testcase classname="tests/bpmn.test.ts" name="procesos BPMN documentados &gt; Invitación y acceso al portal de clientes &gt; todo camino termina en un evento de fin" time="0.000306029">
        </testcase>
        <testcase classname="tests/bpmn.test.ts" name="procesos BPMN documentados &gt; Invitación y acceso al portal de clientes &gt; todo nodo es alcanzable desde el evento de inicio" time="0.000601449">
        </testcase>
        <testcase classname="tests/bpmn.test.ts" name="procesos BPMN documentados &gt; Invitación y acceso al portal de clientes &gt; toda compuerta abre al menos dos caminos y sus ramas están etiquetadas" time="0.000503875">
        </testcase>
        <testcase classname="tests/bpmn.test.ts" name="procesos BPMN documentados &gt; Invitación y acceso al portal de clientes &gt; las etiquetas caben en su figura" time="0.002695515">
        </testcase>
        <testcase classname="tests/bpmn.test.ts" name="procesos BPMN documentados &gt; Invitación y acceso al portal de clientes &gt; declara dónde está implementado" time="0.000296662">
        </testcase>
        <testcase classname="tests/bpmn.test.ts" name="procesos BPMN documentados &gt; Detección y respuesta de seguridad (micro-SIEM) &gt; todos los flujos apuntan a nodos existentes y los nodos a carriles reales" time="0.000850771">
        </testcase>
        <testcase classname="tests/bpmn.test.ts" name="procesos BPMN documentados &gt; Detección y respuesta de seguridad (micro-SIEM) &gt; no encima nodos ni cruza flechas por encima de otras figuras" time="0.001749103">
        </testcase>
        <testcase classname="tests/bpmn.test.ts" name="procesos BPMN documentados &gt; Detección y respuesta de seguridad (micro-SIEM) &gt; tampoco al transponerlo para el documento vertical" time="0.001832411">
        </testcase>
        <testcase classname="tests/bpmn.test.ts" name="procesos BPMN documentados &gt; Detección y respuesta de seguridad (micro-SIEM) &gt; baja al transponerlo, en vez de extenderse a lo ancho" time="0.009203763">
        </testcase>
        <testcase classname="tests/bpmn.test.ts" name="procesos BPMN documentados &gt; Detección y respuesta de seguridad (micro-SIEM) &gt; cada nodo participa en al menos un flujo" time="0.000334814">
        </testcase>
        <testcase classname="tests/bpmn.test.ts" name="procesos BPMN documentados &gt; Detección y respuesta de seguridad (micro-SIEM) &gt; todo evento de borde se cuelga de una tarea real y no recibe flechas" time="0.000165634">
        </testcase>
        <testcase classname="tests/bpmn.test.ts" name="procesos BPMN documentados &gt; Detección y respuesta de seguridad (micro-SIEM) &gt; todo tiempo declarado cita dónde está fijado" time="0.000709614">
        </testcase>
        <testcase classname="tests/bpmn.test.ts" name="procesos BPMN documentados &gt; Detección y respuesta de seguridad (micro-SIEM) &gt; toda duración anotada en el diagrama aparece en la tabla de tiempos" time="0.000589366">
        </testcase>
        <testcase classname="tests/bpmn.test.ts" name="procesos BPMN documentados &gt; Detección y respuesta de seguridad (micro-SIEM) &gt; tiene exactamente un inicio y al menos un fin" time="0.000507912">
        </testcase>
        <testcase classname="tests/bpmn.test.ts" name="procesos BPMN documentados &gt; Detección y respuesta de seguridad (micro-SIEM) &gt; todo camino termina en un evento de fin" time="0.000272836">
        </testcase>
        <testcase classname="tests/bpmn.test.ts" name="procesos BPMN documentados &gt; Detección y respuesta de seguridad (micro-SIEM) &gt; todo nodo es alcanzable desde el evento de inicio" time="0.000297213">
        </testcase>
        <testcase classname="tests/bpmn.test.ts" name="procesos BPMN documentados &gt; Detección y respuesta de seguridad (micro-SIEM) &gt; toda compuerta abre al menos dos caminos y sus ramas están etiquetadas" time="0.000885107">
        </testcase>
        <testcase classname="tests/bpmn.test.ts" name="procesos BPMN documentados &gt; Detección y respuesta de seguridad (micro-SIEM) &gt; las etiquetas caben en su figura" time="0.001311454">
        </testcase>
        <testcase classname="tests/bpmn.test.ts" name="procesos BPMN documentados &gt; Detección y respuesta de seguridad (micro-SIEM) &gt; declara dónde está implementado" time="0.000252278">
        </testcase>
        <testcase classname="tests/bpmn.test.ts" name="procesos BPMN documentados &gt; Chequeo de monitor, incidente y recuperación &gt; todos los flujos apuntan a nodos existentes y los nodos a carriles reales" time="0.001790982">
        </testcase>
        <testcase classname="tests/bpmn.test.ts" name="procesos BPMN documentados &gt; Chequeo de monitor, incidente y recuperación &gt; no encima nodos ni cruza flechas por encima de otras figuras" time="0.00504216">
        </testcase>
        <testcase classname="tests/bpmn.test.ts" name="procesos BPMN documentados &gt; Chequeo de monitor, incidente y recuperación &gt; tampoco al transponerlo para el documento vertical" time="0.001982796">
        </testcase>
        <testcase classname="tests/bpmn.test.ts" name="procesos BPMN documentados &gt; Chequeo de monitor, incidente y recuperación &gt; baja al transponerlo, en vez de extenderse a lo ancho" time="0.001498018">
        </testcase>
        <testcase classname="tests/bpmn.test.ts" name="procesos BPMN documentados &gt; Chequeo de monitor, incidente y recuperación &gt; cada nodo participa en al menos un flujo" time="0.000362637">
        </testcase>
        <testcase classname="tests/bpmn.test.ts" name="procesos BPMN documentados &gt; Chequeo de monitor, incidente y recuperación &gt; todo evento de borde se cuelga de una tarea real y no recibe flechas" time="0.000447608">
        </testcase>
        <testcase classname="tests/bpmn.test.ts" name="procesos BPMN documentados &gt; Chequeo de monitor, incidente y recuperación &gt; todo tiempo declarado cita dónde está fijado" time="0.000761492">
        </testcase>
        <testcase classname="tests/bpmn.test.ts" name="procesos BPMN documentados &gt; Chequeo de monitor, incidente y recuperación &gt; toda duración anotada en el diagrama aparece en la tabla de tiempos" time="0.000418593">
        </testcase>
        <testcase classname="tests/bpmn.test.ts" name="procesos BPMN documentados &gt; Chequeo de monitor, incidente y recuperación &gt; tiene exactamente un inicio y al menos un fin" time="0.000393626">
        </testcase>
        <testcase classname="tests/bpmn.test.ts" name="procesos BPMN documentados &gt; Chequeo de monitor, incidente y recuperación &gt; todo camino termina en un evento de fin" time="0.000231348">
        </testcase>
        <testcase classname="tests/bpmn.test.ts" name="procesos BPMN documentados &gt; Chequeo de monitor, incidente y recuperación &gt; todo nodo es alcanzable desde el evento de inicio" time="0.000268479">
        </testcase>
        <testcase classname="tests/bpmn.test.ts" name="procesos BPMN documentados &gt; Chequeo de monitor, incidente y recuperación &gt; toda compuerta abre al menos dos caminos y sus ramas están etiquetadas" time="0.000725354">
        </testcase>
        <testcase classname="tests/bpmn.test.ts" name="procesos BPMN documentados &gt; Chequeo de monitor, incidente y recuperación &gt; las etiquetas caben en su figura" time="0.002795405">
        </testcase>
        <testcase classname="tests/bpmn.test.ts" name="procesos BPMN documentados &gt; Chequeo de monitor, incidente y recuperación &gt; declara dónde está implementado" time="0.000266355">
        </testcase>
    </testsuite>
    <testsuite name="tests/capacitacion.test.ts" timestamp="2026-09-01T19:06:27.835Z" hostname="mike-dev" tests="35" failures="0" errors="0" skipped="0" time="0.081201088">
        <testcase classname="tests/capacitacion.test.ts" name="renderMarkdown &gt; escapa el HTML del origen en vez de emitirlo" time="0.008945575">
        </testcase>
        <testcase classname="tests/capacitacion.test.ts" name="renderMarkdown &gt; escapa el HTML también dentro de código y de encabezados" time="0.001983187">
        </testcase>
        <testcase classname="tests/capacitacion.test.ts" name="renderMarkdown &gt; rechaza enlaces con esquemas ejecutables y conserva los de navegación" time="0.002391901">
        </testcase>
        <testcase classname="tests/capacitacion.test.ts" name="renderMarkdown &gt; no confunde un número del texto con un hueco de código" time="0.001665916">
        </testcase>
        <testcase classname="tests/capacitacion.test.ts" name="renderMarkdown &gt; ignora un NUL inyectado en el origen" time="0.000804103">
        </testcase>
        <testcase classname="tests/capacitacion.test.ts" name="renderMarkdown &gt; degrada h1 a h2 para no romper el esquema de encabezados" time="0.000701138">
        </testcase>
        <testcase classname="tests/capacitacion.test.ts" name="renderMarkdown &gt; arma listas, citas, reglas y bloques de código" time="0.001455066">
        </testcase>
        <testcase classname="tests/capacitacion.test.ts" name="renderMarkdown &gt; cierra un bloque de código sin cerrar en vez de tragarse el resto" time="0.000772063">
        </testcase>
        <testcase classname="tests/capacitacion.test.ts" name="renderMarkdown &gt; aplica negrita y cursiva" time="0.001594691">
        </testcase>
        <testcase classname="tests/capacitacion.test.ts" name="renderMarkdown &gt; devuelve cadena vacía sin contenido" time="0.006078984">
        </testcase>
        <testcase classname="tests/capacitacion.test.ts" name="renderMarkdown &gt; escapa comillas para que nada escape de un atributo" time="0.000633019">
        </testcase>
        <testcase classname="tests/capacitacion.test.ts" name="markdownExcerpt &gt; quita el marcado y recorta" time="0.001254005">
        </testcase>
        <testcase classname="tests/capacitacion.test.ts" name="markdownExcerpt &gt; no recorta lo que ya cabe" time="0.000475751">
        </testcase>
        <testcase classname="tests/capacitacion.test.ts" name="slugify &gt; sobrevive a un título en español con tildes y signos" time="0.000964387">
        </testcase>
        <testcase classname="tests/capacitacion.test.ts" name="slugify &gt; no deja guiones sueltos en los extremos ni al recortar" time="0.000596279">
        </testcase>
        <testcase classname="tests/capacitacion.test.ts" name="listas JSON &gt; ida y vuelta desde texto libre" time="0.002249982">
        </testcase>
        <testcase classname="tests/capacitacion.test.ts" name="listas JSON &gt; una lista vacía se guarda como null, no como &quot;[]&quot;" time="0.000489978">
        </testcase>
        <testcase classname="tests/capacitacion.test.ts" name="listas JSON &gt; un campo corrupto devuelve lista vacía en vez de lanzar" time="0.000854689">
        </testcase>
        <testcase classname="tests/capacitacion.test.ts" name="guardas de enumeraciones &gt; solo aceptan los valores del schema" time="0.001128258">
        </testcase>
        <testcase classname="tests/capacitacion.test.ts" name="formatearDuracion &gt; entero sin decimales, fracción con uno" time="0.000537919">
        </testcase>
        <testcase classname="tests/capacitacion.test.ts" name="formatearDuracion &gt; vacío cuando no hay dato" time="0.000386532">
        </testcase>
        <testcase classname="tests/capacitacion.test.ts" name="códigos de grupo &gt; se generan legibles y sin caracteres ambiguos" time="0.023314993">
        </testcase>
        <testcase classname="tests/capacitacion.test.ts" name="códigos de grupo &gt; normaliza lo que teclea el asistente" time="0.000746054">
        </testcase>
        <testcase classname="tests/capacitacion.test.ts" name="códigos de grupo &gt; rechaza formas imposibles antes de tocar la base" time="0.000881109">
        </testcase>
        <testcase classname="tests/capacitacion.test.ts" name="pase firmado &gt; se verifica el que se firmó" time="0.002521356">
        </testcase>
        <testcase classname="tests/capacitacion.test.ts" name="pase firmado &gt; no vale con otro secreto" time="0.001137846">
        </testcase>
        <testcase classname="tests/capacitacion.test.ts" name="pase firmado &gt; no vale sin secreto configurado" time="0.000856593">
        </testcase>
        <testcase classname="tests/capacitacion.test.ts" name="pase firmado &gt; no se puede alargar la vigencia manipulando el payload" time="0.001188241">
        </testcase>
        <testcase classname="tests/capacitacion.test.ts" name="pase firmado &gt; no se puede cambiar de cohorte reescribiendo el id" time="0.001670324">
        </testcase>
        <testcase classname="tests/capacitacion.test.ts" name="pase firmado &gt; rechaza tokens malformados sin lanzar" time="0.000903652">
        </testcase>
        <testcase classname="tests/capacitacion.test.ts" name="codigoUtilizable &gt; sirve el vigente y sin tope alcanzado" time="0.000664598">
        </testcase>
        <testcase classname="tests/capacitacion.test.ts" name="codigoUtilizable &gt; no sirve revocado, vencido ni con el cupo agotado" time="0.000621758">
        </testcase>
        <testcase classname="tests/capacitacion.test.ts" name="codigoUtilizable &gt; no sirve si no existe" time="0.000415037">
        </testcase>
        <testcase classname="tests/capacitacion.test.ts" name="visibilidadesVisibles &gt; el borrador no sale nunca, con pase o sin él" time="0.001476707">
        </testcase>
        <testcase classname="tests/capacitacion.test.ts" name="isTrainingAccessPath &gt; solo cubre el canje, no el banco entero" time="0.000704625">
        </testcase>
    </testsuite>
    <testsuite name="tests/chaos.test.ts" timestamp="2026-09-01T19:06:27.846Z" hostname="mike-dev" tests="12" failures="0" errors="0" skipped="0" time="0.021141746">
        <testcase classname="tests/chaos.test.ts" name="routeMatches &gt; coincidencia exacta" time="0.005009509">
        </testcase>
        <testcase classname="tests/chaos.test.ts" name="routeMatches &gt; comodín /* cubre la ruta base y sus hijas, no prefijos ajenos" time="0.001036613">
        </testcase>
        <testcase classname="tests/chaos.test.ts" name="routeMatches &gt; comodín simple * es prefijo" time="0.000630635">
        </testcase>
        <testcase classname="tests/chaos.test.ts" name="isProtectedRoute &gt; protege admin, api/admin y api/auth (exacto y sub-rutas)" time="0.001073684">
        </testcase>
        <testcase classname="tests/chaos.test.ts" name="isProtectedRoute &gt; no protege rutas públicas" time="0.002186211">
        </testcase>
        <testcase classname="tests/chaos.test.ts" name="pickChaos &gt; elige el flag vigente que aplica a la ruta" time="0.001030301">
        </testcase>
        <testcase classname="tests/chaos.test.ts" name="pickChaos &gt; NUNCA aplica caos a rutas protegidas aunque el flag las apunte" time="0.000748858">
        </testcase>
        <testcase classname="tests/chaos.test.ts" name="pickChaos &gt; ignora flags expirados" time="0.000504396">
        </testcase>
        <testcase classname="tests/chaos.test.ts" name="pickChaos &gt; sin flags no hay caos" time="0.00118824">
        </testcase>
        <testcase classname="tests/chaos.test.ts" name="clampExpiry &gt; acota el TTL al máximo (15 min)" time="0.000743428">
        </testcase>
        <testcase classname="tests/chaos.test.ts" name="clampExpiry &gt; impone un piso de 5s para TTLs inválidos o diminutos" time="0.000562025">
        </testcase>
        <testcase classname="tests/chaos.test.ts" name="clampExpiry &gt; respeta un TTL normal" time="0.000327771">
        </testcase>
    </testsuite>
    <testsuite name="tests/clients-validate.test.ts" timestamp="2026-09-01T19:06:27.850Z" hostname="mike-dev" tests="14" failures="0" errors="0" skipped="0" time="0.04218196">
        <testcase classname="tests/clients-validate.test.ts" name="validateClient &gt; acepta lo mínimo y deja el resto en null" time="0.012500418">
        </testcase>
        <testcase classname="tests/clients-validate.test.ts" name="validateClient &gt; exige nombre" time="0.00094503">
        </testcase>
        <testcase classname="tests/clients-validate.test.ts" name="validateClient &gt; teléfono &gt; guarda en E.164 aunque venga escrito a mano" time="0.001658702">
        </testcase>
        <testcase classname="tests/clients-validate.test.ts" name="validateClient &gt; teléfono &gt; rechaza un número inválido en vez de guardarlo torcido" time="0.000986899">
        </testcase>
        <testcase classname="tests/clients-validate.test.ts" name="validateClient &gt; teléfono &gt; vacío es null, no error" time="0.000708692">
        </testcase>
        <testcase classname="tests/clients-validate.test.ts" name="validateClient &gt; logo &gt; acepta https" time="0.000724653">
        </testcase>
        <testcase classname="tests/clients-validate.test.ts" name="validateClient &gt; logo &gt; rechaza esquemas que no sean https" time="0.001476647">
        </testcase>
        <testcase classname="tests/clients-validate.test.ts" name="validateClient &gt; logo &gt; rechaza una URL que no parsea" time="0.000714904">
        </testcase>
        <testcase classname="tests/clients-validate.test.ts" name="validateClient &gt; datos de facturación &gt; serializa a JSON conservando el orden de las claves" time="0.001444857">
        </testcase>
        <testcase classname="tests/clients-validate.test.ts" name="validateClient &gt; datos de facturación &gt; descarta pares a medio llenar y devuelve null si no queda ninguno" time="0.000990877">
        </testcase>
        <testcase classname="tests/clients-validate.test.ts" name="validateClient &gt; datos de facturación &gt; colapsa saltos de línea y caracteres de control" time="0.000856202">
        </testcase>
        <testcase classname="tests/clients-validate.test.ts" name="validateClient &gt; datos de facturación &gt; limita cantidad y longitud" time="0.002128482">
        </testcase>
        <testcase classname="tests/clients-validate.test.ts" name="validateClient &gt; datos de facturación &gt; rechaza un tipo que no sea objeto" time="0.000845051">
        </testcase>
        <testcase classname="tests/clients-validate.test.ts" name="validateClient &gt; datos de facturación &gt; null y cadena vacía son ausencia, no error" time="0.000637017">
        </testcase>
    </testsuite>
    <testsuite name="tests/cobros-db.test.ts" timestamp="2026-09-01T19:06:27.855Z" hostname="mike-dev" tests="21" failures="0" errors="0" skipped="0" time="2.371053484">
        <testcase classname="tests/cobros-db.test.ts" name="createCobro &gt; crea un cobro con código, vencimiento y teléfono" time="0.121608048">
        </testcase>
        <testcase classname="tests/cobros-db.test.ts" name="createCobro &gt; vincula la ficha del CRM cuando el teléfono coincide" time="0.104294483">
        </testcase>
        <testcase classname="tests/cobros-db.test.ts" name="createCobro &gt; no vincula ni crea ficha si el teléfono no está en el CRM" time="0.111846157">
        </testcase>
        <testcase classname="tests/cobros-db.test.ts" name="createCobro &gt; sin vencimiento cuando se pide &quot;never&quot;" time="0.094090535">
        </testcase>
        <testcase classname="tests/cobros-db.test.ts" name="createCobro &gt; doble clic en Confirmar NO crea dos cobros" time="0.095607609">
        </testcase>
        <testcase classname="tests/cobros-db.test.ts" name="createCobro &gt; un replay NO reasigna el código: el link ya enviado sigue sirviendo" time="0.09730315">
        </testcase>
        <testcase classname="tests/cobros-db.test.ts" name="createCobro &gt; la misma clave con otro monto es conflicto, no un cobro por el valor viejo" time="0.091422">
        </testcase>
        <testcase classname="tests/cobros-db.test.ts" name="createCobro &gt; genera códigos distintos para cobros distintos" time="0.131138901">
        </testcase>
        <testcase classname="tests/cobros-db.test.ts" name="findByShortCode &gt; devuelve null para un código que no existe" time="0.042295676">
        </testcase>
        <testcase classname="tests/cobros-db.test.ts" name="findClientByPhone &gt; compara en forma canónica E.164" time="0.055996668">
        </testcase>
        <testcase classname="tests/cobros-db.test.ts" name="listCobros &gt; solo lista cobros de campo, no los pagos de /pay" time="0.115825796">
        </testcase>
        <testcase classname="tests/cobros-db.test.ts" name="listCobros &gt; con onlyOpen deja fuera los terminales" time="0.165923369">
        </testcase>
        <testcase classname="tests/cobros-db.test.ts" name="listCobros &gt; trae el nombre del cliente vinculado" time="0.104752241">
        </testcase>
        <testcase classname="tests/cobros-db.test.ts" name="voidCobro &gt; anula un cobro pendiente y lo deja registrado como evidencia" time="0.123588399">
        </testcase>
        <testcase classname="tests/cobros-db.test.ts" name="voidCobro &gt; anular dos veces no rompe: la máquina lo frena" time="0.1576459">
        </testcase>
        <testcase classname="tests/cobros-db.test.ts" name="voidCobro &gt; un cobro ya pagado sí se puede anular (reembolso manual)" time="0.150716145">
        </testcase>
        <testcase classname="tests/cobros-db.test.ts" name="voidCobro &gt; una referencia inexistente no revienta" time="0.038340514">
        </testcase>
        <testcase classname="tests/cobros-db.test.ts" name="historyForPhone &gt; devuelve solo los cobros de ESE teléfono" time="0.14148571">
        </testcase>
        <testcase classname="tests/cobros-db.test.ts" name="historyForPhone &gt; no incluye los pagos sueltos de /pay aunque compartan teléfono" time="0.063559723">
        </testcase>
        <testcase classname="tests/cobros-db.test.ts" name="distinctPhones &gt; lista cada teléfono una sola vez" time="0.218720747">
        </testcase>
        <testcase classname="tests/cobros-db.test.ts" name="distinctPhones &gt; ignora los pagos sin teléfono" time="0.059069448">
        </testcase>
    </testsuite>
    <testsuite name="tests/cobros.test.ts" timestamp="2026-09-01T19:06:27.861Z" hostname="mike-dev" tests="22" failures="0" errors="0" skipped="0" time="0.183033668">
        <testcase classname="tests/cobros.test.ts" name="newShortCode &gt; genera códigos de 6 chars del alfabeto sin ambiguos" time="0.037479793">
        </testcase>
        <testcase classname="tests/cobros.test.ts" name="newShortCode &gt; no repite en un volumen razonable (entropía real, no Math.random)" time="0.040240202">
        </testcase>
        <testcase classname="tests/cobros.test.ts" name="isValidShortCode &gt; filtra sondeos antes de tocar la BD" time="0.001252463">
        </testcase>
        <testcase classname="tests/cobros.test.ts" name="historyToken / verifyHistoryToken &gt; es determinista para el mismo teléfono y secreto" time="0.003963127">
        </testcase>
        <testcase classname="tests/cobros.test.ts" name="historyToken / verifyHistoryToken &gt; cambia con el teléfono y con el secreto" time="0.005078921">
        </testcase>
        <testcase classname="tests/cobros.test.ts" name="historyToken / verifyHistoryToken &gt; verifica el token correcto y rechaza todo lo demás" time="0.004319762">
        </testcase>
        <testcase classname="tests/cobros.test.ts" name="historyToken / verifyHistoryToken &gt; un token de longitud distinta no revienta la comparación" time="0.002519101">
        </testcase>
        <testcase classname="tests/cobros.test.ts" name="phoneRef &gt; es opaco: no contiene el teléfono" time="0.001278271">
        </testcase>
        <testcase classname="tests/cobros.test.ts" name="phoneRef &gt; es determinista y distinto del token del historial" time="0.001759062">
        </testcase>
        <testcase classname="tests/cobros.test.ts" name="expiryDate / isValidExpiry &gt; calcula el vencimiento desde una fecha base" time="0.001886964">
        </testcase>
        <testcase classname="tests/cobros.test.ts" name="expiryDate / isValidExpiry &gt; valida la opción antes de usarla" time="0.00090799">
        </testcase>
        <testcase classname="tests/cobros.test.ts" name="isExpired &gt; vence solo lo pendiente y pasado de fecha" time="0.000904112">
        </testcase>
        <testcase classname="tests/cobros.test.ts" name="isExpired &gt; un pago aprobado NUNCA se marca vencido aunque pase la fecha" time="0.000564118">
        </testcase>
        <testcase classname="tests/cobros.test.ts" name="isExpired &gt; el vencimiento exacto ya no permite pagar" time="0.000561643">
        </testcase>
        <testcase classname="tests/cobros.test.ts" name="timeLeft &gt; describe el tiempo restante en unidades legibles" time="0.001046533">
        </testcase>
        <testcase classname="tests/cobros.test.ts" name="fmtCOP &gt; formatea en pesos colombianos" time="0.051119479">
        </testcase>
        <testcase classname="tests/cobros.test.ts" name="fmtCOP &gt; muestra decimales solo cuando existen, con dos cifras" time="0.000666693">
        </testcase>
        <testcase classname="tests/cobros.test.ts" name="maskAmount &gt; deja ver solo los últimos 3 dígitos" time="0.000535034">
        </testcase>
        <testcase classname="tests/cobros.test.ts" name="buildWhatsAppMessage &gt; incluye monto, link de pago e historial" time="0.01308736">
        </testcase>
        <testcase classname="tests/cobros.test.ts" name="buildWhatsAppMessage &gt; saluda por nombre cuando el cliente está en el CRM" time="0.001535669">
        </testcase>
        <testcase classname="tests/cobros.test.ts" name="buildWhatsAppMessage &gt; incluye el concepto cuando se da" time="0.001670113">
        </testcase>
        <testcase classname="tests/cobros.test.ts" name="buildWhatsAppMessage &gt; menciona el vencimiento solo si existe" time="0.001404501">
        </testcase>
    </testsuite>
    <testsuite name="tests/contracts.test.ts" timestamp="2026-09-01T19:06:27.870Z" hostname="mike-dev" tests="5" failures="0" errors="0" skipped="0" time="2.069074279">
        <testcase classname="tests/contracts.test.ts" name="contrato · GET /api/health &gt; cumple el shape publicado" time="0.142331401">
        </testcase>
        <testcase classname="tests/contracts.test.ts" name="contrato · POST /api/payments/checkout &gt; cumple el shape publicado (modo mock, sin llaves Wompi)" time="0.153022001">
        </testcase>
        <testcase classname="tests/contracts.test.ts" name="contrato · GET /api/status/latency &gt; cumple el shape publicado" time="0.032905689">
        </testcase>
        <testcase classname="tests/contracts.test.ts" name="contrato · GET /api/admin/lab/slo &gt; cumple el shape publicado" time="0.072116982">
        </testcase>
        <testcase classname="tests/contracts.test.ts" name="contrato · el test SÍ detecta una ruptura real &gt; un campo renombrado hace fallar el schema (no un test vacío)" time="0.003886512">
        </testcase>
    </testsuite>
    <testsuite name="tests/crons.test.ts" timestamp="2026-09-01T19:06:27.872Z" hostname="mike-dev" tests="42" failures="0" errors="0" skipped="0" time="0.048545714">
        <testcase classname="tests/crons.test.ts" name="crons declarados en vercel.json &gt; hay crons declarados (si no, este test no prueba nada)" time="0.004479125">
        </testcase>
        <testcase classname="tests/crons.test.ts" name="crons declarados en vercel.json &gt; /api/cron/backup existe como ruta" time="0.001260457">
        </testcase>
        <testcase classname="tests/crons.test.ts" name="crons declarados en vercel.json &gt; /api/cron/domain-check existe como ruta" time="0.000615035">
        </testcase>
        <testcase classname="tests/crons.test.ts" name="crons declarados en vercel.json &gt; /api/cron/uptime-check existe como ruta" time="0.000711347">
        </testcase>
        <testcase classname="tests/crons.test.ts" name="crons declarados en vercel.json &gt; /api/cron/indexnow existe como ruta" time="0.000642226">
        </testcase>
        <testcase classname="tests/crons.test.ts" name="crons declarados en vercel.json &gt; /api/cron/invoices-overdue existe como ruta" time="0.000579347">
        </testcase>
        <testcase classname="tests/crons.test.ts" name="crons declarados en vercel.json &gt; /api/cron/portal-demo-reseed existe como ruta" time="0.000755411">
        </testcase>
        <testcase classname="tests/crons.test.ts" name="crons declarados en vercel.json &gt; /api/cron/monitor-rollup existe como ruta" time="0.00092397">
        </testcase>
        <testcase classname="tests/crons.test.ts" name="crons declarados en vercel.json &gt; /api/cron/backup exporta un handler GET" time="0.001819877">
        </testcase>
        <testcase classname="tests/crons.test.ts" name="crons declarados en vercel.json &gt; /api/cron/domain-check exporta un handler GET" time="0.000920584">
        </testcase>
        <testcase classname="tests/crons.test.ts" name="crons declarados en vercel.json &gt; /api/cron/uptime-check exporta un handler GET" time="0.000758086">
        </testcase>
        <testcase classname="tests/crons.test.ts" name="crons declarados en vercel.json &gt; /api/cron/indexnow exporta un handler GET" time="0.000484508">
        </testcase>
        <testcase classname="tests/crons.test.ts" name="crons declarados en vercel.json &gt; /api/cron/invoices-overdue exporta un handler GET" time="0.000493545">
        </testcase>
        <testcase classname="tests/crons.test.ts" name="crons declarados en vercel.json &gt; /api/cron/portal-demo-reseed exporta un handler GET" time="0.000437328">
        </testcase>
        <testcase classname="tests/crons.test.ts" name="crons declarados en vercel.json &gt; /api/cron/monitor-rollup exporta un handler GET" time="0.00046445">
        </testcase>
        <testcase classname="tests/crons.test.ts" name="crons declarados en vercel.json &gt; /api/cron/backup no cuelga del gate de sesión de /api/admin" time="0.000531566">
        </testcase>
        <testcase classname="tests/crons.test.ts" name="crons declarados en vercel.json &gt; /api/cron/domain-check no cuelga del gate de sesión de /api/admin" time="0.000373858">
        </testcase>
        <testcase classname="tests/crons.test.ts" name="crons declarados en vercel.json &gt; /api/cron/uptime-check no cuelga del gate de sesión de /api/admin" time="0.000272166">
        </testcase>
        <testcase classname="tests/crons.test.ts" name="crons declarados en vercel.json &gt; /api/cron/indexnow no cuelga del gate de sesión de /api/admin" time="0.000266475">
        </testcase>
        <testcase classname="tests/crons.test.ts" name="crons declarados en vercel.json &gt; /api/cron/invoices-overdue no cuelga del gate de sesión de /api/admin" time="0.000319004">
        </testcase>
        <testcase classname="tests/crons.test.ts" name="crons declarados en vercel.json &gt; /api/cron/portal-demo-reseed no cuelga del gate de sesión de /api/admin" time="0.000256596">
        </testcase>
        <testcase classname="tests/crons.test.ts" name="crons declarados en vercel.json &gt; /api/cron/monitor-rollup no cuelga del gate de sesión de /api/admin" time="0.000210048">
        </testcase>
        <testcase classname="tests/crons.test.ts" name="crons declarados en vercel.json &gt; /api/cron/backup valida el secreto con cronSecretOk" time="0.000519244">
        </testcase>
        <testcase classname="tests/crons.test.ts" name="crons declarados en vercel.json &gt; /api/cron/domain-check valida el secreto con cronSecretOk" time="0.000422751">
        </testcase>
        <testcase classname="tests/crons.test.ts" name="crons declarados en vercel.json &gt; /api/cron/uptime-check valida el secreto con cronSecretOk" time="0.004648295">
        </testcase>
        <testcase classname="tests/crons.test.ts" name="crons declarados en vercel.json &gt; /api/cron/indexnow valida el secreto con cronSecretOk" time="0.0004382">
        </testcase>
        <testcase classname="tests/crons.test.ts" name="crons declarados en vercel.json &gt; /api/cron/invoices-overdue valida el secreto con cronSecretOk" time="0.000404146">
        </testcase>
        <testcase classname="tests/crons.test.ts" name="crons declarados en vercel.json &gt; /api/cron/portal-demo-reseed valida el secreto con cronSecretOk" time="0.000342969">
        </testcase>
        <testcase classname="tests/crons.test.ts" name="crons declarados en vercel.json &gt; /api/cron/monitor-rollup valida el secreto con cronSecretOk" time="0.000493424">
        </testcase>
        <testcase classname="tests/crons.test.ts" name="crons declarados en vercel.json &gt; /api/cron/backup no compara el secreto con !==" time="0.000608302">
        </testcase>
        <testcase classname="tests/crons.test.ts" name="crons declarados en vercel.json &gt; /api/cron/domain-check no compara el secreto con !==" time="0.001002148">
        </testcase>
        <testcase classname="tests/crons.test.ts" name="crons declarados en vercel.json &gt; /api/cron/uptime-check no compara el secreto con !==" time="0.000558638">
        </testcase>
        <testcase classname="tests/crons.test.ts" name="crons declarados en vercel.json &gt; /api/cron/indexnow no compara el secreto con !==" time="0.000368078">
        </testcase>
        <testcase classname="tests/crons.test.ts" name="crons declarados en vercel.json &gt; /api/cron/invoices-overdue no compara el secreto con !==" time="0.000360774">
        </testcase>
        <testcase classname="tests/crons.test.ts" name="crons declarados en vercel.json &gt; /api/cron/portal-demo-reseed no compara el secreto con !==" time="0.000293125">
        </testcase>
        <testcase classname="tests/crons.test.ts" name="crons declarados en vercel.json &gt; /api/cron/monitor-rollup no compara el secreto con !==" time="0.000292384">
        </testcase>
        <testcase classname="tests/crons.test.ts" name="cronSecretOk &gt; acepta el header bien formado" time="0.001565205">
        </testcase>
        <testcase classname="tests/crons.test.ts" name="cronSecretOk &gt; rechaza el secreto sin el prefijo Bearer" time="0.0005226">
        </testcase>
        <testcase classname="tests/crons.test.ts" name="cronSecretOk &gt; rechaza un secreto distinto de la misma longitud" time="0.000514184">
        </testcase>
        <testcase classname="tests/crons.test.ts" name="cronSecretOk &gt; rechaza header ausente o vacío" time="0.000537558">
        </testcase>
        <testcase classname="tests/crons.test.ts" name="cronSecretOk &gt; no lanza con headers de cualquier longitud" time="0.003126422">
        </testcase>
        <testcase classname="tests/crons.test.ts" name="cronSecretOk &gt; rechaza todo si no hay secreto en el entorno" time="0.000796628">
        </testcase>
    </testsuite>
    <testsuite name="tests/crypto.test.ts" timestamp="2026-09-01T19:06:27.887Z" hostname="mike-dev" tests="8" failures="0" errors="0" skipped="0" time="0.026946872">
        <testcase classname="tests/crypto.test.ts" name="crypto (AES-256-GCM) &gt; roundtrip: encrypt → decrypt devuelve el texto original" time="0.007711517">
        </testcase>
        <testcase classname="tests/crypto.test.ts" name="crypto (AES-256-GCM) &gt; el mismo texto produce ciphertexts distintos (IV aleatorio)" time="0.002464859">
        </testcase>
        <testcase classname="tests/crypto.test.ts" name="crypto (AES-256-GCM) &gt; isEncrypted reconoce el formato iv:tag:datos" time="0.001411083">
        </testcase>
        <testcase classname="tests/crypto.test.ts" name="crypto (AES-256-GCM) &gt; decrypt deja pasar valores legacy sin cifrar" time="0.001084985">
        </testcase>
        <testcase classname="tests/crypto.test.ts" name="crypto (AES-256-GCM) &gt; un ciphertext manipulado no descifra (integridad GCM)" time="0.003685652">
        </testcase>
        <testcase classname="tests/crypto.test.ts" name="crypto (AES-256-GCM) &gt; falla claro si ENCRYPTION_KEY es inválida" time="0.001341791">
        </testcase>
        <testcase classname="tests/crypto.test.ts" name="crypto (AES-256-GCM) &gt; encryptJson/decryptJson roundtrip de objetos" time="0.002453958">
        </testcase>
        <testcase classname="tests/crypto.test.ts" name="crypto (AES-256-GCM) &gt; decryptJson devuelve {} para vacío, null o corrupto" time="0.001366227">
        </testcase>
    </testsuite>
    <testsuite name="tests/cuenta-cobro-pdf.test.ts" timestamp="2026-09-01T19:06:27.890Z" hostname="mike-dev" tests="10" failures="0" errors="0" skipped="0" time="0.500187665">
        <testcase classname="tests/cuenta-cobro-pdf.test.ts" name="sanitize &gt; conserva las tildes y la ñ: son WinAnsi válido" time="0.004937873">
        </testcase>
        <testcase classname="tests/cuenta-cobro-pdf.test.ts" name="sanitize &gt; degrada la tipografía fina a ASCII en vez de romperse" time="0.001231302">
        </testcase>
        <testcase classname="tests/cuenta-cobro-pdf.test.ts" name="sanitize &gt; convierte el espacio duro que mete Intl en un espacio normal" time="0.000672163">
        </testcase>
        <testcase classname="tests/cuenta-cobro-pdf.test.ts" name="sanitize &gt; descarta emojis y caracteres de control sin descartar el texto" time="0.000653077">
        </testcase>
        <testcase classname="tests/cuenta-cobro-pdf.test.ts" name="sanitize &gt; null y undefined dan cadena vacía, no &quot;null&quot;" time="0.000843709">
        </testcase>
        <testcase classname="tests/cuenta-cobro-pdf.test.ts" name="generateCuentaCobroPdf &gt; genera un PDF de una sola página" time="0.32606211">
        </testcase>
        <testcase classname="tests/cuenta-cobro-pdf.test.ts" name="generateCuentaCobroPdf &gt; sobrevive a texto sucio en cada campo libre" time="0.041934241">
        </testcase>
        <testcase classname="tests/cuenta-cobro-pdf.test.ts" name="generateCuentaCobroPdf &gt; no se rompe con los campos opcionales vacíos" time="0.029151668">
        </testcase>
        <testcase classname="tests/cuenta-cobro-pdf.test.ts" name="generateCuentaCobroPdf &gt; sigue siendo de una página aunque se pasen más líneas de las que caben" time="0.053105592">
        </testcase>
        <testcase classname="tests/cuenta-cobro-pdf.test.ts" name="generateCuentaCobroPdf &gt; un importe grande no desborda la línea del valor en letras" time="0.03464336">
        </testcase>
    </testsuite>
    <testsuite name="tests/cuentas-cobro-db.test.ts" timestamp="2026-09-01T19:06:27.893Z" hostname="mike-dev" tests="24" failures="0" errors="0" skipped="0" time="7.829151782">
        <testcase classname="tests/cuentas-cobro-db.test.ts" name="numeración &gt; usa una serie CC- propia, correlativa por año" time="0.317546512">
        </testcase>
        <testcase classname="tests/cuentas-cobro-db.test.ts" name="numeración &gt; no comparte consecutivo con las facturas del portal" time="0.292741818">
        </testcase>
        <testcase classname="tests/cuentas-cobro-db.test.ts" name="numeración &gt; el UNIQUE corta la carrera y el reintento asigna números distintos" time="0.418750762">
        </testcase>
        <testcase classname="tests/cuentas-cobro-db.test.ts" name="aislamiento factura / cuenta de cobro &gt; el panel de facturas no ve las cuentas de cobro" time="0.283944644">
        </testcase>
        <testcase classname="tests/cuentas-cobro-db.test.ts" name="aislamiento factura / cuenta de cobro &gt; el panel de cuentas de cobro no ve las facturas" time="0.303721124">
        </testcase>
        <testcase classname="tests/cuentas-cobro-db.test.ts" name="aislamiento factura / cuenta de cobro &gt; los contadores de cada listado tampoco se mezclan" time="0.311044335">
        </testcase>
        <testcase classname="tests/cuentas-cobro-db.test.ts" name="aislamiento factura / cuenta de cobro &gt; una cuenta de cobro no se puede leer como si fuera factura" time="0.314801231">
        </testcase>
        <testcase classname="tests/cuentas-cobro-db.test.ts" name="totales &gt; guarda subtotal, retenciones y neto calculados en el servidor" time="0.253567413">
        </testcase>
        <testcase classname="tests/cuentas-cobro-db.test.ts" name="totales &gt; el IVA queda en cero aunque la retención no aplique" time="0.260802147">
        </testcase>
        <testcase classname="tests/cuentas-cobro-db.test.ts" name="totales &gt; recalcula al actualizar el borrador" time="0.339300658">
        </testcase>
        <testcase classname="tests/cuentas-cobro-db.test.ts" name="emisión &gt; congela emisor y deudor en la fila" time="0.361483646">
        </testcase>
        <testcase classname="tests/cuentas-cobro-db.test.ts" name="emisión &gt; cambiar los datos del emisor NO altera una cuenta ya emitida" time="0.470912543">
        </testcase>
        <testcase classname="tests/cuentas-cobro-db.test.ts" name="emisión &gt; rechaza emitir sin NIT del deudor y devuelve todos los faltantes" time="0.275852985">
        </testcase>
        <testcase classname="tests/cuentas-cobro-db.test.ts" name="emisión &gt; rechaza emitir si faltan datos del emisor" time="0.534001214">
        </testcase>
        <testcase classname="tests/cuentas-cobro-db.test.ts" name="emisión &gt; rechaza emitir sin concepto detallado" time="0.280579507">
        </testcase>
        <testcase classname="tests/cuentas-cobro-db.test.ts" name="emisión &gt; emitir dos veces es un no-op seguro" time="0.319524706">
        </testcase>
        <testcase classname="tests/cuentas-cobro-db.test.ts" name="emisión &gt; aplica las tarifas vigentes en el momento de emitir, no las del borrador" time="0.455085863">
        </testcase>
        <testcase classname="tests/cuentas-cobro-db.test.ts" name="inmutabilidad &gt; una cuenta emitida no acepta cambios en sus líneas" time="0.26992745">
        </testcase>
        <testcase classname="tests/cuentas-cobro-db.test.ts" name="inmutabilidad &gt; una cuenta pagada tampoco" time="0.282039122">
        </testcase>
        <testcase classname="tests/cuentas-cobro-db.test.ts" name="inmutabilidad &gt; una cuenta pagada no se anula" time="0.21846479">
        </testcase>
        <testcase classname="tests/cuentas-cobro-db.test.ts" name="inmutabilidad &gt; una cuenta anulada no se marca pagada" time="0.297957724">
        </testcase>
        <testcase classname="tests/cuentas-cobro-db.test.ts" name="topeIvaDelAnio &gt; suma lo emitido y lo compara contra 3.500 UVT" time="0.322421813">
        </testcase>
        <testcase classname="tests/cuentas-cobro-db.test.ts" name="topeIvaDelAnio &gt; no cuenta borradores ni anuladas: no son documentos vivos" time="0.29668374">
        </testcase>
        <testcase classname="tests/cuentas-cobro-db.test.ts" name="topeIvaDelAnio &gt; se dispara la alerta al acercarse al tope" time="0.206664959">
        </testcase>
    </testsuite>
    <testsuite name="tests/cuentas-cobro.test.ts" timestamp="2026-09-01T19:06:27.903Z" hostname="mike-dev" tests="71" failures="0" errors="0" skipped="0" time="0.064614581">
        <testcase classname="tests/cuentas-cobro.test.ts" name="numeroALetras &gt; 0 → cero" time="0.006858782">
        </testcase>
        <testcase classname="tests/cuentas-cobro.test.ts" name="numeroALetras &gt; 1 → un" time="0.000865049">
        </testcase>
        <testcase classname="tests/cuentas-cobro.test.ts" name="numeroALetras &gt; 7 → siete" time="0.00048065">
        </testcase>
        <testcase classname="tests/cuentas-cobro.test.ts" name="numeroALetras &gt; 15 → quince" time="0.000680639">
        </testcase>
        <testcase classname="tests/cuentas-cobro.test.ts" name="numeroALetras &gt; 16 → dieciséis" time="0.000524633">
        </testcase>
        <testcase classname="tests/cuentas-cobro.test.ts" name="numeroALetras &gt; 20 → veinte" time="0.000423472">
        </testcase>
        <testcase classname="tests/cuentas-cobro.test.ts" name="numeroALetras &gt; 21 → veintiún" time="0.000572785">
        </testcase>
        <testcase classname="tests/cuentas-cobro.test.ts" name="numeroALetras &gt; 22 → veintidós" time="0.000417722">
        </testcase>
        <testcase classname="tests/cuentas-cobro.test.ts" name="numeroALetras &gt; 30 → treinta" time="0.002098435">
        </testcase>
        <testcase classname="tests/cuentas-cobro.test.ts" name="numeroALetras &gt; 31 → treinta y un" time="0.000691711">
        </testcase>
        <testcase classname="tests/cuentas-cobro.test.ts" name="numeroALetras &gt; 99 → noventa y nueve" time="0.000601749">
        </testcase>
        <testcase classname="tests/cuentas-cobro.test.ts" name="numeroALetras &gt; 100 → cien" time="0.000259371">
        </testcase>
        <testcase classname="tests/cuentas-cobro.test.ts" name="numeroALetras &gt; 101 → ciento un" time="0.000203585">
        </testcase>
        <testcase classname="tests/cuentas-cobro.test.ts" name="numeroALetras &gt; 115 → ciento quince" time="0.000222983">
        </testcase>
        <testcase classname="tests/cuentas-cobro.test.ts" name="numeroALetras &gt; 200 → doscientos" time="0.000252428">
        </testcase>
        <testcase classname="tests/cuentas-cobro.test.ts" name="numeroALetras &gt; 500 → quinientos" time="0.000349082">
        </testcase>
        <testcase classname="tests/cuentas-cobro.test.ts" name="numeroALetras &gt; 700 → setecientos" time="0.000270913">
        </testcase>
        <testcase classname="tests/cuentas-cobro.test.ts" name="numeroALetras &gt; 900 → novecientos" time="0.000660671">
        </testcase>
        <testcase classname="tests/cuentas-cobro.test.ts" name="numeroALetras &gt; 1000 → mil" time="0.000347378">
        </testcase>
        <testcase classname="tests/cuentas-cobro.test.ts" name="numeroALetras &gt; 1001 → mil un" time="0.00054907">
        </testcase>
        <testcase classname="tests/cuentas-cobro.test.ts" name="numeroALetras &gt; 2000 → dos mil" time="0.000285892">
        </testcase>
        <testcase classname="tests/cuentas-cobro.test.ts" name="numeroALetras &gt; 21000 → veintiún mil" time="0.000301351">
        </testcase>
        <testcase classname="tests/cuentas-cobro.test.ts" name="numeroALetras &gt; 100000 → cien mil" time="0.000419846">
        </testcase>
        <testcase classname="tests/cuentas-cobro.test.ts" name="numeroALetras &gt; 121000 → ciento veintiún mil" time="0.00032736">
        </testcase>
        <testcase classname="tests/cuentas-cobro.test.ts" name="numeroALetras &gt; 1000000 → un millón" time="0.000262959">
        </testcase>
        <testcase classname="tests/cuentas-cobro.test.ts" name="numeroALetras &gt; 2000000 → dos millones" time="0.000296342">
        </testcase>
        <testcase classname="tests/cuentas-cobro.test.ts" name="numeroALetras &gt; 2500000 → dos millones quinientos mil" time="0.000337579">
        </testcase>
        <testcase classname="tests/cuentas-cobro.test.ts" name="numeroALetras &gt; 21000000 → veintiún millones" time="0.000293235">
        </testcase>
        <testcase classname="tests/cuentas-cobro.test.ts" name="numeroALetras &gt; 1500750 → un millón quinientos mil setecientos cincuenta" time="0.000322701">
        </testcase>
        <testcase classname="tests/cuentas-cobro.test.ts" name="numeroALetras &gt; 183309000 → ciento ochenta y tres millones trescientos nueve mil" time="0.000313063">
        </testcase>
        <testcase classname="tests/cuentas-cobro.test.ts" name="numeroALetras &gt; rechaza negativos y valores fuera de rango en vez de devolver basura" time="0.003336691">
        </testcase>
        <testcase classname="tests/cuentas-cobro.test.ts" name="montoEnLetras &gt; escribe el importe como lo espera el área de pagos" time="0.001019982">
        </testcase>
        <testcase classname="tests/cuentas-cobro.test.ts" name="montoEnLetras &gt; singulariza un solo peso" time="0.000465442">
        </testcase>
        <testcase classname="tests/cuentas-cobro.test.ts" name="montoEnLetras &gt; solo escribe centavos cuando existen" time="0.000556204">
        </testcase>
        <testcase classname="tests/cuentas-cobro.test.ts" name="montoEnLetras &gt; cero es un importe válido de escribir, no un error" time="0.000476042">
        </testcase>
        <testcase classname="tests/cuentas-cobro.test.ts" name="computeRetentions &gt; honorarios: 11 % al declarante, 10 % al no declarante" time="0.000980527">
        </testcase>
        <testcase classname="tests/cuentas-cobro.test.ts" name="computeRetentions &gt; servicios generales: el NO declarante retiene MÁS (6 %) que el declarante (4 %)" time="0.000721937">
        </testcase>
        <testcase classname="tests/cuentas-cobro.test.ts" name="computeRetentions &gt; no practica retención por debajo de la base mínima en UVT" time="0.000760471">
        </testcase>
        <testcase classname="tests/cuentas-cobro.test.ts" name="computeRetentions &gt; honorarios no tiene base mínima: retiene desde el primer peso" time="0.000437599">
        </testcase>
        <testcase classname="tests/cuentas-cobro.test.ts" name="computeRetentions &gt; un concepto con tarifa sin configurar no retiene y lo dice" time="0.000347949">
        </testcase>
        <testcase classname="tests/cuentas-cobro.test.ts" name="computeRetentions &gt; redondea cada concepto a centavo entero por separado" time="0.000462035">
        </testcase>
        <testcase classname="tests/cuentas-cobro.test.ts" name="computeRetentions &gt; ignora conceptos que no existen en el catálogo" time="0.001922511">
        </testcase>
        <testcase classname="tests/cuentas-cobro.test.ts" name="computeCuentaCobro &gt; suma las líneas y no inventa impuestos" time="0.000834411">
        </testcase>
        <testcase classname="tests/cuentas-cobro.test.ts" name="computeCuentaCobro &gt; el IVA es cero por construcción, no un default sobrescribible" time="0.000616768">
        </testcase>
        <testcase classname="tests/cuentas-cobro.test.ts" name="computeCuentaCobro &gt; el neto descuenta las retenciones pero el total cobrado sigue siendo el bruto" time="0.00063346">
        </testcase>
        <testcase classname="tests/cuentas-cobro.test.ts" name="computeCuentaCobro &gt; el neto es exactamente total menos la suma de lo impreso" time="0.000640253">
        </testcase>
        <testcase classname="tests/cuentas-cobro.test.ts" name="computeCuentaCobro &gt; cantidades fraccionarias redondean a centavo entero por línea" time="0.000590248">
        </testcase>
        <testcase classname="tests/cuentas-cobro.test.ts" name="parseCuentaCobroConfig &gt; lee tarifas en porcentaje y ReteICA en por mil" time="0.001763872">
        </testcase>
        <testcase classname="tests/cuentas-cobro.test.ts" name="parseCuentaCobroConfig &gt; un valor basura cae al defecto en vez de tumbar el panel" time="0.00082365">
        </testcase>
        <testcase classname="tests/cuentas-cobro.test.ts" name="parseCuentaCobroConfig &gt; la base mínima de servicios es configurable: cambió con el Decreto 572 de 2025" time="0.00079739">
        </testcase>
        <testcase classname="tests/cuentas-cobro.test.ts" name="parseCuentaCobroConfig &gt; sin ninguna fila, el catálogo por defecto queda intacto" time="0.002488624">
        </testcase>
        <testcase classname="tests/cuentas-cobro.test.ts" name="parseEmisor / parseDeudor &gt; lee los datos del emisor de app_settings" time="0.000988903">
        </testcase>
        <testcase classname="tests/cuentas-cobro.test.ts" name="parseEmisor / parseDeudor &gt; extrae el NIT del billing_info aunque la clave esté escrita de otra forma" time="0.001787736">
        </testcase>
        <testcase classname="tests/cuentas-cobro.test.ts" name="parseEmisor / parseDeudor &gt; un billing_info corrupto no lanza: devuelve campos vacíos" time="0.000568065">
        </testcase>
        <testcase classname="tests/cuentas-cobro.test.ts" name="ibcSeguridadSocial &gt; cotiza sobre el 40 % del valor mensualizado" time="0.000615045">
        </testcase>
        <testcase classname="tests/cuentas-cobro.test.ts" name="ibcSeguridadSocial &gt; aplica el piso de 1 SMMLV cuando el 40 % queda por debajo" time="0.000588205">
        </testcase>
        <testcase classname="tests/cuentas-cobro.test.ts" name="ibcSeguridadSocial &gt; sin SMMLV configurado no inventa un piso" time="0.000530294">
        </testcase>
        <testcase classname="tests/cuentas-cobro.test.ts" name="validateCuentaCobro &gt; un borrador completo no tiene problemas" time="0.000815134">
        </testcase>
        <testcase classname="tests/cuentas-cobro.test.ts" name="validateCuentaCobro &gt; exige cédula del emisor" time="0.000481542">
        </testcase>
        <testcase classname="tests/cuentas-cobro.test.ts" name="validateCuentaCobro &gt; exige dirección del emisor" time="0.000584407">
        </testcase>
        <testcase classname="tests/cuentas-cobro.test.ts" name="validateCuentaCobro &gt; exige banco" time="0.000440073">
        </testcase>
        <testcase classname="tests/cuentas-cobro.test.ts" name="validateCuentaCobro &gt; exige número de cuenta" time="0.000382855">
        </testcase>
        <testcase classname="tests/cuentas-cobro.test.ts" name="validateCuentaCobro &gt; exige NIT del deudor" time="0.000373728">
        </testcase>
        <testcase classname="tests/cuentas-cobro.test.ts" name="validateCuentaCobro &gt; exige concepto" time="0.000304126">
        </testcase>
        <testcase classname="tests/cuentas-cobro.test.ts" name="validateCuentaCobro &gt; exige ciudad de expedición" time="0.000285972">
        </testcase>
        <testcase classname="tests/cuentas-cobro.test.ts" name="validateCuentaCobro &gt; rechaza el IVA: es el invariante del documento" time="0.000637297">
        </testcase>
        <testcase classname="tests/cuentas-cobro.test.ts" name="validateCuentaCobro &gt; rechaza un documento que no es cuenta de cobro" time="0.000532979">
        </testcase>
        <testcase classname="tests/cuentas-cobro.test.ts" name="validateCuentaCobro &gt; exige líneas válidas y total positivo" time="0.000704194">
        </testcase>
        <testcase classname="tests/cuentas-cobro.test.ts" name="topeIva &gt; el tope son 3.500 UVT del año configurado" time="0.000720134">
        </testcase>
        <testcase classname="tests/cuentas-cobro.test.ts" name="topeIva &gt; escala de niveles: ok → aviso (70 %) → alerta (90 %) → superado" time="0.002009777">
        </testcase>
        <testcase classname="tests/cuentas-cobro.test.ts" name="topeIva &gt; sin nada emitido no alarma" time="0.000519725">
        </testcase>
    </testsuite>
    <testsuite name="tests/db-target.test.ts" timestamp="2026-09-01T19:06:27.925Z" hostname="mike-dev" tests="5" failures="0" errors="0" skipped="0" time="0.014104707">
        <testcase classname="tests/db-target.test.ts" name="isLocalDbUrl &gt; acepta la sqld local de compose.yaml" time="0.005585891">
        </testcase>
        <testcase classname="tests/db-target.test.ts" name="isLocalDbUrl &gt; acepta bases de archivo y en memoria" time="0.00107728">
        </testcase>
        <testcase classname="tests/db-target.test.ts" name="isLocalDbUrl &gt; rechaza Turso" time="0.000835232">
        </testcase>
        <testcase classname="tests/db-target.test.ts" name="isLocalDbUrl &gt; ante la duda dice remota" time="0.001220762">
        </testcase>
        <testcase classname="tests/db-target.test.ts" name="isLocalDbUrl &gt; no se deja engañar por un host que solo CONTIENE localhost" time="0.000743378">
        </testcase>
    </testsuite>
    <testsuite name="tests/demo.test.ts" timestamp="2026-09-01T19:06:27.927Z" hostname="mike-dev" tests="12" failures="0" errors="0" skipped="0" time="0.036033022">
        <testcase classname="tests/demo.test.ts" name="pase de demo · firma y vigencia &gt; acepta un pase recién emitido" time="0.006439788">
        </testcase>
        <testcase classname="tests/demo.test.ts" name="pase de demo · firma y vigencia &gt; rechaza un pase vencido (el TTL va dentro de lo firmado)" time="0.001814256">
        </testcase>
        <testcase classname="tests/demo.test.ts" name="pase de demo · firma y vigencia &gt; rechaza un pase firmado con otro secreto" time="0.000827658">
        </testcase>
        <testcase classname="tests/demo.test.ts" name="pase de demo · firma y vigencia &gt; no deja extender el TTL editando el payload sin re-firmar" time="0.001377088">
        </testcase>
        <testcase classname="tests/demo.test.ts" name="pase de demo · firma y vigencia &gt; rechaza basura, vacíos y firmas de longitud distinta" time="0.002316858">
        </testcase>
        <testcase classname="tests/demo.test.ts" name="pase de demo · firma y vigencia &gt; rechaza si no hay secreto configurado" time="0.000868074">
        </testcase>
        <testcase classname="tests/demo.test.ts" name="pase de demo · firma y vigencia &gt; un bit distinto en la firma invalida el pase" time="0.000965229">
        </testcase>
        <testcase classname="tests/demo.test.ts" name="demo · solo lectura &gt; permite GET y HEAD, nada más" time="0.001211205">
        </testcase>
        <testcase classname="tests/demo.test.ts" name="demo · rutas vetadas aunque sean GET &gt; bloquea los reveladores de credenciales (que son GET)" time="0.002120106">
        </testcase>
        <testcase classname="tests/demo.test.ts" name="demo · rutas vetadas aunque sean GET &gt; bloquea backup, upload y la superficie de la cuenta real" time="0.006181539">
        </testcase>
        <testcase classname="tests/demo.test.ts" name="demo · rutas vetadas aunque sean GET &gt; deja pasar las páginas que la demo existe para mostrar" time="0.005654461">
        </testcase>
        <testcase classname="tests/demo.test.ts" name="demo · rutas vetadas aunque sean GET &gt; la barra final no evade el bloqueo" time="0.00049609">
        </testcase>
    </testsuite>
    <testsuite name="tests/device-info.test.ts" timestamp="2026-09-01T19:06:27.932Z" hostname="mike-dev" tests="10" failures="0" errors="0" skipped="0" time="0.076299645">
        <testcase classname="tests/device-info.test.ts" name="clientIp &gt; toma la primera IP de x-forwarded-for" time="0.06287731">
        </testcase>
        <testcase classname="tests/device-info.test.ts" name="clientIp &gt; recorta espacios" time="0.000975448">
        </testcase>
        <testcase classname="tests/device-info.test.ts" name="clientIp &gt; cae a x-real-ip si no hay x-forwarded-for" time="0.000812649">
        </testcase>
        <testcase classname="tests/device-info.test.ts" name="clientIp &gt; devuelve null sin headers de IP" time="0.000874055">
        </testcase>
        <testcase classname="tests/device-info.test.ts" name="describeDevice &gt; sin User-Agent devuelve desconocido" time="0.000908591">
        </testcase>
        <testcase classname="tests/device-info.test.ts" name="describeDevice &gt; Chrome en Windows" time="0.000880477">
        </testcase>
        <testcase classname="tests/device-info.test.ts" name="describeDevice &gt; Safari en iOS (iPhone)" time="0.000865089">
        </testcase>
        <testcase classname="tests/device-info.test.ts" name="describeDevice &gt; Edge se distingue de Chrome" time="0.000730243">
        </testcase>
        <testcase classname="tests/device-info.test.ts" name="describeDevice &gt; Firefox en macOS" time="0.001667037">
        </testcase>
        <testcase classname="tests/device-info.test.ts" name="describeDevice &gt; Chrome en Android" time="0.000694977">
        </testcase>
    </testsuite>
    <testsuite name="tests/diagnostics.test.ts" timestamp="2026-09-01T19:06:27.939Z" hostname="mike-dev" tests="37" failures="0" errors="0" skipped="0" time="0.192613504">
        <testcase classname="tests/diagnostics.test.ts" name="diagnosticSuite (estructura) &gt; expone las 12 pruebas con id y label" time="0.00944484">
        </testcase>
        <testcase classname="tests/diagnostics.test.ts" name="reachability &gt; HTTP 200 → pass con latencia y metadatos" time="0.078189424">
        </testcase>
        <testcase classname="tests/diagnostics.test.ts" name="reachability &gt; HTTP 500 → fail, 404 → warn" time="0.003364232">
        </testcase>
        <testcase classname="tests/diagnostics.test.ts" name="reachability &gt; excepción de red → fail cronometrado (via timed)" time="0.004905873">
        </testcase>
        <testcase classname="tests/diagnostics.test.ts" name="https-redirect &gt; 301 con Location https → pass" time="0.003057702">
        </testcase>
        <testcase classname="tests/diagnostics.test.ts" name="https-redirect &gt; redirección que no va a https → warn" time="0.001935436">
        </testcase>
        <testcase classname="tests/diagnostics.test.ts" name="https-redirect &gt; sirve 200 por http sin redirigir → warn; sin respuesta http → info" time="0.002927745">
        </testcase>
        <testcase classname="tests/diagnostics.test.ts" name="security-headers &gt; todas presentes → pass" time="0.003353211">
        </testcase>
        <testcase classname="tests/diagnostics.test.ts" name="security-headers &gt; falta una crítica (HSTS) → warn" time="0.002962712">
        </testcase>
        <testcase classname="tests/diagnostics.test.ts" name="dns &gt; con registros A → pass y resumen con conteos" time="0.002562564">
        </testcase>
        <testcase classname="tests/diagnostics.test.ts" name="dns &gt; sin A/AAAA/CNAME → fail" time="0.00175278">
        </testcase>
        <testcase classname="tests/diagnostics.test.ts" name="domain-expiry (RDAP) &gt; lejos del vencimiento → pass; ≤30d → warn; vencido → fail" time="0.009213031">
        </testcase>
        <testcase classname="tests/diagnostics.test.ts" name="domain-expiry (RDAP) &gt; TLD sin RDAP → info (no falla)" time="0.001358783">
        </testcase>
        <testcase classname="tests/diagnostics.test.ts" name="robots.txt &gt; robots real con Sitemap → pass" time="0.010401923">
        </testcase>
        <testcase classname="tests/diagnostics.test.ts" name="robots.txt &gt; catch-all de SPA (HTML con 200) → warn; 404 → info" time="0.003178701">
        </testcase>
        <testcase classname="tests/diagnostics.test.ts" name="sitemap.xml &gt; urlset válido → pass con conteo de URLs" time="0.002205377">
        </testcase>
        <testcase classname="tests/diagnostics.test.ts" name="sitemap.xml &gt; índice de sitemaps → pass; catch-all → warn; ausente → info" time="0.003804397">
        </testcase>
        <testcase classname="tests/diagnostics.test.ts" name="tls &gt; objetivo http → info sin abrir sockets" time="0.001268072">
        </testcase>
        <testcase classname="tests/diagnostics.test.ts" name="seo-meta &gt; title, description y canonical presentes → pass" time="0.003543652">
        </testcase>
        <testcase classname="tests/diagnostics.test.ts" name="seo-meta &gt; falta un campo → warn con el nombre del que falta" time="0.001920678">
        </testcase>
        <testcase classname="tests/diagnostics.test.ts" name="seo-meta &gt; faltan dos o más campos → warn igual (no escala a fail)" time="0.001329949">
        </testcase>
        <testcase classname="tests/diagnostics.test.ts" name="seo-meta &gt; sin poder descargar el HTML → fail" time="0.000766121">
        </testcase>
        <testcase classname="tests/diagnostics.test.ts" name="performance &gt; cuenta scripts, hojas de estilo e imágenes enlazadas" time="0.003186135">
        </testcase>
        <testcase classname="tests/diagnostics.test.ts" name="performance &gt; reporta el tamaño del HTML descargado" time="0.001640578">
        </testcase>
        <testcase classname="tests/diagnostics.test.ts" name="performance &gt; sin poder medir (fetch falla) → fail" time="0.001146872">
        </testcase>
        <testcase classname="tests/diagnostics.test.ts" name="accessibility (heurística) &gt; html correcto sin hallazgos → pass" time="0.003291605">
        </testcase>
        <testcase classname="tests/diagnostics.test.ts" name="accessibility (heurística) &gt; un solo hallazgo (falta lang) → warn" time="0.002213944">
        </testcase>
        <testcase classname="tests/diagnostics.test.ts" name="accessibility (heurística) &gt; tres o más hallazgos acumulados → fail" time="0.003209891">
        </testcase>
        <testcase classname="tests/diagnostics.test.ts" name="accessibility (heurística) &gt; un &lt;label for&gt; asociado exime al input de ser un hallazgo" time="0.00156256">
        </testcase>
        <testcase classname="tests/diagnostics.test.ts" name="accessibility (heurística) &gt; un input sin label ni aria-label cuenta como hallazgo" time="0.001395503">
        </testcase>
        <testcase classname="tests/diagnostics.test.ts" name="accessibility (heurística) &gt; múltiples &lt;h1&gt; también es un hallazgo" time="0.001318999">
        </testcase>
        <testcase classname="tests/diagnostics.test.ts" name="accessibility (heurística) &gt; sin poder analizar el HTML → fail" time="0.000752856">
        </testcase>
        <testcase classname="tests/diagnostics.test.ts" name="lighthouse (PageSpeed Insights) &gt; sin PSI_API_KEY → info, sin llamar a la red" time="0.00203782">
        </testcase>
        <testcase classname="tests/diagnostics.test.ts" name="lighthouse (PageSpeed Insights) &gt; PSI responde con scores → pass si rendimiento ≥90" time="0.00203279">
        </testcase>
        <testcase classname="tests/diagnostics.test.ts" name="lighthouse (PageSpeed Insights) &gt; rendimiento entre 50 y 89 → warn; por debajo de 50 → fail" time="0.002507209">
        </testcase>
        <testcase classname="tests/diagnostics.test.ts" name="lighthouse (PageSpeed Insights) &gt; PSI responde con error HTTP → fail" time="0.001411133">
        </testcase>
        <testcase classname="tests/diagnostics.test.ts" name="lighthouse (PageSpeed Insights) &gt; PSI responde 200 pero sin datos de Lighthouse → fail" time="0.001956165">
        </testcase>
    </testsuite>
    <testsuite name="tests/docs-paginas.test.ts" timestamp="2026-09-01T19:06:27.953Z" hostname="mike-dev" tests="7" failures="0" errors="0" skipped="0" time="0.075268931">
        <testcase classname="tests/docs-paginas.test.ts" name="páginas de /docs &gt; registra todas las páginas que existen en disco" time="0.025887024">
        </testcase>
        <testcase classname="tests/docs-paginas.test.ts" name="páginas de /docs &gt; no registra páginas que ya no existen" time="0.001136503">
        </testcase>
        <testcase classname="tests/docs-paginas.test.ts" name="páginas de /docs &gt; da una razón por cada página excluida" time="0.005448481">
        </testcase>
        <testcase classname="tests/docs-paginas.test.ts" name="páginas de /docs &gt; enlaza toda página indexable desde el índice de /docs" time="0.000961441">
        </testcase>
        <testcase classname="tests/docs-paginas.test.ts" name="páginas de /docs &gt; no enlaza desde el índice ninguna página que no exista" time="0.000735122">
        </testcase>
        <testcase classname="tests/docs-paginas.test.ts" name="sitemap de /docs &gt; anuncia la portada y todas las subpáginas indexables" time="0.016990163">
        </testcase>
        <testcase classname="tests/docs-paginas.test.ts" name="sitemap de /docs &gt; nunca anuncia el deck privado ni la versión imprimible" time="0.01195278">
        </testcase>
    </testsuite>
    <testsuite name="tests/domains.test.ts" timestamp="2026-09-01T19:06:27.955Z" hostname="mike-dev" tests="13" failures="0" errors="0" skipped="0" time="0.103271774">
        <testcase classname="tests/domains.test.ts" name="extractDomain &gt; extrae el dominio registrable de URLs completas" time="0.006093743">
        </testcase>
        <testcase classname="tests/domains.test.ts" name="extractDomain &gt; maneja texto libre con el dominio adentro" time="0.000707821">
        </testcase>
        <testcase classname="tests/domains.test.ts" name="extractDomain &gt; reduce subdominios al eTLD+1" time="0.000455683">
        </testcase>
        <testcase classname="tests/domains.test.ts" name="extractDomain &gt; respeta sufijos de dos niveles (com.co, co.uk, …)" time="0.000668376">
        </testcase>
        <testcase classname="tests/domains.test.ts" name="extractDomain &gt; devuelve null si no hay nada con pinta de dominio" time="0.001000916">
        </testcase>
        <testcase classname="tests/domains.test.ts" name="daysUntil / domainAlertState (umbrales de vencimiento) &gt; clasifica según días restantes" time="0.006965364">
        </testcase>
        <testcase classname="tests/domains.test.ts" name="daysUntil / domainAlertState (umbrales de vencimiento) &gt; bordes exactos: 7d es crítico, 30d es próximo" time="0.002393654">
        </testcase>
        <testcase classname="tests/domains.test.ts" name="daysUntil / domainAlertState (umbrales de vencimiento) &gt; daysUntil es independiente de la zona horaria (usa epoch UTC)" time="0.001513426">
        </testcase>
        <testcase classname="tests/domains.test.ts" name="daysUntil / domainAlertState (umbrales de vencimiento) &gt; clock skew: un desfase de +10 min no cambia la clasificación lejos del borde" time="0.002037119">
        </testcase>
        <testcase classname="tests/domains.test.ts" name="fetchDomainExpiry (RDAP, fetch mockeado) &gt; lee la fecha del evento expiration" time="0.065508835">
        </testcase>
        <testcase classname="tests/domains.test.ts" name="fetchDomainExpiry (RDAP, fetch mockeado) &gt; devuelve null si RDAP responde error, sin eventos o con fecha inválida" time="0.003690701">
        </testcase>
        <testcase classname="tests/domains.test.ts" name="fetchDomainExpiry (RDAP, fetch mockeado) &gt; devuelve null si la red falla (nunca lanza)" time="0.001163865">
        </testcase>
        <testcase classname="tests/domains.test.ts" name="fetchDomainExpiry (RDAP, fetch mockeado) &gt; devuelve null sin llamar a la red si el input no tiene dominio" time="0.002447506">
        </testcase>
    </testsuite>
[...]
        </testcase>
        <testcase classname="tests/sustentacion-pase.test.ts" name="pase del escenario &gt; el pase de OTRA sesión no vale" time="0.004441113">
        </testcase>
        <testcase classname="tests/sustentacion-pase.test.ts" name="pase del escenario &gt; no vale firmado con otra clave" time="0.000682984">
        </testcase>
        <testcase classname="tests/sustentacion-pase.test.ts" name="pase del escenario &gt; la fecha de caducidad no se puede estirar a mano" time="0.000903592">
        </testcase>
        <testcase classname="tests/sustentacion-pase.test.ts" name="pase del escenario &gt; rechaza basura sin lanzar" time="0.004674865">
        </testcase>
        <testcase classname="tests/sustentacion-pase.test.ts" name="pase del escenario &gt; SIN SECRETO nunca valida, aunque el token tenga buena pinta" time="0.000945901">
        </testcase>
        <testcase classname="tests/sustentacion-pase.test.ts" name="pase del escenario &gt; sin sessionId tampoco valida" time="0.000635163">
        </testcase>
        <testcase classname="tests/sustentacion-pase.test.ts" name="pase del escenario &gt; dos sesiones distintas dan pases distintos" time="0.003159915">
        </testcase>
    </testsuite>
    <testsuite name="tests/sustentacion-seguir.test.ts" timestamp="2026-09-01T19:06:28.350Z" hostname="mike-dev" tests="8" failures="0" errors="0" skipped="0" time="0.22625149">
        <testcase classname="tests/sustentacion-seguir.test.ts" name="seguidor · camino normal &gt; pide el snapshot al arrancar y lo entrega" time="0.066809639">
        </testcase>
        <testcase classname="tests/sustentacion-seguir.test.ts" name="seguidor · camino normal &gt; descarta un mensaje viejo que llega tarde por el bus" time="0.054471688">
        </testcase>
        <testcase classname="tests/sustentacion-seguir.test.ts" name="seguidor · camino normal &gt; con bus, se suscribe al canal sust: y marca en-vivo" time="0.003041792">
        </testcase>
        <testcase classname="tests/sustentacion-seguir.test.ts" name="seguidor · la pantalla nunca se vacía &gt; con la sesión expirada (404) avisa pero NO emite un snapshot vacío" time="0.056572829">
        </testcase>
        <testcase classname="tests/sustentacion-seguir.test.ts" name="seguidor · la pantalla nunca se vacía &gt; sin red no lanza y no emite nada: lo que hay en pantalla se queda" time="0.002260672">
        </testcase>
        <testcase classname="tests/sustentacion-seguir.test.ts" name="seguidor · backoff &gt; espacia los reintentos y los reinicia al recuperar" time="0.026877932">
        </testcase>
        <testcase classname="tests/sustentacion-seguir.test.ts" name="seguidor · backoff &gt; el rescate nunca se espacia más de 15 s" time="0.009664647">
        </testcase>
        <testcase classname="tests/sustentacion-seguir.test.ts" name="seguidor · caída del bus &gt; tras varios errores del EventSource cae al rescate por snapshot" time="0.00166851">
        </testcase>
    </testsuite>
    <testsuite name="tests/uml-activity.test.ts" timestamp="2026-09-01T19:06:28.353Z" hostname="mike-dev" tests="19" failures="0" errors="0" skipped="0" time="0.052235352">
        <testcase classname="tests/uml-activity.test.ts" name="ruteo de transiciones &gt; traza una recta vertical entre nodos de la misma columna" time="0.007063991">
        </testcase>
        <testcase classname="tests/uml-activity.test.ts" name="ruteo de transiciones &gt; traza una recta horizontal entre nodos de la misma fila" time="0.001253415">
        </testcase>
        <testcase classname="tests/uml-activity.test.ts" name="ruteo de transiciones &gt; baja por un canal lateral cuando la transición trae desvío explícito" time="0.001414249">
        </testcase>
        <testcase classname="tests/uml-activity.test.ts" name="ruteo de transiciones &gt; rodea por un canal cuando el flujo vuelve hacia arriba" time="0.002911855">
        </testcase>
        <testcase classname="tests/uml-activity.test.ts" name="actividad &quot;&apos;middleware&apos;&quot; &gt; no tiene defectos de dibujo ni de notación" time="0.014548848">
        </testcase>
        <testcase classname="tests/uml-activity.test.ts" name="actividad &quot;&apos;middleware&apos;&quot; &gt; declara un nodo inicial y al menos un final de actividad" time="0.000876521">
        </testcase>
        <testcase classname="tests/uml-activity.test.ts" name="actividad &quot;&apos;middleware&apos;&quot; &gt; cita dónde vive en el código" time="0.000962343">
        </testcase>
        <testcase classname="tests/uml-activity.test.ts" name="actividad &quot;&apos;middleware&apos;&quot; &gt; todo nodo es alcanzable desde el inicial" time="0.001052143">
        </testcase>
        <testcase classname="tests/uml-activity.test.ts" name="actividad &quot;&apos;middleware&apos;&quot; &gt; produce un lienzo con área positiva" time="0.002434912">
        </testcase>
        <testcase classname="tests/uml-activity.test.ts" name="actividad &quot;&apos;pipeline&apos;&quot; &gt; no tiene defectos de dibujo ni de notación" time="0.003437832">
        </testcase>
        <testcase classname="tests/uml-activity.test.ts" name="actividad &quot;&apos;pipeline&apos;&quot; &gt; declara un nodo inicial y al menos un final de actividad" time="0.000993041">
        </testcase>
        <testcase classname="tests/uml-activity.test.ts" name="actividad &quot;&apos;pipeline&apos;&quot; &gt; cita dónde vive en el código" time="0.000384277">
        </testcase>
        <testcase classname="tests/uml-activity.test.ts" name="actividad &quot;&apos;pipeline&apos;&quot; &gt; todo nodo es alcanzable desde el inicial" time="0.000546054">
        </testcase>
        <testcase classname="tests/uml-activity.test.ts" name="actividad &quot;&apos;pipeline&apos;&quot; &gt; produce un lienzo con área positiva" time="0.001506423">
        </testcase>
        <testcase classname="tests/uml-activity.test.ts" name="actividad &quot;&apos;webhook-pago&apos;&quot; &gt; no tiene defectos de dibujo ni de notación" time="0.003635566">
        </testcase>
        <testcase classname="tests/uml-activity.test.ts" name="actividad &quot;&apos;webhook-pago&apos;&quot; &gt; declara un nodo inicial y al menos un final de actividad" time="0.001105895">
        </testcase>
        <testcase classname="tests/uml-activity.test.ts" name="actividad &quot;&apos;webhook-pago&apos;&quot; &gt; cita dónde vive en el código" time="0.000407512">
        </testcase>
        <testcase classname="tests/uml-activity.test.ts" name="actividad &quot;&apos;webhook-pago&apos;&quot; &gt; todo nodo es alcanzable desde el inicial" time="0.000531136">
        </testcase>
        <testcase classname="tests/uml-activity.test.ts" name="actividad &quot;&apos;webhook-pago&apos;&quot; &gt; produce un lienzo con área positiva" time="0.001429968">
        </testcase>
    </testsuite>
    <testsuite name="tests/uml-communication.test.ts" timestamp="2026-09-01T19:06:28.359Z" hostname="mike-dev" tests="25" failures="0" errors="0" skipped="0" time="0.110532428">
        <testcase classname="tests/uml-communication.test.ts" name="comunicación &quot;&apos;login&apos;&quot; &gt; no tiene defectos de dibujo, numeración ni semántica" time="0.029571413">
        </testcase>
        <testcase classname="tests/uml-communication.test.ts" name="comunicación &quot;&apos;login&apos;&quot; &gt; apunta al diagrama de secuencia equivalente" time="0.001010544">
        </testcase>
        <testcase classname="tests/uml-communication.test.ts" name="comunicación &quot;&apos;login&apos;&quot; &gt; imprime cada objeto como instancia y no como clase" time="0.001399651">
        </testcase>
        <testcase classname="tests/uml-communication.test.ts" name="comunicación &quot;&apos;login&apos;&quot; &gt; dibuja un solo enlace por pareja de objetos, sin importar cuántos mensajes lleve" time="0.010132132">
        </testcase>
        <testcase classname="tests/uml-communication.test.ts" name="comunicación &quot;&apos;login&apos;&quot; &gt; coloca todos los mensajes, incluidos los reflexivos" time="0.009860518">
        </testcase>
        <testcase classname="tests/uml-communication.test.ts" name="comunicación &quot;&apos;login&apos;&quot; &gt; dibuja cada flecha en el sentido real del mensaje" time="0.004230222">
        </testcase>
        <testcase classname="tests/uml-communication.test.ts" name="comunicación &quot;&apos;monitor&apos;&quot; &gt; no tiene defectos de dibujo, numeración ni semántica" time="0.004371851">
        </testcase>
        <testcase classname="tests/uml-communication.test.ts" name="comunicación &quot;&apos;monitor&apos;&quot; &gt; apunta al diagrama de secuencia equivalente" time="0.000518873">
        </testcase>
        <testcase classname="tests/uml-communication.test.ts" name="comunicación &quot;&apos;monitor&apos;&quot; &gt; imprime cada objeto como instancia y no como clase" time="0.001880512">
        </testcase>
        <testcase classname="tests/uml-communication.test.ts" name="comunicación &quot;&apos;monitor&apos;&quot; &gt; dibuja un solo enlace por pareja de objetos, sin importar cuántos mensajes lleve" time="0.002364539">
        </testcase>
        <testcase classname="tests/uml-communication.test.ts" name="comunicación &quot;&apos;monitor&apos;&quot; &gt; coloca todos los mensajes, incluidos los reflexivos" time="0.002374448">
        </testcase>
        <testcase classname="tests/uml-communication.test.ts" name="comunicación &quot;&apos;monitor&apos;&quot; &gt; dibuja cada flecha en el sentido real del mensaje" time="0.002839729">
        </testcase>
        <testcase classname="tests/uml-communication.test.ts" name="comunicación &quot;&apos;seguridad&apos;&quot; &gt; no tiene defectos de dibujo, numeración ni semántica" time="0.005594747">
        </testcase>
        <testcase classname="tests/uml-communication.test.ts" name="comunicación &quot;&apos;seguridad&apos;&quot; &gt; apunta al diagrama de secuencia equivalente" time="0.000468017">
        </testcase>
        <testcase classname="tests/uml-communication.test.ts" name="comunicación &quot;&apos;seguridad&apos;&quot; &gt; imprime cada objeto como instancia y no como clase" time="0.000745271">
        </testcase>
        <testcase classname="tests/uml-communication.test.ts" name="comunicación &quot;&apos;seguridad&apos;&quot; &gt; dibuja un solo enlace por pareja de objetos, sin importar cuántos mensajes lleve" time="0.003755313">
        </testcase>
        <testcase classname="tests/uml-communication.test.ts" name="comunicación &quot;&apos;seguridad&apos;&quot; &gt; coloca todos los mensajes, incluidos los reflexivos" time="0.004263947">
        </testcase>
        <testcase classname="tests/uml-communication.test.ts" name="comunicación &quot;&apos;seguridad&apos;&quot; &gt; dibuja cada flecha en el sentido real del mensaje" time="0.005041169">
        </testcase>
        <testcase classname="tests/uml-communication.test.ts" name="comunicación &quot;&apos;pagos&apos;&quot; &gt; no tiene defectos de dibujo, numeración ni semántica" time="0.002666802">
        </testcase>
        <testcase classname="tests/uml-communication.test.ts" name="comunicación &quot;&apos;pagos&apos;&quot; &gt; apunta al diagrama de secuencia equivalente" time="0.00031162">
        </testcase>
        <testcase classname="tests/uml-communication.test.ts" name="comunicación &quot;&apos;pagos&apos;&quot; &gt; imprime cada objeto como instancia y no como clase" time="0.000446977">
        </testcase>
        <testcase classname="tests/uml-communication.test.ts" name="comunicación &quot;&apos;pagos&apos;&quot; &gt; dibuja un solo enlace por pareja de objetos, sin importar cuántos mensajes lleve" time="0.002374778">
        </testcase>
        <testcase classname="tests/uml-communication.test.ts" name="comunicación &quot;&apos;pagos&apos;&quot; &gt; coloca todos los mensajes, incluidos los reflexivos" time="0.00249713">
        </testcase>
        <testcase classname="tests/uml-communication.test.ts" name="comunicación &quot;&apos;pagos&apos;&quot; &gt; dibuja cada flecha en el sentido real del mensaje" time="0.002979063">
        </testcase>
        <testcase classname="tests/uml-communication.test.ts" name="conjunto de diagramas de comunicación &gt; cubre las cuatro interacciones del diagrama de secuencia" time="0.000684787">
        </testcase>
    </testsuite>
    <testsuite name="tests/uml-component.test.ts" timestamp="2026-09-01T19:06:28.369Z" hostname="mike-dev" tests="5" failures="0" errors="0" skipped="0" time="0.066358033">
        <testcase classname="tests/uml-component.test.ts" name="componentes &quot;&apos;arquitectura&apos;&quot; &gt; no tiene defectos de dibujo ni de notación" time="0.03329691">
        </testcase>
        <testcase classname="tests/uml-component.test.ts" name="componentes &quot;&apos;arquitectura&apos;&quot; &gt; dibuja una sola bola por interfaz provista, no una por consumidor" time="0.006290365">
        </testcase>
        <testcase classname="tests/uml-component.test.ts" name="componentes &quot;&apos;arquitectura&apos;&quot; &gt; conecta cada enchufe con la bola de su interfaz" time="0.008922962">
        </testcase>
        <testcase classname="tests/uml-component.test.ts" name="componentes &quot;&apos;arquitectura&apos;&quot; &gt; nombra toda interfaz con la convención IAlgo" time="0.007891297">
        </testcase>
        <testcase classname="tests/uml-component.test.ts" name="componentes &quot;&apos;arquitectura&apos;&quot; &gt; no describe despliegue: ningún componente nombra a su proveedor de infraestructura" time="0.005161527">
        </testcase>
    </testsuite>
    <testsuite name="tests/uml-deployment.test.ts" timestamp="2026-09-01T19:06:28.370Z" hostname="mike-dev" tests="5" failures="0" errors="0" skipped="0" time="0.071733886">
        <testcase classname="tests/uml-deployment.test.ts" name="despliegue &quot;&apos;produccion&apos;&quot; &gt; no tiene defectos de dibujo ni de notación" time="0.05339029">
        </testcase>
        <testcase classname="tests/uml-deployment.test.ts" name="despliegue &quot;&apos;produccion&apos;&quot; &gt; declara el protocolo de todos los caminos de comunicación" time="0.00230195">
        </testcase>
        <testcase classname="tests/uml-deployment.test.ts" name="despliegue &quot;&apos;produccion&apos;&quot; &gt; despliega al menos un artefacto o nodo anidado en cada nodo" time="0.001312136">
        </testcase>
        <testcase classname="tests/uml-deployment.test.ts" name="despliegue &quot;&apos;produccion&apos;&quot; &gt; coloca cada elemento contenido dentro de su nodo" time="0.008019039">
        </testcase>
        <testcase classname="tests/uml-deployment.test.ts" name="despliegue &quot;&apos;produccion&apos;&quot; &gt; conecta el grafo entero: ningún nodo queda aislado" time="0.001097068">
        </testcase>
    </testsuite>
    <testsuite name="tests/vault.test.ts" timestamp="2026-09-01T19:06:28.372Z" hostname="mike-dev" tests="10" failures="0" errors="0" skipped="0" time="0.038189627">
        <testcase classname="tests/vault.test.ts" name="vault · sinSecretos &gt; quita el blob cifrado de la fila" time="0.008812523">
        </testcase>
        <testcase classname="tests/vault.test.ts" name="vault · sinSecretos &gt; conserva intacto todo lo demás" time="0.002046968">
        </testcase>
        <testcase classname="tests/vault.test.ts" name="vault · sinSecretos &gt; no muta la fila original" time="0.005124527">
        </testcase>
        <testcase classname="tests/vault.test.ts" name="vault · sinSecretos &gt; el secreto no sobrevive a JSON.stringify" time="0.001120312">
        </testcase>
        <testcase classname="tests/vault.test.ts" name="vault · sinSecretos &gt; tolera un servicio sin credenciales guardadas" time="0.001339517">
        </testcase>
        <testcase classname="tests/vault.test.ts" name="vault · sinSecretos &gt; redacta la lista entera, no solo el primero" time="0.000551615">
        </testcase>
        <testcase classname="tests/vault.test.ts" name="vault · sinValorCifrado &gt; quita el valor cifrado pero deja la clave visible" time="0.001088472">
        </testcase>
        <testcase classname="tests/vault.test.ts" name="vault · sinValorCifrado &gt; el valor no sobrevive a JSON.stringify" time="0.000684136">
        </testcase>
        <testcase classname="tests/vault.test.ts" name="vault · sinValorCifrado &gt; redacta la lista entera" time="0.001982536">
        </testcase>
        <testcase classname="tests/vault.test.ts" name="vault · sinValorCifrado &gt; no toca un campo `secrets` ajeno ni viceversa" time="0.001097839">
        </testcase>
    </testsuite>
    <testsuite name="tests/vitals.test.ts" timestamp="2026-09-01T19:06:28.375Z" hostname="mike-dev" tests="9" failures="0" errors="0" skipped="0" time="0.021311818">
        <testcase classname="tests/vitals.test.ts" name="p75 &gt; lista vacía devuelve null" time="0.005394508">
        </testcase>
        <testcase classname="tests/vitals.test.ts" name="p75 &gt; un solo valor" time="0.001104181">
        </testcase>
        <testcase classname="tests/vitals.test.ts" name="p75 &gt; percentil 75 de 1..100" time="0.000722899">
        </testcase>
        <testcase classname="tests/vitals.test.ts" name="p75 &gt; no depende del orden de entrada" time="0.000755871">
        </testcase>
        <testcase classname="tests/vitals.test.ts" name="rateVital &gt; clasifica LCP según umbrales de Google" time="0.001063554">
        </testcase>
        <testcase classname="tests/vitals.test.ts" name="rateVital &gt; clasifica CLS (adimensional)" time="0.001016996">
        </testcase>
        <testcase classname="tests/vitals.test.ts" name="rateVital &gt; clasifica INP" time="0.002306389">
        </testcase>
        <testcase classname="tests/vitals.test.ts" name="formatVital &gt; ms se redondea a entero" time="0.000628361">
        </testcase>
        <testcase classname="tests/vitals.test.ts" name="formatVital &gt; CLS a dos decimales" time="0.001635839">
        </testcase>
    </testsuite>
    <testsuite name="tests/vyv.test.ts" timestamp="2026-09-01T19:06:28.379Z" hostname="mike-dev" tests="8" failures="0" errors="0" skipped="0" time="0.020937429">
        <testcase classname="tests/vyv.test.ts" name="vyv · integridad referencial con testing.ts &gt; toda CLASIFICACION apunta a un nivel que existe" time="0.005987641">
        </testcase>
        <testcase classname="tests/vyv.test.ts" name="vyv · integridad referencial con testing.ts &gt; clasifica todos los niveles, sin dejar ninguno fuera" time="0.000885939">
        </testcase>
        <testcase classname="tests/vyv.test.ts" name="vyv · integridad referencial con testing.ts &gt; no clasifica el mismo nivel dos veces" time="0.002400677">
        </testcase>
        <testcase classname="tests/vyv.test.ts" name="vyv · subsistemas por nivel de integridad &gt; cada subsistema se cubre con niveles de prueba que existen" time="0.000972161">
        </testcase>
        <testcase classname="tests/vyv.test.ts" name="vyv · subsistemas por nivel de integridad &gt; no repite ids de subsistema" time="0.000810114">
        </testcase>
        <testcase classname="tests/vyv.test.ts" name="vyv · subsistemas por nivel de integridad &gt; todo subsistema declara al menos una tarea de V&amp;V que lo cubre" time="0.000709874">
        </testcase>
        <testcase classname="tests/vyv.test.ts" name="vyv · subsistemas por nivel de integridad &gt; usa solo niveles de integridad con etiqueta definida" time="0.001191116">
        </testcase>
        <testcase classname="tests/vyv.test.ts" name="vyv · subsistemas por nivel de integridad &gt; el contenido público no se atribuye la cobertura de código" time="0.001742601">
        </testcase>
    </testsuite>
</testsuites>
