<?xml version="1.0" encoding="UTF-8" ?>
<testsuites name="vitest tests" tests="1717" failures="0" errors="0" time="62.958302177">
    <testsuite name="tests/bpmn.test.ts" timestamp="2026-09-02T17:30:40.848Z" hostname="mike-dev" tests="83" failures="0" errors="0" skipped="0" time="0.179638509">
        <testcase classname="tests/bpmn.test.ts" name="wrap &gt; corta por palabras sin pasarse del ancho" time="0.009267708">
        </testcase>
        <testcase classname="tests/bpmn.test.ts" name="wrap &gt; trunca con elipsis en vez de desbordar la figura" time="0.00584278">
        </testcase>
        <testcase classname="tests/bpmn.test.ts" name="wrap &gt; deja pasar una palabra más larga que el límite en su propia línea" time="0.002909522">
        </testcase>
        <testcase classname="tests/bpmn.test.ts" name="route &gt; une con una recta los nodos alineados hacia adelante" time="0.001713055">
        </testcase>
        <testcase classname="tests/bpmn.test.ts" name="route &gt; usa una Z al cambiar de carril hacia adelante" time="0.000971507">
        </testcase>
        <testcase classname="tests/bpmn.test.ts" name="route &gt; rodea por un canal cuando el flujo vuelve hacia atrás" time="0.000756357">
        </testcase>
        <testcase classname="tests/bpmn.test.ts" name="route &gt; mantiene todos los tramos ortogonales" time="0.002329038">
        </testcase>
        <testcase classname="tests/bpmn.test.ts" name="polylinePath &gt; no redondea más allá de la mitad del tramo más corto" time="0.002162704">
        </testcase>
        <testcase classname="tests/bpmn.test.ts" name="polylinePath &gt; devuelve una recta simple con dos puntos" time="0.0021661">
        </testcase>
        <testcase classname="tests/bpmn.test.ts" name="pointAlong &gt; avanza la distancia pedida sobre la polilínea" time="0.001687405">
        </testcase>
        <testcase classname="tests/bpmn.test.ts" name="pointAlong &gt; se queda en el último punto si la distancia excede el trazo" time="0.000646432">
        </testcase>
        <testcase classname="tests/bpmn.test.ts" name="labelAnchor &gt; aparta la etiqueta del trazo en tramos horizontales" time="0.000994422">
        </testcase>
        <testcase classname="tests/bpmn.test.ts" name="labelAnchor &gt; aparta la etiqueta hacia el costado en tramos verticales" time="0.000549964">
        </testcase>
        <testcase classname="tests/bpmn.test.ts" name="labelAnchor &gt; ancla la etiqueta después del quiebre, ya dentro de su propia rama" time="0.000603669">
        </testcase>
        <testcase classname="tests/bpmn.test.ts" name="labelBox &gt; coloca la etiqueta de una compuerta por encima del rombo" time="0.003442593">
        </testcase>
        <testcase classname="tests/bpmn.test.ts" name="labelBox &gt; coloca la etiqueta de un evento por debajo del círculo" time="0.000971968">
        </testcase>
        <testcase classname="tests/bpmn.test.ts" name="labelBox &gt; no reporta caja para el texto que va dentro de una tarea" time="0.000940566">
        </testcase>
        <testcase classname="tests/bpmn.test.ts" name="findLayoutIssues &gt; detecta dos nodos en la misma celda" time="0.002166531">
        </testcase>
        <testcase classname="tests/bpmn.test.ts" name="findLayoutIssues &gt; detecta una flecha que atraviesa una figura ajena" time="0.001006926">
        </testcase>
        <testcase classname="tests/bpmn.test.ts" name="findLayoutIssues &gt; detecta una etiqueta de rama posada sobre el trazo de otra flecha" time="0.00439387">
        </testcase>
        <testcase classname="tests/bpmn.test.ts" name="findLayoutIssues &gt; detecta un texto que se sale del lienzo" time="0.001543364">
        </testcase>
        <testcase classname="tests/bpmn.test.ts" name="findLayoutIssues &gt; detecta la etiqueta de una rama encimada con la de su compuerta" time="0.001440723">
        </testcase>
        <testcase classname="tests/bpmn.test.ts" name="compuertas documentadas &gt; documenta los 5 tipos de compuerta de BPMN" time="0.001014281">
        </testcase>
        <testcase classname="tests/bpmn.test.ts" name="compuertas documentadas &gt; cada compuerta explica qué hace al dividir y al juntar caminos" time="0.001658319">
        </testcase>
        <testcase classname="tests/bpmn.test.ts" name="compuertas documentadas &gt; el renderer sabe dibujar toda compuerta documentada" time="0.002112876">
        </testcase>
        <testcase classname="tests/bpmn.test.ts" name="compuertas documentadas &gt; marca como en uso exactamente las que aparecen en los diagramas" time="0.001130858">
        </testcase>
        <testcase classname="tests/bpmn.test.ts" name="procesos BPMN documentados &gt; hay diagramas para los cuatro procesos críticos" time="0.000639569">
        </testcase>
        <testcase classname="tests/bpmn.test.ts" name="procesos BPMN documentados &gt; Cobro de campo con link de pago &gt; todos los flujos apuntan a nodos existentes y los nodos a carriles reales" time="0.005495953">
        </testcase>
        <testcase classname="tests/bpmn.test.ts" name="procesos BPMN documentados &gt; Cobro de campo con link de pago &gt; no encima nodos ni cruza flechas por encima de otras figuras" time="0.003124722">
        </testcase>
        <testcase classname="tests/bpmn.test.ts" name="procesos BPMN documentados &gt; Cobro de campo con link de pago &gt; tampoco al transponerlo para el documento vertical" time="0.003411482">
        </testcase>
        <testcase classname="tests/bpmn.test.ts" name="procesos BPMN documentados &gt; Cobro de campo con link de pago &gt; baja al transponerlo, en vez de extenderse a lo ancho" time="0.001545248">
        </testcase>
        <testcase classname="tests/bpmn.test.ts" name="procesos BPMN documentados &gt; Cobro de campo con link de pago &gt; cada nodo participa en al menos un flujo" time="0.000985334">
        </testcase>
        <testcase classname="tests/bpmn.test.ts" name="procesos BPMN documentados &gt; Cobro de campo con link de pago &gt; todo evento de borde se cuelga de una tarea real y no recibe flechas" time="0.000518122">
        </testcase>
        <testcase classname="tests/bpmn.test.ts" name="procesos BPMN documentados &gt; Cobro de campo con link de pago &gt; todo tiempo declarado cita dónde está fijado" time="0.001241624">
        </testcase>
        <testcase classname="tests/bpmn.test.ts" name="procesos BPMN documentados &gt; Cobro de campo con link de pago &gt; toda duración anotada en el diagrama aparece en la tabla de tiempos" time="0.001120638">
        </testcase>
        <testcase classname="tests/bpmn.test.ts" name="procesos BPMN documentados &gt; Cobro de campo con link de pago &gt; tiene exactamente un inicio y al menos un fin" time="0.001432848">
        </testcase>
        <testcase classname="tests/bpmn.test.ts" name="procesos BPMN documentados &gt; Cobro de campo con link de pago &gt; todo camino termina en un evento de fin" time="0.008289248">
        </testcase>
        <testcase classname="tests/bpmn.test.ts" name="procesos BPMN documentados &gt; Cobro de campo con link de pago &gt; todo nodo es alcanzable desde el evento de inicio" time="0.001022847">
        </testcase>
        <testcase classname="tests/bpmn.test.ts" name="procesos BPMN documentados &gt; Cobro de campo con link de pago &gt; toda compuerta abre al menos dos caminos y sus ramas están etiquetadas" time="0.001303405">
        </testcase>
        <testcase classname="tests/bpmn.test.ts" name="procesos BPMN documentados &gt; Cobro de campo con link de pago &gt; las etiquetas caben en su figura" time="0.007489956">
        </testcase>
        <testcase classname="tests/bpmn.test.ts" name="procesos BPMN documentados &gt; Cobro de campo con link de pago &gt; declara dónde está implementado" time="0.003790021">
        </testcase>
        <testcase classname="tests/bpmn.test.ts" name="procesos BPMN documentados &gt; Invitación y acceso al portal de clientes &gt; todos los flujos apuntan a nodos existentes y los nodos a carriles reales" time="0.001596238">
        </testcase>
        <testcase classname="tests/bpmn.test.ts" name="procesos BPMN documentados &gt; Invitación y acceso al portal de clientes &gt; no encima nodos ni cruza flechas por encima de otras figuras" time="0.00267792">
        </testcase>
        <testcase classname="tests/bpmn.test.ts" name="procesos BPMN documentados &gt; Invitación y acceso al portal de clientes &gt; tampoco al transponerlo para el documento vertical" time="0.005125178">
        </testcase>
        <testcase classname="tests/bpmn.test.ts" name="procesos BPMN documentados &gt; Invitación y acceso al portal de clientes &gt; baja al transponerlo, en vez de extenderse a lo ancho" time="0.0016748">
        </testcase>
        <testcase classname="tests/bpmn.test.ts" name="procesos BPMN documentados &gt; Invitación y acceso al portal de clientes &gt; cada nodo participa en al menos un flujo" time="0.000406113">
        </testcase>
        <testcase classname="tests/bpmn.test.ts" name="procesos BPMN documentados &gt; Invitación y acceso al portal de clientes &gt; todo evento de borde se cuelga de una tarea real y no recibe flechas" time="0.000817737">
        </testcase>
        <testcase classname="tests/bpmn.test.ts" name="procesos BPMN documentados &gt; Invitación y acceso al portal de clientes &gt; todo tiempo declarado cita dónde está fijado" time="0.001266142">
        </testcase>
        <testcase classname="tests/bpmn.test.ts" name="procesos BPMN documentados &gt; Invitación y acceso al portal de clientes &gt; toda duración anotada en el diagrama aparece en la tabla de tiempos" time="0.000659037">
        </testcase>
        <testcase classname="tests/bpmn.test.ts" name="procesos BPMN documentados &gt; Invitación y acceso al portal de clientes &gt; tiene exactamente un inicio y al menos un fin" time="0.000608257">
        </testcase>
        <testcase classname="tests/bpmn.test.ts" name="procesos BPMN documentados &gt; Invitación y acceso al portal de clientes &gt; todo camino termina en un evento de fin" time="0.000366696">
        </testcase>
        <testcase classname="tests/bpmn.test.ts" name="procesos BPMN documentados &gt; Invitación y acceso al portal de clientes &gt; todo nodo es alcanzable desde el evento de inicio" time="0.001369515">
        </testcase>
        <testcase classname="tests/bpmn.test.ts" name="procesos BPMN documentados &gt; Invitación y acceso al portal de clientes &gt; toda compuerta abre al menos dos caminos y sus ramas están etiquetadas" time="0.00072177">
        </testcase>
        <testcase classname="tests/bpmn.test.ts" name="procesos BPMN documentados &gt; Invitación y acceso al portal de clientes &gt; las etiquetas caben en su figura" time="0.001739427">
        </testcase>
        <testcase classname="tests/bpmn.test.ts" name="procesos BPMN documentados &gt; Invitación y acceso al portal de clientes &gt; declara dónde está implementado" time="0.000375263">
        </testcase>
        <testcase classname="tests/bpmn.test.ts" name="procesos BPMN documentados &gt; Detección y respuesta de seguridad (micro-SIEM) &gt; todos los flujos apuntan a nodos existentes y los nodos a carriles reales" time="0.001200725">
        </testcase>
        <testcase classname="tests/bpmn.test.ts" name="procesos BPMN documentados &gt; Detección y respuesta de seguridad (micro-SIEM) &gt; no encima nodos ni cruza flechas por encima de otras figuras" time="0.002127184">
        </testcase>
        <testcase classname="tests/bpmn.test.ts" name="procesos BPMN documentados &gt; Detección y respuesta de seguridad (micro-SIEM) &gt; tampoco al transponerlo para el documento vertical" time="0.004112781">
        </testcase>
        <testcase classname="tests/bpmn.test.ts" name="procesos BPMN documentados &gt; Detección y respuesta de seguridad (micro-SIEM) &gt; baja al transponerlo, en vez de extenderse a lo ancho" time="0.002856197">
        </testcase>
        <testcase classname="tests/bpmn.test.ts" name="procesos BPMN documentados &gt; Detección y respuesta de seguridad (micro-SIEM) &gt; cada nodo participa en al menos un flujo" time="0.000424629">
        </testcase>
        <testcase classname="tests/bpmn.test.ts" name="procesos BPMN documentados &gt; Detección y respuesta de seguridad (micro-SIEM) &gt; todo evento de borde se cuelga de una tarea real y no recibe flechas" time="0.000189791">
        </testcase>
        <testcase classname="tests/bpmn.test.ts" name="procesos BPMN documentados &gt; Detección y respuesta de seguridad (micro-SIEM) &gt; todo tiempo declarado cita dónde está fijado" time="0.000708654">
        </testcase>
        <testcase classname="tests/bpmn.test.ts" name="procesos BPMN documentados &gt; Detección y respuesta de seguridad (micro-SIEM) &gt; toda duración anotada en el diagrama aparece en la tabla de tiempos" time="0.000655961">
        </testcase>
        <testcase classname="tests/bpmn.test.ts" name="procesos BPMN documentados &gt; Detección y respuesta de seguridad (micro-SIEM) &gt; tiene exactamente un inicio y al menos un fin" time="0.003058964">
        </testcase>
        <testcase classname="tests/bpmn.test.ts" name="procesos BPMN documentados &gt; Detección y respuesta de seguridad (micro-SIEM) &gt; todo camino termina en un evento de fin" time="0.00063965">
        </testcase>
        <testcase classname="tests/bpmn.test.ts" name="procesos BPMN documentados &gt; Detección y respuesta de seguridad (micro-SIEM) &gt; todo nodo es alcanzable desde el evento de inicio" time="0.0004096">
        </testcase>
        <testcase classname="tests/bpmn.test.ts" name="procesos BPMN documentados &gt; Detección y respuesta de seguridad (micro-SIEM) &gt; toda compuerta abre al menos dos caminos y sus ramas están etiquetadas" time="0.000949925">
        </testcase>
        <testcase classname="tests/bpmn.test.ts" name="procesos BPMN documentados &gt; Detección y respuesta de seguridad (micro-SIEM) &gt; las etiquetas caben en su figura" time="0.001559485">
        </testcase>
        <testcase classname="tests/bpmn.test.ts" name="procesos BPMN documentados &gt; Detección y respuesta de seguridad (micro-SIEM) &gt; declara dónde está implementado" time="0.000332449">
        </testcase>
        <testcase classname="tests/bpmn.test.ts" name="procesos BPMN documentados &gt; Chequeo de monitor, incidente y recuperación &gt; todos los flujos apuntan a nodos existentes y los nodos a carriles reales" time="0.003412965">
        </testcase>
        <testcase classname="tests/bpmn.test.ts" name="procesos BPMN documentados &gt; Chequeo de monitor, incidente y recuperación &gt; no encima nodos ni cruza flechas por encima de otras figuras" time="0.013834186">
        </testcase>
        <testcase classname="tests/bpmn.test.ts" name="procesos BPMN documentados &gt; Chequeo de monitor, incidente y recuperación &gt; tampoco al transponerlo para el documento vertical" time="0.00280624">
        </testcase>
        <testcase classname="tests/bpmn.test.ts" name="procesos BPMN documentados &gt; Chequeo de monitor, incidente y recuperación &gt; baja al transponerlo, en vez de extenderse a lo ancho" time="0.001788182">
        </testcase>
        <testcase classname="tests/bpmn.test.ts" name="procesos BPMN documentados &gt; Chequeo de monitor, incidente y recuperación &gt; cada nodo participa en al menos un flujo" time="0.000636543">
        </testcase>
        <testcase classname="tests/bpmn.test.ts" name="procesos BPMN documentados &gt; Chequeo de monitor, incidente y recuperación &gt; todo evento de borde se cuelga de una tarea real y no recibe flechas" time="0.001006906">
        </testcase>
        <testcase classname="tests/bpmn.test.ts" name="procesos BPMN documentados &gt; Chequeo de monitor, incidente y recuperación &gt; todo tiempo declarado cita dónde está fijado" time="0.000941568">
        </testcase>
        <testcase classname="tests/bpmn.test.ts" name="procesos BPMN documentados &gt; Chequeo de monitor, incidente y recuperación &gt; toda duración anotada en el diagrama aparece en la tabla de tiempos" time="0.000497651">
        </testcase>
        <testcase classname="tests/bpmn.test.ts" name="procesos BPMN documentados &gt; Chequeo de monitor, incidente y recuperación &gt; tiene exactamente un inicio y al menos un fin" time="0.000507291">
        </testcase>
        <testcase classname="tests/bpmn.test.ts" name="procesos BPMN documentados &gt; Chequeo de monitor, incidente y recuperación &gt; todo camino termina en un evento de fin" time="0.000318392">
        </testcase>
        <testcase classname="tests/bpmn.test.ts" name="procesos BPMN documentados &gt; Chequeo de monitor, incidente y recuperación &gt; todo nodo es alcanzable desde el evento de inicio" time="0.000385813">
        </testcase>
        <testcase classname="tests/bpmn.test.ts" name="procesos BPMN documentados &gt; Chequeo de monitor, incidente y recuperación &gt; toda compuerta abre al menos dos caminos y sus ramas están etiquetadas" time="0.000881772">
        </testcase>
        <testcase classname="tests/bpmn.test.ts" name="procesos BPMN documentados &gt; Chequeo de monitor, incidente y recuperación &gt; las etiquetas caben en su figura" time="0.003784932">
        </testcase>
        <testcase classname="tests/bpmn.test.ts" name="procesos BPMN documentados &gt; Chequeo de monitor, incidente y recuperación &gt; declara dónde está implementado" time="0.000324543">
        </testcase>
    </testsuite>
    <testsuite name="tests/capacitacion.test.ts" timestamp="2026-09-02T17:30:40.887Z" hostname="mike-dev" tests="35" failures="0" errors="0" skipped="0" time="0.088650155">
        <testcase classname="tests/capacitacion.test.ts" name="renderMarkdown &gt; escapa el HTML del origen en vez de emitirlo" time="0.008800464">
        </testcase>
        <testcase classname="tests/capacitacion.test.ts" name="renderMarkdown &gt; escapa el HTML también dentro de código y de encabezados" time="0.004432896">
        </testcase>
        <testcase classname="tests/capacitacion.test.ts" name="renderMarkdown &gt; rechaza enlaces con esquemas ejecutables y conserva los de navegación" time="0.003575582">
        </testcase>
        <testcase classname="tests/capacitacion.test.ts" name="renderMarkdown &gt; no confunde un número del texto con un hueco de código" time="0.00095252">
        </testcase>
        <testcase classname="tests/capacitacion.test.ts" name="renderMarkdown &gt; ignora un NUL inyectado en el origen" time="0.000789862">
        </testcase>
        <testcase classname="tests/capacitacion.test.ts" name="renderMarkdown &gt; degrada h1 a h2 para no romper el esquema de encabezados" time="0.000700328">
        </testcase>
        <testcase classname="tests/capacitacion.test.ts" name="renderMarkdown &gt; arma listas, citas, reglas y bloques de código" time="0.001543584">
        </testcase>
        <testcase classname="tests/capacitacion.test.ts" name="renderMarkdown &gt; cierra un bloque de código sin cerrar en vez de tragarse el resto" time="0.002105001">
        </testcase>
        <testcase classname="tests/capacitacion.test.ts" name="renderMarkdown &gt; aplica negrita y cursiva" time="0.002987223">
        </testcase>
        <testcase classname="tests/capacitacion.test.ts" name="renderMarkdown &gt; devuelve cadena vacía sin contenido" time="0.001637047">
        </testcase>
        <testcase classname="tests/capacitacion.test.ts" name="renderMarkdown &gt; escapa comillas para que nada escape de un atributo" time="0.000990845">
        </testcase>
        <testcase classname="tests/capacitacion.test.ts" name="markdownExcerpt &gt; quita el marcado y recorta" time="0.001889469">
        </testcase>
        <testcase classname="tests/capacitacion.test.ts" name="markdownExcerpt &gt; no recorta lo que ya cabe" time="0.000598208">
        </testcase>
        <testcase classname="tests/capacitacion.test.ts" name="slugify &gt; sobrevive a un título en español con tildes y signos" time="0.001232597">
        </testcase>
        <testcase classname="tests/capacitacion.test.ts" name="slugify &gt; no deja guiones sueltos en los extremos ni al recortar" time="0.000802988">
        </testcase>
        <testcase classname="tests/capacitacion.test.ts" name="listas JSON &gt; ida y vuelta desde texto libre" time="0.00322613">
        </testcase>
        <testcase classname="tests/capacitacion.test.ts" name="listas JSON &gt; una lista vacía se guarda como null, no como &quot;[]&quot;" time="0.000853827">
        </testcase>
        <testcase classname="tests/capacitacion.test.ts" name="listas JSON &gt; un campo corrupto devuelve lista vacía en vez de lanzar" time="0.00166496">
        </testcase>
        <testcase classname="tests/capacitacion.test.ts" name="guardas de enumeraciones &gt; solo aceptan los valores del schema" time="0.001636485">
        </testcase>
        <testcase classname="tests/capacitacion.test.ts" name="formatearDuracion &gt; entero sin decimales, fracción con uno" time="0.00141404">
        </testcase>
        <testcase classname="tests/capacitacion.test.ts" name="formatearDuracion &gt; vacío cuando no hay dato" time="0.000455178">
        </testcase>
        <testcase classname="tests/capacitacion.test.ts" name="códigos de grupo &gt; se generan legibles y sin caracteres ambiguos" time="0.021796849">
        </testcase>
        <testcase classname="tests/capacitacion.test.ts" name="códigos de grupo &gt; normaliza lo que teclea el asistente" time="0.000375493">
        </testcase>
        <testcase classname="tests/capacitacion.test.ts" name="códigos de grupo &gt; rechaza formas imposibles antes de tocar la base" time="0.000631043">
        </testcase>
        <testcase classname="tests/capacitacion.test.ts" name="pase firmado &gt; se verifica el que se firmó" time="0.002268549">
        </testcase>
        <testcase classname="tests/capacitacion.test.ts" name="pase firmado &gt; no vale con otro secreto" time="0.001080079">
        </testcase>
        <testcase classname="tests/capacitacion.test.ts" name="pase firmado &gt; no vale sin secreto configurado" time="0.000781987">
        </testcase>
        <testcase classname="tests/capacitacion.test.ts" name="pase firmado &gt; no se puede alargar la vigencia manipulando el payload" time="0.001204622">
        </testcase>
        <testcase classname="tests/capacitacion.test.ts" name="pase firmado &gt; no se puede cambiar de cohorte reescribiendo el id" time="0.001462947">
        </testcase>
        <testcase classname="tests/capacitacion.test.ts" name="pase firmado &gt; rechaza tokens malformados sin lanzar" time="0.000991075">
        </testcase>
        <testcase classname="tests/capacitacion.test.ts" name="codigoUtilizable &gt; sirve el vigente y sin tope alcanzado" time="0.000910066">
        </testcase>
        <testcase classname="tests/capacitacion.test.ts" name="codigoUtilizable &gt; no sirve revocado, vencido ni con el cupo agotado" time="0.001912334">
        </testcase>
        <testcase classname="tests/capacitacion.test.ts" name="codigoUtilizable &gt; no sirve si no existe" time="0.000557649">
        </testcase>
        <testcase classname="tests/capacitacion.test.ts" name="visibilidadesVisibles &gt; el borrador no sale nunca, con pase o sin él" time="0.002076053">
        </testcase>
        <testcase classname="tests/capacitacion.test.ts" name="isTrainingAccessPath &gt; solo cubre el canje, no el banco entero" time="0.000869268">
        </testcase>
    </testsuite>
    <testsuite name="tests/chaos.test.ts" timestamp="2026-09-02T17:30:40.905Z" hostname="mike-dev" tests="12" failures="0" errors="0" skipped="0" time="0.024833642">
        <testcase classname="tests/chaos.test.ts" name="routeMatches &gt; coincidencia exacta" time="0.005939742">
        </testcase>
        <testcase classname="tests/chaos.test.ts" name="routeMatches &gt; comodín /* cubre la ruta base y sus hijas, no prefijos ajenos" time="0.001584923">
        </testcase>
        <testcase classname="tests/chaos.test.ts" name="routeMatches &gt; comodín simple * es prefijo" time="0.000729694">
        </testcase>
        <testcase classname="tests/chaos.test.ts" name="isProtectedRoute &gt; protege admin, api/admin y api/auth (exacto y sub-rutas)" time="0.00182428">
        </testcase>
        <testcase classname="tests/chaos.test.ts" name="isProtectedRoute &gt; no protege rutas públicas" time="0.000776986">
        </testcase>
        <testcase classname="tests/chaos.test.ts" name="pickChaos &gt; elige el flag vigente que aplica a la ruta" time="0.001846063">
        </testcase>
        <testcase classname="tests/chaos.test.ts" name="pickChaos &gt; NUNCA aplica caos a rutas protegidas aunque el flag las apunte" time="0.000873755">
        </testcase>
        <testcase classname="tests/chaos.test.ts" name="pickChaos &gt; ignora flags expirados" time="0.000593448">
        </testcase>
        <testcase classname="tests/chaos.test.ts" name="pickChaos &gt; sin flags no hay caos" time="0.001454208">
        </testcase>
        <testcase classname="tests/chaos.test.ts" name="clampExpiry &gt; acota el TTL al máximo (15 min)" time="0.000918753">
        </testcase>
        <testcase classname="tests/chaos.test.ts" name="clampExpiry &gt; impone un piso de 5s para TTLs inválidos o diminutos" time="0.000924835">
        </testcase>
        <testcase classname="tests/chaos.test.ts" name="clampExpiry &gt; respeta un TTL normal" time="0.000422535">
        </testcase>
    </testsuite>
    <testsuite name="tests/clients-validate.test.ts" timestamp="2026-09-02T17:30:40.910Z" hostname="mike-dev" tests="14" failures="0" errors="0" skipped="0" time="0.029442654">
        <testcase classname="tests/clients-validate.test.ts" name="validateClient &gt; acepta lo mínimo y deja el resto en null" time="0.006258044">
        </testcase>
        <testcase classname="tests/clients-validate.test.ts" name="validateClient &gt; exige nombre" time="0.001064026">
        </testcase>
        <testcase classname="tests/clients-validate.test.ts" name="validateClient &gt; teléfono &gt; guarda en E.164 aunque venga escrito a mano" time="0.001451192">
        </testcase>
        <testcase classname="tests/clients-validate.test.ts" name="validateClient &gt; teléfono &gt; rechaza un número inválido en vez de guardarlo torcido" time="0.000746897">
        </testcase>
        <testcase classname="tests/clients-validate.test.ts" name="validateClient &gt; teléfono &gt; vacío es null, no error" time="0.000714805">
        </testcase>
        <testcase classname="tests/clients-validate.test.ts" name="validateClient &gt; logo &gt; acepta https" time="0.000624409">
        </testcase>
        <testcase classname="tests/clients-validate.test.ts" name="validateClient &gt; logo &gt; rechaza esquemas que no sean https" time="0.00346851">
        </testcase>
        <testcase classname="tests/clients-validate.test.ts" name="validateClient &gt; logo &gt; rechaza una URL que no parsea" time="0.001295188">
        </testcase>
        <testcase classname="tests/clients-validate.test.ts" name="validateClient &gt; datos de facturación &gt; serializa a JSON conservando el orden de las claves" time="0.001434761">
        </testcase>
        <testcase classname="tests/clients-validate.test.ts" name="validateClient &gt; datos de facturación &gt; descarta pares a medio llenar y devuelve null si no queda ninguno" time="0.000667764">
        </testcase>
        <testcase classname="tests/clients-validate.test.ts" name="validateClient &gt; datos de facturación &gt; colapsa saltos de línea y caracteres de control" time="0.00083998">
        </testcase>
        <testcase classname="tests/clients-validate.test.ts" name="validateClient &gt; datos de facturación &gt; limita cantidad y longitud" time="0.001351628">
        </testcase>
        <testcase classname="tests/clients-validate.test.ts" name="validateClient &gt; datos de facturación &gt; rechaza un tipo que no sea objeto" time="0.000589751">
        </testcase>
        <testcase classname="tests/clients-validate.test.ts" name="validateClient &gt; datos de facturación &gt; null y cadena vacía son ausencia, no error" time="0.000434098">
        </testcase>
    </testsuite>
    <testsuite name="tests/cobros-db.test.ts" timestamp="2026-09-02T17:30:40.915Z" hostname="mike-dev" tests="21" failures="0" errors="0" skipped="0" time="2.804255626">
        <testcase classname="tests/cobros-db.test.ts" name="createCobro &gt; crea un cobro con código, vencimiento y teléfono" time="0.122371531">
        </testcase>
        <testcase classname="tests/cobros-db.test.ts" name="createCobro &gt; vincula la ficha del CRM cuando el teléfono coincide" time="0.152189301">
        </testcase>
        <testcase classname="tests/cobros-db.test.ts" name="createCobro &gt; no vincula ni crea ficha si el teléfono no está en el CRM" time="0.106150616">
        </testcase>
        <testcase classname="tests/cobros-db.test.ts" name="createCobro &gt; sin vencimiento cuando se pide &quot;never&quot;" time="0.104836389">
        </testcase>
        <testcase classname="tests/cobros-db.test.ts" name="createCobro &gt; doble clic en Confirmar NO crea dos cobros" time="0.153960029">
        </testcase>
        <testcase classname="tests/cobros-db.test.ts" name="createCobro &gt; un replay NO reasigna el código: el link ya enviado sigue sirviendo" time="0.135398523">
        </testcase>
        <testcase classname="tests/cobros-db.test.ts" name="createCobro &gt; la misma clave con otro monto es conflicto, no un cobro por el valor viejo" time="0.120652322">
        </testcase>
        <testcase classname="tests/cobros-db.test.ts" name="createCobro &gt; genera códigos distintos para cobros distintos" time="0.162815738">
        </testcase>
        <testcase classname="tests/cobros-db.test.ts" name="findByShortCode &gt; devuelve null para un código que no existe" time="0.04566147">
        </testcase>
        <testcase classname="tests/cobros-db.test.ts" name="findClientByPhone &gt; compara en forma canónica E.164" time="0.063152593">
        </testcase>
        <testcase classname="tests/cobros-db.test.ts" name="listCobros &gt; solo lista cobros de campo, no los pagos de /pay" time="0.127457649">
        </testcase>
        <testcase classname="tests/cobros-db.test.ts" name="listCobros &gt; con onlyOpen deja fuera los terminales" time="0.210471763">
        </testcase>
        <testcase classname="tests/cobros-db.test.ts" name="listCobros &gt; trae el nombre del cliente vinculado" time="0.166767663">
        </testcase>
        <testcase classname="tests/cobros-db.test.ts" name="voidCobro &gt; anula un cobro pendiente y lo deja registrado como evidencia" time="0.146661694">
        </testcase>
        <testcase classname="tests/cobros-db.test.ts" name="voidCobro &gt; anular dos veces no rompe: la máquina lo frena" time="0.213109516">
        </testcase>
        <testcase classname="tests/cobros-db.test.ts" name="voidCobro &gt; un cobro ya pagado sí se puede anular (reembolso manual)" time="0.149038037">
        </testcase>
        <testcase classname="tests/cobros-db.test.ts" name="voidCobro &gt; una referencia inexistente no revienta" time="0.034753383">
        </testcase>
        <testcase classname="tests/cobros-db.test.ts" name="historyForPhone &gt; devuelve solo los cobros de ESE teléfono" time="0.149525449">
        </testcase>
        <testcase classname="tests/cobros-db.test.ts" name="historyForPhone &gt; no incluye los pagos sueltos de /pay aunque compartan teléfono" time="0.055146082">
        </testcase>
        <testcase classname="tests/cobros-db.test.ts" name="distinctPhones &gt; lista cada teléfono una sola vez" time="0.237538562">
        </testcase>
        <testcase classname="tests/cobros-db.test.ts" name="distinctPhones &gt; ignora los pagos sin teléfono" time="0.062903878">
        </testcase>
    </testsuite>
    <testsuite name="tests/cobros.test.ts" timestamp="2026-09-02T17:30:40.923Z" hostname="mike-dev" tests="22" failures="0" errors="0" skipped="0" time="0.173368671">
        <testcase classname="tests/cobros.test.ts" name="newShortCode &gt; genera códigos de 6 chars del alfabeto sin ambiguos" time="0.048553873">
        </testcase>
        <testcase classname="tests/cobros.test.ts" name="newShortCode &gt; no repite en un volumen razonable (entropía real, no Math.random)" time="0.036382734">
        </testcase>
        <testcase classname="tests/cobros.test.ts" name="isValidShortCode &gt; filtra sondeos antes de tocar la BD" time="0.001328364">
        </testcase>
        <testcase classname="tests/cobros.test.ts" name="historyToken / verifyHistoryToken &gt; es determinista para el mismo teléfono y secreto" time="0.002154097">
        </testcase>
        <testcase classname="tests/cobros.test.ts" name="historyToken / verifyHistoryToken &gt; cambia con el teléfono y con el secreto" time="0.002795249">
        </testcase>
        <testcase classname="tests/cobros.test.ts" name="historyToken / verifyHistoryToken &gt; verifica el token correcto y rechaza todo lo demás" time="0.00192016">
        </testcase>
        <testcase classname="tests/cobros.test.ts" name="historyToken / verifyHistoryToken &gt; un token de longitud distinta no revienta la comparación" time="0.002973077">
        </testcase>
        <testcase classname="tests/cobros.test.ts" name="phoneRef &gt; es opaco: no contiene el teléfono" time="0.001496413">
        </testcase>
        <testcase classname="tests/cobros.test.ts" name="phoneRef &gt; es determinista y distinto del token del historial" time="0.001602329">
        </testcase>
        <testcase classname="tests/cobros.test.ts" name="expiryDate / isValidExpiry &gt; calcula el vencimiento desde una fecha base" time="0.001790476">
        </testcase>
        <testcase classname="tests/cobros.test.ts" name="expiryDate / isValidExpiry &gt; valida la opción antes de usarla" time="0.001087324">
        </testcase>
        <testcase classname="tests/cobros.test.ts" name="isExpired &gt; vence solo lo pendiente y pasado de fecha" time="0.000982348">
        </testcase>
        <testcase classname="tests/cobros.test.ts" name="isExpired &gt; un pago aprobado NUNCA se marca vencido aunque pase la fecha" time="0.000649398">
        </testcase>
        <testcase classname="tests/cobros.test.ts" name="isExpired &gt; el vencimiento exacto ya no permite pagar" time="0.000484406">
        </testcase>
        <testcase classname="tests/cobros.test.ts" name="timeLeft &gt; describe el tiempo restante en unidades legibles" time="0.001080711">
        </testcase>
        <testcase classname="tests/cobros.test.ts" name="fmtCOP &gt; formatea en pesos colombianos" time="0.038700239">
        </testcase>
        <testcase classname="tests/cobros.test.ts" name="fmtCOP &gt; muestra decimales solo cuando existen, con dos cifras" time="0.000847285">
        </testcase>
        <testcase classname="tests/cobros.test.ts" name="maskAmount &gt; deja ver solo los últimos 3 dígitos" time="0.000662594">
        </testcase>
        <testcase classname="tests/cobros.test.ts" name="buildWhatsAppMessage &gt; incluye monto, link de pago e historial" time="0.014473617">
        </testcase>
        <testcase classname="tests/cobros.test.ts" name="buildWhatsAppMessage &gt; saluda por nombre cuando el cliente está en el CRM" time="0.002131714">
        </testcase>
        <testcase classname="tests/cobros.test.ts" name="buildWhatsAppMessage &gt; incluye el concepto cuando se da" time="0.002276116">
        </testcase>
        <testcase classname="tests/cobros.test.ts" name="buildWhatsAppMessage &gt; menciona el vencimiento solo si existe" time="0.001637759">
        </testcase>
    </testsuite>
    <testsuite name="tests/contracts.test.ts" timestamp="2026-09-02T17:30:40.930Z" hostname="mike-dev" tests="5" failures="0" errors="0" skipped="0" time="2.14810211">
        <testcase classname="tests/contracts.test.ts" name="contrato · GET /api/health &gt; cumple el shape publicado" time="0.097449005">
        </testcase>
        <testcase classname="tests/contracts.test.ts" name="contrato · POST /api/payments/checkout &gt; cumple el shape publicado (modo mock, sin llaves Wompi)" time="0.12223469">
        </testcase>
        <testcase classname="tests/contracts.test.ts" name="contrato · GET /api/status/latency &gt; cumple el shape publicado" time="0.027563483">
        </testcase>
        <testcase classname="tests/contracts.test.ts" name="contrato · GET /api/admin/lab/slo &gt; cumple el shape publicado" time="0.047885951">
        </testcase>
        <testcase classname="tests/contracts.test.ts" name="contrato · el test SÍ detecta una ruptura real &gt; un campo renombrado hace fallar el schema (no un test vacío)" time="0.005517508">
        </testcase>
    </testsuite>
    <testsuite name="tests/crons.test.ts" timestamp="2026-09-02T17:30:40.932Z" hostname="mike-dev" tests="42" failures="0" errors="0" skipped="0" time="0.055015359">
        <testcase classname="tests/crons.test.ts" name="crons declarados en vercel.json &gt; hay crons declarados (si no, este test no prueba nada)" time="0.00572638">
        </testcase>
        <testcase classname="tests/crons.test.ts" name="crons declarados en vercel.json &gt; /api/cron/backup existe como ruta" time="0.001620454">
        </testcase>
        <testcase classname="tests/crons.test.ts" name="crons declarados en vercel.json &gt; /api/cron/domain-check existe como ruta" time="0.000807797">
        </testcase>
        <testcase classname="tests/crons.test.ts" name="crons declarados en vercel.json &gt; /api/cron/uptime-check existe como ruta" time="0.000852564">
        </testcase>
        <testcase classname="tests/crons.test.ts" name="crons declarados en vercel.json &gt; /api/cron/indexnow existe como ruta" time="0.000820512">
        </testcase>
        <testcase classname="tests/crons.test.ts" name="crons declarados en vercel.json &gt; /api/cron/invoices-overdue existe como ruta" time="0.00089662">
        </testcase>
        <testcase classname="tests/crons.test.ts" name="crons declarados en vercel.json &gt; /api/cron/portal-demo-reseed existe como ruta" time="0.001213208">
        </testcase>
        <testcase classname="tests/crons.test.ts" name="crons declarados en vercel.json &gt; /api/cron/monitor-rollup existe como ruta" time="0.000981687">
        </testcase>
        <testcase classname="tests/crons.test.ts" name="crons declarados en vercel.json &gt; /api/cron/backup exporta un handler GET" time="0.002312695">
        </testcase>
        <testcase classname="tests/crons.test.ts" name="crons declarados en vercel.json &gt; /api/cron/domain-check exporta un handler GET" time="0.001327591">
        </testcase>
        <testcase classname="tests/crons.test.ts" name="crons declarados en vercel.json &gt; /api/cron/uptime-check exporta un handler GET" time="0.001074728">
        </testcase>
        <testcase classname="tests/crons.test.ts" name="crons declarados en vercel.json &gt; /api/cron/indexnow exporta un handler GET" time="0.000582778">
        </testcase>
        <testcase classname="tests/crons.test.ts" name="crons declarados en vercel.json &gt; /api/cron/invoices-overdue exporta un handler GET" time="0.000377096">
        </testcase>
        <testcase classname="tests/crons.test.ts" name="crons declarados en vercel.json &gt; /api/cron/portal-demo-reseed exporta un handler GET" time="0.00038898">
        </testcase>
        <testcase classname="tests/crons.test.ts" name="crons declarados en vercel.json &gt; /api/cron/monitor-rollup exporta un handler GET" time="0.000365123">
        </testcase>
        <testcase classname="tests/crons.test.ts" name="crons declarados en vercel.json &gt; /api/cron/backup no cuelga del gate de sesión de /api/admin" time="0.000592336">
        </testcase>
        <testcase classname="tests/crons.test.ts" name="crons declarados en vercel.json &gt; /api/cron/domain-check no cuelga del gate de sesión de /api/admin" time="0.000313783">
        </testcase>
        <testcase classname="tests/crons.test.ts" name="crons declarados en vercel.json &gt; /api/cron/uptime-check no cuelga del gate de sesión de /api/admin" time="0.00024608">
        </testcase>
        <testcase classname="tests/crons.test.ts" name="crons declarados en vercel.json &gt; /api/cron/indexnow no cuelga del gate de sesión de /api/admin" time="0.00020473">
        </testcase>
        <testcase classname="tests/crons.test.ts" name="crons declarados en vercel.json &gt; /api/cron/invoices-overdue no cuelga del gate de sesión de /api/admin" time="0.000181875">
        </testcase>
        <testcase classname="tests/crons.test.ts" name="crons declarados en vercel.json &gt; /api/cron/portal-demo-reseed no cuelga del gate de sesión de /api/admin" time="0.000273264">
        </testcase>
        <testcase classname="tests/crons.test.ts" name="crons declarados en vercel.json &gt; /api/cron/monitor-rollup no cuelga del gate de sesión de /api/admin" time="0.00034815">
        </testcase>
        <testcase classname="tests/crons.test.ts" name="crons declarados en vercel.json &gt; /api/cron/backup valida el secreto con cronSecretOk" time="0.00061457">
        </testcase>
        <testcase classname="tests/crons.test.ts" name="crons declarados en vercel.json &gt; /api/cron/domain-check valida el secreto con cronSecretOk" time="0.00047117">
        </testcase>
        <testcase classname="tests/crons.test.ts" name="crons declarados en vercel.json &gt; /api/cron/uptime-check valida el secreto con cronSecretOk" time="0.004852444">
        </testcase>
        <testcase classname="tests/crons.test.ts" name="crons declarados en vercel.json &gt; /api/cron/indexnow valida el secreto con cronSecretOk" time="0.000620412">
        </testcase>
        <testcase classname="tests/crons.test.ts" name="crons declarados en vercel.json &gt; /api/cron/invoices-overdue valida el secreto con cronSecretOk" time="0.000535395">
        </testcase>
        <testcase classname="tests/crons.test.ts" name="crons declarados en vercel.json &gt; /api/cron/portal-demo-reseed valida el secreto con cronSecretOk" time="0.000401264">
        </testcase>
        <testcase classname="tests/crons.test.ts" name="crons declarados en vercel.json &gt; /api/cron/monitor-rollup valida el secreto con cronSecretOk" time="0.000502471">
        </testcase>
        <testcase classname="tests/crons.test.ts" name="crons declarados en vercel.json &gt; /api/cron/backup no compara el secreto con !==" time="0.001035953">
        </testcase>
        <testcase classname="tests/crons.test.ts" name="crons declarados en vercel.json &gt; /api/cron/domain-check no compara el secreto con !==" time="0.000729404">
        </testcase>
        <testcase classname="tests/crons.test.ts" name="crons declarados en vercel.json &gt; /api/cron/uptime-check no compara el secreto con !==" time="0.000562929">
        </testcase>
        <testcase classname="tests/crons.test.ts" name="crons declarados en vercel.json &gt; /api/cron/indexnow no compara el secreto con !==" time="0.000481941">
        </testcase>
        <testcase classname="tests/crons.test.ts" name="crons declarados en vercel.json &gt; /api/cron/invoices-overdue no compara el secreto con !==" time="0.000454908">
        </testcase>
        <testcase classname="tests/crons.test.ts" name="crons declarados en vercel.json &gt; /api/cron/portal-demo-reseed no compara el secreto con !==" time="0.000482512">
        </testcase>
        <testcase classname="tests/crons.test.ts" name="crons declarados en vercel.json &gt; /api/cron/monitor-rollup no compara el secreto con !==" time="0.00045576">
        </testcase>
        <testcase classname="tests/crons.test.ts" name="cronSecretOk &gt; acepta el header bien formado" time="0.002154446">
        </testcase>
        <testcase classname="tests/crons.test.ts" name="cronSecretOk &gt; rechaza el secreto sin el prefijo Bearer" time="0.000724144">
        </testcase>
        <testcase classname="tests/crons.test.ts" name="cronSecretOk &gt; rechaza un secreto distinto de la misma longitud" time="0.000659568">
        </testcase>
        <testcase classname="tests/crons.test.ts" name="cronSecretOk &gt; rechaza header ausente o vacío" time="0.000702091">
        </testcase>
        <testcase classname="tests/crons.test.ts" name="cronSecretOk &gt; no lanza con headers de cualquier longitud" time="0.005131249">
        </testcase>
        <testcase classname="tests/crons.test.ts" name="cronSecretOk &gt; rechaza todo si no hay secreto en el entorno" time="0.000856052">
        </testcase>
    </testsuite>
    <testsuite name="tests/crypto.test.ts" timestamp="2026-09-02T17:30:40.949Z" hostname="mike-dev" tests="8" failures="0" errors="0" skipped="0" time="0.028588739">
        <testcase classname="tests/crypto.test.ts" name="crypto (AES-256-GCM) &gt; roundtrip: encrypt → decrypt devuelve el texto original" time="0.008381755">
        </testcase>
        <testcase classname="tests/crypto.test.ts" name="crypto (AES-256-GCM) &gt; el mismo texto produce ciphertexts distintos (IV aleatorio)" time="0.003449054">
        </testcase>
        <testcase classname="tests/crypto.test.ts" name="crypto (AES-256-GCM) &gt; isEncrypted reconoce el formato iv:tag:datos" time="0.001683577">
        </testcase>
        <testcase classname="tests/crypto.test.ts" name="crypto (AES-256-GCM) &gt; decrypt deja pasar valores legacy sin cifrar" time="0.00113179">
        </testcase>
        <testcase classname="tests/crypto.test.ts" name="crypto (AES-256-GCM) &gt; un ciphertext manipulado no descifra (integridad GCM)" time="0.003735364">
        </testcase>
        <testcase classname="tests/crypto.test.ts" name="crypto (AES-256-GCM) &gt; falla claro si ENCRYPTION_KEY es inválida" time="0.001304978">
        </testcase>
        <testcase classname="tests/crypto.test.ts" name="crypto (AES-256-GCM) &gt; encryptJson/decryptJson roundtrip de objetos" time="0.002510692">
        </testcase>
        <testcase classname="tests/crypto.test.ts" name="crypto (AES-256-GCM) &gt; decryptJson devuelve {} para vacío, null o corrupto" time="0.001610755">
        </testcase>
    </testsuite>
    <testsuite name="tests/cuenta-cobro-pdf.test.ts" timestamp="2026-09-02T17:30:40.953Z" hostname="mike-dev" tests="10" failures="0" errors="0" skipped="0" time="0.406481019">
        <testcase classname="tests/cuenta-cobro-pdf.test.ts" name="sanitize &gt; conserva las tildes y la ñ: son WinAnsi válido" time="0.004798243">
        </testcase>
        <testcase classname="tests/cuenta-cobro-pdf.test.ts" name="sanitize &gt; degrada la tipografía fina a ASCII en vez de romperse" time="0.001241475">
        </testcase>
        <testcase classname="tests/cuenta-cobro-pdf.test.ts" name="sanitize &gt; convierte el espacio duro que mete Intl en un espacio normal" time="0.000841033">
        </testcase>
        <testcase classname="tests/cuenta-cobro-pdf.test.ts" name="sanitize &gt; descarta emojis y caracteres de control sin descartar el texto" time="0.000912533">
        </testcase>
        <testcase classname="tests/cuenta-cobro-pdf.test.ts" name="sanitize &gt; null y undefined dan cadena vacía, no &quot;null&quot;" time="0.001179905">
        </testcase>
        <testcase classname="tests/cuenta-cobro-pdf.test.ts" name="generateCuentaCobroPdf &gt; genera un PDF de una sola página" time="0.202814032">
        </testcase>
        <testcase classname="tests/cuenta-cobro-pdf.test.ts" name="generateCuentaCobroPdf &gt; sobrevive a texto sucio en cada campo libre" time="0.035347248">
        </testcase>
        <testcase classname="tests/cuenta-cobro-pdf.test.ts" name="generateCuentaCobroPdf &gt; no se rompe con los campos opcionales vacíos" time="0.050985627">
        </testcase>
        <testcase classname="tests/cuenta-cobro-pdf.test.ts" name="generateCuentaCobroPdf &gt; sigue siendo de una página aunque se pasen más líneas de las que caben" time="0.070305706">
        </testcase>
        <testcase classname="tests/cuenta-cobro-pdf.test.ts" name="generateCuentaCobroPdf &gt; un importe grande no desborda la línea del valor en letras" time="0.031157334">
        </testcase>
    </testsuite>
    <testsuite name="tests/cuentas-cobro-db.test.ts" timestamp="2026-09-02T17:30:40.956Z" hostname="mike-dev" tests="24" failures="0" errors="0" skipped="0" time="8.976255773">
        <testcase classname="tests/cuentas-cobro-db.test.ts" name="numeración &gt; usa una serie CC- propia, correlativa por año" time="0.316814853">
        </testcase>
        <testcase classname="tests/cuentas-cobro-db.test.ts" name="numeración &gt; no comparte consecutivo con las facturas del portal" time="0.350795864">
        </testcase>
        <testcase classname="tests/cuentas-cobro-db.test.ts" name="numeración &gt; el UNIQUE corta la carrera y el reintento asigna números distintos" time="0.468461842">
        </testcase>
        <testcase classname="tests/cuentas-cobro-db.test.ts" name="aislamiento factura / cuenta de cobro &gt; el panel de facturas no ve las cuentas de cobro" time="0.358124768">
        </testcase>
        <testcase classname="tests/cuentas-cobro-db.test.ts" name="aislamiento factura / cuenta de cobro &gt; el panel de cuentas de cobro no ve las facturas" time="0.369094038">
        </testcase>
        <testcase classname="tests/cuentas-cobro-db.test.ts" name="aislamiento factura / cuenta de cobro &gt; los contadores de cada listado tampoco se mezclan" time="0.545441541">
        </testcase>
        <testcase classname="tests/cuentas-cobro-db.test.ts" name="aislamiento factura / cuenta de cobro &gt; una cuenta de cobro no se puede leer como si fuera factura" time="0.360539605">
        </testcase>
        <testcase classname="tests/cuentas-cobro-db.test.ts" name="totales &gt; guarda subtotal, retenciones y neto calculados en el servidor" time="0.317563765">
        </testcase>
        <testcase classname="tests/cuentas-cobro-db.test.ts" name="totales &gt; el IVA queda en cero aunque la retención no aplique" time="0.283589119">
        </testcase>
        <testcase classname="tests/cuentas-cobro-db.test.ts" name="totales &gt; recalcula al actualizar el borrador" time="0.426679258">
        </testcase>
        <testcase classname="tests/cuentas-cobro-db.test.ts" name="emisión &gt; congela emisor y deudor en la fila" time="0.305992979">
        </testcase>
        <testcase classname="tests/cuentas-cobro-db.test.ts" name="emisión &gt; cambiar los datos del emisor NO altera una cuenta ya emitida" time="0.586280773">
        </testcase>
        <testcase classname="tests/cuentas-cobro-db.test.ts" name="emisión &gt; rechaza emitir sin NIT del deudor y devuelve todos los faltantes" time="0.324876341">
        </testcase>
        <testcase classname="tests/cuentas-cobro-db.test.ts" name="emisión &gt; rechaza emitir si faltan datos del emisor" time="0.437312889">
        </testcase>
        <testcase classname="tests/cuentas-cobro-db.test.ts" name="emisión &gt; rechaza emitir sin concepto detallado" time="0.294770812">
        </testcase>
        <testcase classname="tests/cuentas-cobro-db.test.ts" name="emisión &gt; emitir dos veces es un no-op seguro" time="0.341730403">
        </testcase>
        <testcase classname="tests/cuentas-cobro-db.test.ts" name="emisión &gt; aplica las tarifas vigentes en el momento de emitir, no las del borrador" time="0.464388685">
        </testcase>
        <testcase classname="tests/cuentas-cobro-db.test.ts" name="inmutabilidad &gt; una cuenta emitida no acepta cambios en sus líneas" time="0.247452511">
        </testcase>
        <testcase classname="tests/cuentas-cobro-db.test.ts" name="inmutabilidad &gt; una cuenta pagada tampoco" time="0.303361485">
        </testcase>
        <testcase classname="tests/cuentas-cobro-db.test.ts" name="inmutabilidad &gt; una cuenta pagada no se anula" time="0.296684425">
        </testcase>
        <testcase classname="tests/cuentas-cobro-db.test.ts" name="inmutabilidad &gt; una cuenta anulada no se marca pagada" time="0.366389399">
        </testcase>
        <testcase classname="tests/cuentas-cobro-db.test.ts" name="topeIvaDelAnio &gt; suma lo emitido y lo compara contra 3.500 UVT" time="0.410432991">
        </testcase>
        <testcase classname="tests/cuentas-cobro-db.test.ts" name="topeIvaDelAnio &gt; no cuenta borradores ni anuladas: no son documentos vivos" time="0.371426596">
        </testcase>
        <testcase classname="tests/cuentas-cobro-db.test.ts" name="topeIvaDelAnio &gt; se dispara la alerta al acercarse al tope" time="0.30089801">
        </testcase>
    </testsuite>
    <testsuite name="tests/cuentas-cobro.test.ts" timestamp="2026-09-02T17:30:40.964Z" hostname="mike-dev" tests="85" failures="0" errors="0" skipped="0" time="0.135158889">
        <testcase classname="tests/cuentas-cobro.test.ts" name="numeroALetras &gt; 0 → cero" time="0.026113194">
        </testcase>
        <testcase classname="tests/cuentas-cobro.test.ts" name="numeroALetras &gt; 1 → un" time="0.001882887">
        </testcase>
        <testcase classname="tests/cuentas-cobro.test.ts" name="numeroALetras &gt; 7 → siete" time="0.000660159">
        </testcase>
        <testcase classname="tests/cuentas-cobro.test.ts" name="numeroALetras &gt; 15 → quince" time="0.000873265">
        </testcase>
        <testcase classname="tests/cuentas-cobro.test.ts" name="numeroALetras &gt; 16 → dieciséis" time="0.000873116">
        </testcase>
        <testcase classname="tests/cuentas-cobro.test.ts" name="numeroALetras &gt; 20 → veinte" time="0.000467172">
        </testcase>
        <testcase classname="tests/cuentas-cobro.test.ts" name="numeroALetras &gt; 21 → veintiún" time="0.000651663">
        </testcase>
        <testcase classname="tests/cuentas-cobro.test.ts" name="numeroALetras &gt; 22 → veintidós" time="0.000418116">
        </testcase>
        <testcase classname="tests/cuentas-cobro.test.ts" name="numeroALetras &gt; 30 → treinta" time="0.001838891">
        </testcase>
        <testcase classname="tests/cuentas-cobro.test.ts" name="numeroALetras &gt; 31 → treinta y un" time="0.001208931">
        </testcase>
        <testcase classname="tests/cuentas-cobro.test.ts" name="numeroALetras &gt; 99 → noventa y nueve" time="0.000826254">
        </testcase>
        <testcase classname="tests/cuentas-cobro.test.ts" name="numeroALetras &gt; 100 → cien" time="0.000446783">
        </testcase>
        <testcase classname="tests/cuentas-cobro.test.ts" name="numeroALetras &gt; 101 → ciento un" time="0.000337289">
        </testcase>
        <testcase classname="tests/cuentas-cobro.test.ts" name="numeroALetras &gt; 115 → ciento quince" time="0.000318943">
        </testcase>
        <testcase classname="tests/cuentas-cobro.test.ts" name="numeroALetras &gt; 200 → doscientos" time="0.00029171">
        </testcase>
        <testcase classname="tests/cuentas-cobro.test.ts" name="numeroALetras &gt; 500 → quinientos" time="0.000423176">
        </testcase>
        <testcase classname="tests/cuentas-cobro.test.ts" name="numeroALetras &gt; 700 → setecientos" time="0.000419098">
        </testcase>
        <testcase classname="tests/cuentas-cobro.test.ts" name="numeroALetras &gt; 900 → novecientos" time="0.000267652">
        </testcase>
        <testcase classname="tests/cuentas-cobro.test.ts" name="numeroALetras &gt; 1000 → mil" time="0.000247834">
        </testcase>
        <testcase classname="tests/cuentas-cobro.test.ts" name="numeroALetras &gt; 1001 → mil un" time="0.000295006">
        </testcase>
        <testcase classname="tests/cuentas-cobro.test.ts" name="numeroALetras &gt; 2000 → dos mil" time="0.000217215">
        </testcase>
        <testcase classname="tests/cuentas-cobro.test.ts" name="numeroALetras &gt; 21000 → veintiún mil" time="0.000318232">
        </testcase>
        <testcase classname="tests/cuentas-cobro.test.ts" name="numeroALetras &gt; 100000 → cien mil" time="0.000178709">
        </testcase>
        <testcase classname="tests/cuentas-cobro.test.ts" name="numeroALetras &gt; 121000 → ciento veintiún mil" time="0.000224849">
        </testcase>
        <testcase classname="tests/cuentas-cobro.test.ts" name="numeroALetras &gt; 1000000 → un millón" time="0.000176013">
        </testcase>
        <testcase classname="tests/cuentas-cobro.test.ts" name="numeroALetras &gt; 2000000 → dos millones" time="0.00023041">
        </testcase>
        <testcase classname="tests/cuentas-cobro.test.ts" name="numeroALetras &gt; 2500000 → dos millones quinientos mil" time="0.000257854">
        </testcase>
        <testcase classname="tests/cuentas-cobro.test.ts" name="numeroALetras &gt; 21000000 → veintiún millones" time="0.000296308">
        </testcase>
        <testcase classname="tests/cuentas-cobro.test.ts" name="numeroALetras &gt; 1500750 → un millón quinientos mil setecientos cincuenta" time="0.000307731">
        </testcase>
        <testcase classname="tests/cuentas-cobro.test.ts" name="numeroALetras &gt; 183309000 → ciento ochenta y tres millones trescientos nueve mil" time="0.000383459">
        </testcase>
        <testcase classname="tests/cuentas-cobro.test.ts" name="numeroALetras &gt; rechaza negativos y valores fuera de rango en vez de devolver basura" time="0.000786025">
        </testcase>
        <testcase classname="tests/cuentas-cobro.test.ts" name="montoEnLetras &gt; escribe el importe como lo espera el área de pagos" time="0.000981166">
        </testcase>
        <testcase classname="tests/cuentas-cobro.test.ts" name="montoEnLetras &gt; singulariza un solo peso" time="0.000627786">
        </testcase>
        <testcase classname="tests/cuentas-cobro.test.ts" name="montoEnLetras &gt; solo escribe centavos cuando existen" time="0.000923092">
        </testcase>
        <testcase classname="tests/cuentas-cobro.test.ts" name="montoEnLetras &gt; cero es un importe válido de escribir, no un error" time="0.00065011">
        </testcase>
        <testcase classname="tests/cuentas-cobro.test.ts" name="computeRetentions &gt; honorarios: 11 % al declarante, 10 % al no declarante" time="0.001875633">
        </testcase>
        <testcase classname="tests/cuentas-cobro.test.ts" name="computeRetentions &gt; servicios generales: el NO declarante retiene MÁS (6 %) que el declarante (4 %)" time="0.001118935">
        </testcase>
        <testcase classname="tests/cuentas-cobro.test.ts" name="computeRetentions &gt; no practica retención por debajo de la base mínima en UVT" time="0.001246013">
        </testcase>
        <testcase classname="tests/cuentas-cobro.test.ts" name="computeRetentions &gt; honorarios no tiene base mínima: retiene desde el primer peso" time="0.000620292">
        </testcase>
        <testcase classname="tests/cuentas-cobro.test.ts" name="computeRetentions &gt; un concepto con tarifa sin configurar no retiene y lo dice" time="0.00049186">
        </testcase>
        <testcase classname="tests/cuentas-cobro.test.ts" name="computeRetentions &gt; redondea cada concepto a centavo entero por separado" time="0.000704005">
        </testcase>
        <testcase classname="tests/cuentas-cobro.test.ts" name="computeRetentions &gt; ignora conceptos que no existen en el catálogo" time="0.002295563">
        </testcase>
        <testcase classname="tests/cuentas-cobro.test.ts" name="computeCuentaCobro &gt; suma las líneas y no inventa impuestos" time="0.000846232">
        </testcase>
        <testcase classname="tests/cuentas-cobro.test.ts" name="computeCuentaCobro &gt; el IVA es cero por construcción, no un default sobrescribible" time="0.000785654">
        </testcase>
        <testcase classname="tests/cuentas-cobro.test.ts" name="computeCuentaCobro &gt; el neto descuenta las retenciones pero el total cobrado sigue siendo el bruto" time="0.000839188">
        </testcase>
        <testcase classname="tests/cuentas-cobro.test.ts" name="computeCuentaCobro &gt; el neto es exactamente total menos la suma de lo impreso" time="0.000684456">
        </testcase>
        <testcase classname="tests/cuentas-cobro.test.ts" name="computeCuentaCobro &gt; cantidades fraccionarias redondean a centavo entero por línea" time="0.000779602">
        </testcase>
        <testcase classname="tests/cuentas-cobro.test.ts" name="parseCuentaCobroConfig &gt; lee tarifas en porcentaje y ReteICA en por mil" time="0.002956483">
        </testcase>
        <testcase classname="tests/cuentas-cobro.test.ts" name="parseCuentaCobroConfig &gt; un valor basura cae al defecto en vez de tumbar el panel" time="0.000960475">
        </testcase>
        <testcase classname="tests/cuentas-cobro.test.ts" name="parseCuentaCobroConfig &gt; la base mínima de servicios es configurable: cambió con el Decreto 572 de 2025" time="0.001490139">
        </testcase>
        <testcase classname="tests/cuentas-cobro.test.ts" name="parseCuentaCobroConfig &gt; sin ninguna fila, el catálogo por defecto queda intacto" time="0.004140135">
        </testcase>
        <testcase classname="tests/cuentas-cobro.test.ts" name="parseEmisor / parseDeudor &gt; lee los datos del emisor de app_settings" time="0.001111711">
        </testcase>
        <testcase classname="tests/cuentas-cobro.test.ts" name="parseEmisor / parseDeudor &gt; extrae el NIT del billing_info aunque la clave esté escrita de otra forma" time="0.002558326">
        </testcase>
        <testcase classname="tests/cuentas-cobro.test.ts" name="parseEmisor / parseDeudor &gt; la razón social manda sobre el nombre de contacto de la ficha" time="0.000534824">
        </testcase>
        <testcase classname="tests/cuentas-cobro.test.ts" name="parseEmisor / parseDeudor &gt; sin empresa cae al nombre de la ficha (cliente persona natural)" time="0.000651312">
        </testcase>
        <testcase classname="tests/cuentas-cobro.test.ts" name="parseEmisor / parseDeudor &gt; un billing_info corrupto no lanza: devuelve campos vacíos" time="0.00378429">
        </testcase>
        <testcase classname="tests/cuentas-cobro.test.ts" name="ibcSeguridadSocial &gt; cotiza sobre el 40 % del valor mensualizado" time="0.002616309">
        </testcase>
        <testcase classname="tests/cuentas-cobro.test.ts" name="ibcSeguridadSocial &gt; aplica el piso de 1 SMMLV cuando el 40 % queda por debajo" time="0.000818899">
        </testcase>
        <testcase classname="tests/cuentas-cobro.test.ts" name="ibcSeguridadSocial &gt; sin SMMLV configurado no inventa un piso" time="0.001138834">
        </testcase>
        <testcase classname="tests/cuentas-cobro.test.ts" name="fechas en zona de Colombia &gt; un documento emitido de noche en Colombia NO se fecha al día siguiente" time="0.001878218">
        </testcase>
        <testcase classname="tests/cuentas-cobro.test.ts" name="fechas en zona de Colombia &gt; una fecha de calendario no retrocede un día al imprimirse" time="0.001373272">
        </testcase>
        <testcase classname="tests/cuentas-cobro.test.ts" name="fechas en zona de Colombia &gt; un cierre de mes se mantiene en su mes" time="0.003489705">
        </testcase>
        <testcase classname="tests/cuentas-cobro.test.ts" name="fechas en zona de Colombia &gt; ancla las fechas de calendario a medianoche colombiana, no a UTC" time="0.001031986">
        </testcase>
        <testcase classname="tests/cuentas-cobro.test.ts" name="fechas en zona de Colombia &gt; respeta un instante completo cuando ya viene con zona" time="0.000953683">
        </testcase>
        <testcase classname="tests/cuentas-cobro.test.ts" name="fechas en zona de Colombia &gt; una fecha inválida es null, nunca un Invalid Date que llegue a la base" time="0.002490974">
        </testcase>
        <testcase classname="tests/cuentas-cobro.test.ts" name="fechas en zona de Colombia &gt; sin fecha, el formateo no imprime &quot;Invalid Date&quot;" time="0.000966186">
        </testcase>
        <testcase classname="tests/cuentas-cobro.test.ts" name="bloquesIdentificacion &gt; el deudor va primero, bajo SEÑORES" time="0.000881652">
        </testcase>
        <testcase classname="tests/cuentas-cobro.test.ts" name="bloquesIdentificacion &gt; DEBE A encabeza al EMISOR, que es quien cobra" time="0.000899817">
        </testcase>
        <testcase classname="tests/cuentas-cobro.test.ts" name="bloquesIdentificacion &gt; nunca pone al deudor bajo el rótulo DEBE A" time="0.002508017">
        </testcase>
        <testcase classname="tests/cuentas-cobro.test.ts" name="bloquesIdentificacion &gt; cada parte lleva su documento con el prefijo que le corresponde" time="0.000735216">
        </testcase>
        <testcase classname="tests/cuentas-cobro.test.ts" name="bloquesIdentificacion &gt; omite las líneas vacías en vez de dejar huecos en el documento" time="0.000746709">
        </testcase>
        <testcase classname="tests/cuentas-cobro.test.ts" name="validateCuentaCobro &gt; un borrador completo no tiene problemas" time="0.001198591">
        </testcase>
        <testcase classname="tests/cuentas-cobro.test.ts" name="validateCuentaCobro &gt; exige cédula del emisor" time="0.001192248">
        </testcase>
        <testcase classname="tests/cuentas-cobro.test.ts" name="validateCuentaCobro &gt; exige dirección del emisor" time="0.000560184">
        </testcase>
        <testcase classname="tests/cuentas-cobro.test.ts" name="validateCuentaCobro &gt; exige banco" time="0.000469276">
        </testcase>
        <testcase classname="tests/cuentas-cobro.test.ts" name="validateCuentaCobro &gt; exige número de cuenta" time="0.002369958">
        </testcase>
        <testcase classname="tests/cuentas-cobro.test.ts" name="validateCuentaCobro &gt; exige NIT del deudor" time="0.000491028">
        </testcase>
        <testcase classname="tests/cuentas-cobro.test.ts" name="validateCuentaCobro &gt; exige concepto" time="0.000480999">
        </testcase>
        <testcase classname="tests/cuentas-cobro.test.ts" name="validateCuentaCobro &gt; exige ciudad de expedición" time="0.000413748">
        </testcase>
        <testcase classname="tests/cuentas-cobro.test.ts" name="validateCuentaCobro &gt; rechaza el IVA: es el invariante del documento" time="0.000847715">
        </testcase>
        <testcase classname="tests/cuentas-cobro.test.ts" name="validateCuentaCobro &gt; rechaza un documento que no es cuenta de cobro" time="0.000640411">
        </testcase>
        <testcase classname="tests/cuentas-cobro.test.ts" name="validateCuentaCobro &gt; exige líneas válidas y total positivo" time="0.000815633">
        </testcase>
        <testcase classname="tests/cuentas-cobro.test.ts" name="topeIva &gt; el tope son 3.500 UVT del año configurado" time="0.010480697">
        </testcase>
        <testcase classname="tests/cuentas-cobro.test.ts" name="topeIva &gt; escala de niveles: ok → aviso (70 %) → alerta (90 %) → superado" time="0.001632629">
        </testcase>
        <testcase classname="tests/cuentas-cobro.test.ts" name="topeIva &gt; sin nada emitido no alarma" time="0.000606103">
        </testcase>
    </testsuite>
    <testsuite name="tests/db-target.test.ts" timestamp="2026-09-02T17:30:41.001Z" hostname="mike-dev" tests="5" failures="0" errors="0" skipped="0" time="0.018054395">
        <testcase classname="tests/db-target.test.ts" name="isLocalDbUrl &gt; acepta la sqld local de compose.yaml" time="0.005799177">
        </testcase>
        <testcase classname="tests/db-target.test.ts" name="isLocalDbUrl &gt; acepta bases de archivo y en memoria" time="0.001072393">
        </testcase>
        <testcase classname="tests/db-target.test.ts" name="isLocalDbUrl &gt; rechaza Turso" time="0.000739563">
        </testcase>
        <testcase classname="tests/db-target.test.ts" name="isLocalDbUrl &gt; ante la duda dice remota" time="0.001107461">
        </testcase>
        <testcase classname="tests/db-target.test.ts" name="isLocalDbUrl &gt; no se deja engañar por un host que solo CONTIENE localhost" time="0.000806855">
        </testcase>
    </testsuite>
    <testsuite name="tests/demo.test.ts" timestamp="2026-09-02T17:30:41.004Z" hostname="mike-dev" tests="12" failures="0" errors="0" skipped="0" time="0.053318394">
        <testcase classname="tests/demo.test.ts" name="pase de demo · firma y vigencia &gt; acepta un pase recién emitido" time="0.016082118">
        </testcase>
        <testcase classname="tests/demo.test.ts" name="pase de demo · firma y vigencia &gt; rechaza un pase vencido (el TTL va dentro de lo firmado)" time="0.002177981">
        </testcase>
        <testcase classname="tests/demo.test.ts" name="pase de demo · firma y vigencia &gt; rechaza un pase firmado con otro secreto" time="0.004895164">
        </testcase>
        <testcase classname="tests/demo.test.ts" name="pase de demo · firma y vigencia &gt; no deja extender el TTL editando el payload sin re-firmar" time="0.001801756">
        </testcase>
        <testcase classname="tests/demo.test.ts" name="pase de demo · firma y vigencia &gt; rechaza basura, vacíos y firmas de longitud distinta" time="0.0031204">
        </testcase>
        <testcase classname="tests/demo.test.ts" name="pase de demo · firma y vigencia &gt; rechaza si no hay secreto configurado" time="0.0013269">
        </testcase>
        <testcase classname="tests/demo.test.ts" name="pase de demo · firma y vigencia &gt; un bit distinto en la firma invalida el pase" time="0.001384933">
        </testcase>
        <testcase classname="tests/demo.test.ts" name="demo · solo lectura &gt; permite GET y HEAD, nada más" time="0.001464939">
        </testcase>
        <testcase classname="tests/demo.test.ts" name="demo · rutas vetadas aunque sean GET &gt; bloquea los reveladores de credenciales (que son GET)" time="0.005947528">
        </testcase>
        <testcase classname="tests/demo.test.ts" name="demo · rutas vetadas aunque sean GET &gt; bloquea backup, upload y la superficie de la cuenta real" time="0.004049173">
        </testcase>
        <testcase classname="tests/demo.test.ts" name="demo · rutas vetadas aunque sean GET &gt; deja pasar las páginas que la demo existe para mostrar" time="0.001710628">
        </testcase>
        <testcase classname="tests/demo.test.ts" name="demo · rutas vetadas aunque sean GET &gt; la barra final no evade el bloqueo" time="0.000654347">
        </testcase>
    </testsuite>
    <testsuite name="tests/device-info.test.ts" timestamp="2026-09-02T17:30:41.008Z" hostname="mike-dev" tests="10" failures="0" errors="0" skipped="0" time="0.120673923">
        <testcase classname="tests/device-info.test.ts" name="clientIp &gt; toma la primera IP de x-forwarded-for" time="0.096659697">
        </testcase>
        <testcase classname="tests/device-info.test.ts" name="clientIp &gt; recorta espacios" time="0.001897144">
        </testcase>
        <testcase classname="tests/device-info.test.ts" name="clientIp &gt; cae a x-real-ip si no hay x-forwarded-for" time="0.00080372">
        </testcase>
        <testcase classname="tests/device-info.test.ts" name="clientIp &gt; devuelve null sin headers de IP" time="0.002051286">
        </testcase>
        <testcase classname="tests/device-info.test.ts" name="describeDevice &gt; sin User-Agent devuelve desconocido" time="0.000939023">
        </testcase>
        <testcase classname="tests/device-info.test.ts" name="describeDevice &gt; Chrome en Windows" time="0.002021929">
        </testcase>
        <testcase classname="tests/device-info.test.ts" name="describeDevice &gt; Safari en iOS (iPhone)" time="0.001108174">
        </testcase>
        <testcase classname="tests/device-info.test.ts" name="describeDevice &gt; Edge se distingue de Chrome" time="0.000985625">
        </testcase>
        <testcase classname="tests/device-info.test.ts" name="describeDevice &gt; Firefox en macOS" time="0.003093592">
        </testcase>
        <testcase classname="tests/device-info.test.ts" name="describeDevice &gt; Chrome en Android" time="0.000820272">
        </testcase>
    </testsuite>
    <testsuite name="tests/diagnostics.test.ts" timestamp="2026-09-02T17:30:41.012Z" hostname="mike-dev" tests="37" failures="0" errors="0" skipped="0" time="0.353565523">
        <testcase classname="tests/diagnostics.test.ts" name="diagnosticSuite (estructura) &gt; expone las 12 pruebas con id y label" time="0.015757165">
        </testcase>
        <testcase classname="tests/diagnostics.test.ts" name="reachability &gt; HTTP 200 → pass con latencia y metadatos" time="0.105127215">
        </testcase>
        <testcase classname="tests/diagnostics.test.ts" name="reachability &gt; HTTP 500 → fail, 404 → warn" time="0.005280634">
        </testcase>
        <testcase classname="tests/diagnostics.test.ts" name="reachability &gt; excepción de red → fail cronometrado (via timed)" time="0.002993146">
        </testcase>
        <testcase classname="tests/diagnostics.test.ts" name="https-redirect &gt; 301 con Location https → pass" time="0.003673264">
        </testcase>
        <testcase classname="tests/diagnostics.test.ts" name="https-redirect &gt; redirección que no va a https → warn" time="0.00288234">
        </testcase>
        <testcase classname="tests/diagnostics.test.ts" name="https-redirect &gt; sirve 200 por http sin redirigir → warn; sin respuesta http → info" time="0.003909766">
        </testcase>
        <testcase classname="tests/diagnostics.test.ts" name="security-headers &gt; todas presentes → pass" time="0.003968732">
        </testcase>
        <testcase classname="tests/diagnostics.test.ts" name="security-headers &gt; falta una crítica (HSTS) → warn" time="0.003765434">
        </testcase>
        <testcase classname="tests/diagnostics.test.ts" name="dns &gt; con registros A → pass y resumen con conteos" time="0.003016231">
        </testcase>
        <testcase classname="tests/diagnostics.test.ts" name="dns &gt; sin A/AAAA/CNAME → fail" time="0.0028108">
        </testcase>
        <testcase classname="tests/diagnostics.test.ts" name="domain-expiry (RDAP) &gt; lejos del vencimiento → pass; ≤30d → warn; vencido → fail" time="0.034182913">
        </testcase>
        <testcase classname="tests/diagnostics.test.ts" name="domain-expiry (RDAP) &gt; TLD sin RDAP → info (no falla)" time="0.003822435">
        </testcase>
        <testcase classname="tests/diagnostics.test.ts" name="robots.txt &gt; robots real con Sitemap → pass" time="0.024420165">
        </testcase>
        <testcase classname="tests/diagnostics.test.ts" name="robots.txt &gt; catch-all de SPA (HTML con 200) → warn; 404 → info" time="0.014641176">
        </testcase>
        <testcase classname="tests/diagnostics.test.ts" name="sitemap.xml &gt; urlset válido → pass con conteo de URLs" time="0.009189157">
        </testcase>
        <testcase classname="tests/diagnostics.test.ts" name="sitemap.xml &gt; índice de sitemaps → pass; catch-all → warn; ausente → info" time="0.014081653">
        </testcase>
        <testcase classname="tests/diagnostics.test.ts" name="tls &gt; objetivo http → info sin abrir sockets" time="0.004084748">
        </testcase>
        <testcase classname="tests/diagnostics.test.ts" name="seo-meta &gt; title, description y canonical presentes → pass" time="0.011692096">
        </testcase>
        <testcase classname="tests/diagnostics.test.ts" name="seo-meta &gt; falta un campo → warn con el nombre del que falta" time="0.010105627">
        </testcase>
        <testcase classname="tests/diagnostics.test.ts" name="seo-meta &gt; faltan dos o más campos → warn igual (no escala a fail)" time="0.004197939">
        </testcase>
        <testcase classname="tests/diagnostics.test.ts" name="seo-meta &gt; sin poder descargar el HTML → fail" time="0.001923096">
        </testcase>
        <testcase classname="tests/diagnostics.test.ts" name="performance &gt; cuenta scripts, hojas de estilo e imágenes enlazadas" time="0.010515788">
        </testcase>
        <testcase classname="tests/diagnostics.test.ts" name="performance &gt; reporta el tamaño del HTML descargado" time="0.006204137">
        </testcase>
        <testcase classname="tests/diagnostics.test.ts" name="performance &gt; sin poder medir (fetch falla) → fail" time="0.001722014">
        </testcase>
        <testcase classname="tests/diagnostics.test.ts" name="accessibility (heurística) &gt; html correcto sin hallazgos → pass" time="0.004354033">
        </testcase>
        <testcase classname="tests/diagnostics.test.ts" name="accessibility (heurística) &gt; un solo hallazgo (falta lang) → warn" time="0.002741004">
        </testcase>
        <testcase classname="tests/diagnostics.test.ts" name="accessibility (heurística) &gt; tres o más hallazgos acumulados → fail" time="0.003273884">
        </testcase>
        <testcase classname="tests/diagnostics.test.ts" name="accessibility (heurística) &gt; un &lt;label for&gt; asociado exime al input de ser un hallazgo" time="0.002177563">
        </testcase>
        <testcase classname="tests/diagnostics.test.ts" name="accessibility (heurística) &gt; un input sin label ni aria-label cuenta como hallazgo" time="0.001922986">
        </testcase>
        <testcase classname="tests/diagnostics.test.ts" name="accessibility (heurística) &gt; múltiples &lt;h1&gt; también es un hallazgo" time="0.001909911">
        </testcase>
        <testcase classname="tests/diagnostics.test.ts" name="accessibility (heurística) &gt; sin poder analizar el HTML → fail" time="0.002052508">
        </testcase>
        <testcase classname="tests/diagnostics.test.ts" name="lighthouse (PageSpeed Insights) &gt; sin PSI_API_KEY → info, sin llamar a la red" time="0.002911457">
        </testcase>
        <testcase classname="tests/diagnostics.test.ts" name="lighthouse (PageSpeed Insights) &gt; PSI responde con scores → pass si rendimiento ≥90" time="0.003151655">
        </testcase>
        <testcase classname="tests/diagnostics.test.ts" name="lighthouse (PageSpeed Insights) &gt; rendimiento entre 50 y 89 → warn; por debajo de 50 → fail" time="0.003688424">
        </testcase>
        <testcase classname="tests/diagnostics.test.ts" name="lighthouse (PageSpeed Insights) &gt; PSI responde con error HTTP → fail" time="0.001884581">
        </testcase>
        <testcase classname="tests/diagnostics.test.ts" name="lighthouse (PageSpeed Insights) &gt; PSI responde 200 pero sin datos de Lighthouse → fail" time="0.001447116">
        </testcase>
    </testsuite>
    <testsuite name="tests/docs-paginas.test.ts" timestamp="2026-09-02T17:30:41.025Z" hostname="mike-dev" tests="7" failures="0" errors="0" skipped="0" time="0.024568872">
        <testcase classname="tests/docs-paginas.test.ts" name="páginas de /docs &gt; registra todas las páginas que existen en disco" time="0.006832506">
        </testcase>
        <testcase classname="tests/docs-paginas.test.ts" name="páginas de /docs &gt; no registra páginas que ya no existen" time="0.001250731">
        </testcase>
        <testcase classname="tests/docs-paginas.test.ts" name="páginas de /docs &gt; da una razón por cada página excluida" time="0.001349865">
        </testcase>
        <testcase classname="tests/docs-paginas.test.ts" name="páginas de /docs &gt; enlaza toda página indexable desde el índice de /docs" time="0.001199401">
        </testcase>
        <testcase classname="tests/docs-paginas.test.ts" name="páginas de /docs &gt; no enlaza desde el índice ninguna página que no exista" time="0.000990283">
        </testcase>
        <testcase classname="tests/docs-paginas.test.ts" name="sitemap de /docs &gt; anuncia la portada y todas las subpáginas indexables" time="0.00432437">
        </testcase>
        <testcase classname="tests/docs-paginas.test.ts" name="sitemap de /docs &gt; nunca anuncia el deck privado ni la versión imprimible" time="0.002322132">
        </testcase>
[...]
        </testcase>
        <testcase classname="tests/sustentacion-pase.test.ts" name="pase del escenario &gt; el pase de OTRA sesión no vale" time="0.001059749">
        </testcase>
        <testcase classname="tests/sustentacion-pase.test.ts" name="pase del escenario &gt; no vale firmado con otra clave" time="0.000720616">
        </testcase>
        <testcase classname="tests/sustentacion-pase.test.ts" name="pase del escenario &gt; la fecha de caducidad no se puede estirar a mano" time="0.001130717">
        </testcase>
        <testcase classname="tests/sustentacion-pase.test.ts" name="pase del escenario &gt; rechaza basura sin lanzar" time="0.004748428">
        </testcase>
        <testcase classname="tests/sustentacion-pase.test.ts" name="pase del escenario &gt; SIN SECRETO nunca valida, aunque el token tenga buena pinta" time="0.001162499">
        </testcase>
        <testcase classname="tests/sustentacion-pase.test.ts" name="pase del escenario &gt; sin sessionId tampoco valida" time="0.000844479">
        </testcase>
        <testcase classname="tests/sustentacion-pase.test.ts" name="pase del escenario &gt; dos sesiones distintas dan pases distintos" time="0.003020977">
        </testcase>
    </testsuite>
    <testsuite name="tests/sustentacion-seguir.test.ts" timestamp="2026-09-02T17:30:41.652Z" hostname="mike-dev" tests="8" failures="0" errors="0" skipped="0" time="0.237700476">
        <testcase classname="tests/sustentacion-seguir.test.ts" name="seguidor · camino normal &gt; pide el snapshot al arrancar y lo entrega" time="0.072557633">
        </testcase>
        <testcase classname="tests/sustentacion-seguir.test.ts" name="seguidor · camino normal &gt; descarta un mensaje viejo que llega tarde por el bus" time="0.056695092">
        </testcase>
        <testcase classname="tests/sustentacion-seguir.test.ts" name="seguidor · camino normal &gt; con bus, se suscribe al canal sust: y marca en-vivo" time="0.009043072">
        </testcase>
        <testcase classname="tests/sustentacion-seguir.test.ts" name="seguidor · la pantalla nunca se vacía &gt; con la sesión expirada (404) avisa pero NO emite un snapshot vacío" time="0.058279627">
        </testcase>
        <testcase classname="tests/sustentacion-seguir.test.ts" name="seguidor · la pantalla nunca se vacía &gt; sin red no lanza y no emite nada: lo que hay en pantalla se queda" time="0.005350079">
        </testcase>
        <testcase classname="tests/sustentacion-seguir.test.ts" name="seguidor · backoff &gt; espacia los reintentos y los reinicia al recuperar" time="0.022609639">
        </testcase>
        <testcase classname="tests/sustentacion-seguir.test.ts" name="seguidor · backoff &gt; el rescate nunca se espacia más de 15 s" time="0.006253063">
        </testcase>
        <testcase classname="tests/sustentacion-seguir.test.ts" name="seguidor · caída del bus &gt; tras varios errores del EventSource cae al rescate por snapshot" time="0.001642448">
        </testcase>
    </testsuite>
    <testsuite name="tests/uml-activity.test.ts" timestamp="2026-09-02T17:30:41.655Z" hostname="mike-dev" tests="19" failures="0" errors="0" skipped="0" time="0.049176044">
        <testcase classname="tests/uml-activity.test.ts" name="ruteo de transiciones &gt; traza una recta vertical entre nodos de la misma columna" time="0.005723957">
        </testcase>
        <testcase classname="tests/uml-activity.test.ts" name="ruteo de transiciones &gt; traza una recta horizontal entre nodos de la misma fila" time="0.001206516">
        </testcase>
        <testcase classname="tests/uml-activity.test.ts" name="ruteo de transiciones &gt; baja por un canal lateral cuando la transición trae desvío explícito" time="0.001011294">
        </testcase>
        <testcase classname="tests/uml-activity.test.ts" name="ruteo de transiciones &gt; rodea por un canal cuando el flujo vuelve hacia arriba" time="0.002202371">
        </testcase>
        <testcase classname="tests/uml-activity.test.ts" name="actividad &quot;&apos;middleware&apos;&quot; &gt; no tiene defectos de dibujo ni de notación" time="0.008720418">
        </testcase>
        <testcase classname="tests/uml-activity.test.ts" name="actividad &quot;&apos;middleware&apos;&quot; &gt; declara un nodo inicial y al menos un final de actividad" time="0.000865931">
        </testcase>
        <testcase classname="tests/uml-activity.test.ts" name="actividad &quot;&apos;middleware&apos;&quot; &gt; cita dónde vive en el código" time="0.000767148">
        </testcase>
        <testcase classname="tests/uml-activity.test.ts" name="actividad &quot;&apos;middleware&apos;&quot; &gt; todo nodo es alcanzable desde el inicial" time="0.00129555">
        </testcase>
        <testcase classname="tests/uml-activity.test.ts" name="actividad &quot;&apos;middleware&apos;&quot; &gt; produce un lienzo con área positiva" time="0.002878621">
        </testcase>
        <testcase classname="tests/uml-activity.test.ts" name="actividad &quot;&apos;pipeline&apos;&quot; &gt; no tiene defectos de dibujo ni de notación" time="0.003899955">
        </testcase>
        <testcase classname="tests/uml-activity.test.ts" name="actividad &quot;&apos;pipeline&apos;&quot; &gt; declara un nodo inicial y al menos un final de actividad" time="0.001312533">
        </testcase>
        <testcase classname="tests/uml-activity.test.ts" name="actividad &quot;&apos;pipeline&apos;&quot; &gt; cita dónde vive en el código" time="0.000497772">
        </testcase>
        <testcase classname="tests/uml-activity.test.ts" name="actividad &quot;&apos;pipeline&apos;&quot; &gt; todo nodo es alcanzable desde el inicial" time="0.000696881">
        </testcase>
        <testcase classname="tests/uml-activity.test.ts" name="actividad &quot;&apos;pipeline&apos;&quot; &gt; produce un lienzo con área positiva" time="0.001658919">
        </testcase>
        <testcase classname="tests/uml-activity.test.ts" name="actividad &quot;&apos;webhook-pago&apos;&quot; &gt; no tiene defectos de dibujo ni de notación" time="0.007396924">
        </testcase>
        <testcase classname="tests/uml-activity.test.ts" name="actividad &quot;&apos;webhook-pago&apos;&quot; &gt; declara un nodo inicial y al menos un final de actividad" time="0.000585593">
        </testcase>
        <testcase classname="tests/uml-activity.test.ts" name="actividad &quot;&apos;webhook-pago&apos;&quot; &gt; cita dónde vive en el código" time="0.000253766">
        </testcase>
        <testcase classname="tests/uml-activity.test.ts" name="actividad &quot;&apos;webhook-pago&apos;&quot; &gt; todo nodo es alcanzable desde el inicial" time="0.00035826">
        </testcase>
        <testcase classname="tests/uml-activity.test.ts" name="actividad &quot;&apos;webhook-pago&apos;&quot; &gt; produce un lienzo con área positiva" time="0.001267575">
        </testcase>
    </testsuite>
    <testsuite name="tests/uml-communication.test.ts" timestamp="2026-09-02T17:30:41.664Z" hostname="mike-dev" tests="25" failures="0" errors="0" skipped="0" time="0.153354515">
        <testcase classname="tests/uml-communication.test.ts" name="comunicación &quot;&apos;login&apos;&quot; &gt; no tiene defectos de dibujo, numeración ni semántica" time="0.057864527">
        </testcase>
        <testcase classname="tests/uml-communication.test.ts" name="comunicación &quot;&apos;login&apos;&quot; &gt; apunta al diagrama de secuencia equivalente" time="0.001217748">
        </testcase>
        <testcase classname="tests/uml-communication.test.ts" name="comunicación &quot;&apos;login&apos;&quot; &gt; imprime cada objeto como instancia y no como clase" time="0.001435704">
        </testcase>
        <testcase classname="tests/uml-communication.test.ts" name="comunicación &quot;&apos;login&apos;&quot; &gt; dibuja un solo enlace por pareja de objetos, sin importar cuántos mensajes lleve" time="0.01021538">
        </testcase>
        <testcase classname="tests/uml-communication.test.ts" name="comunicación &quot;&apos;login&apos;&quot; &gt; coloca todos los mensajes, incluidos los reflexivos" time="0.008920612">
        </testcase>
        <testcase classname="tests/uml-communication.test.ts" name="comunicación &quot;&apos;login&apos;&quot; &gt; dibuja cada flecha en el sentido real del mensaje" time="0.004964235">
        </testcase>
        <testcase classname="tests/uml-communication.test.ts" name="comunicación &quot;&apos;monitor&apos;&quot; &gt; no tiene defectos de dibujo, numeración ni semántica" time="0.002916236">
        </testcase>
        <testcase classname="tests/uml-communication.test.ts" name="comunicación &quot;&apos;monitor&apos;&quot; &gt; apunta al diagrama de secuencia equivalente" time="0.000780164">
        </testcase>
        <testcase classname="tests/uml-communication.test.ts" name="comunicación &quot;&apos;monitor&apos;&quot; &gt; imprime cada objeto como instancia y no como clase" time="0.002101774">
        </testcase>
        <testcase classname="tests/uml-communication.test.ts" name="comunicación &quot;&apos;monitor&apos;&quot; &gt; dibuja un solo enlace por pareja de objetos, sin importar cuántos mensajes lleve" time="0.003074324">
        </testcase>
        <testcase classname="tests/uml-communication.test.ts" name="comunicación &quot;&apos;monitor&apos;&quot; &gt; coloca todos los mensajes, incluidos los reflexivos" time="0.004574544">
        </testcase>
        <testcase classname="tests/uml-communication.test.ts" name="comunicación &quot;&apos;monitor&apos;&quot; &gt; dibuja cada flecha en el sentido real del mensaje" time="0.006146343">
        </testcase>
        <testcase classname="tests/uml-communication.test.ts" name="comunicación &quot;&apos;seguridad&apos;&quot; &gt; no tiene defectos de dibujo, numeración ni semántica" time="0.005076464">
        </testcase>
        <testcase classname="tests/uml-communication.test.ts" name="comunicación &quot;&apos;seguridad&apos;&quot; &gt; apunta al diagrama de secuencia equivalente" time="0.000495137">
        </testcase>
        <testcase classname="tests/uml-communication.test.ts" name="comunicación &quot;&apos;seguridad&apos;&quot; &gt; imprime cada objeto como instancia y no como clase" time="0.00085004">
        </testcase>
        <testcase classname="tests/uml-communication.test.ts" name="comunicación &quot;&apos;seguridad&apos;&quot; &gt; dibuja un solo enlace por pareja de objetos, sin importar cuántos mensajes lleve" time="0.00623651">
        </testcase>
        <testcase classname="tests/uml-communication.test.ts" name="comunicación &quot;&apos;seguridad&apos;&quot; &gt; coloca todos los mensajes, incluidos los reflexivos" time="0.003181273">
        </testcase>
        <testcase classname="tests/uml-communication.test.ts" name="comunicación &quot;&apos;seguridad&apos;&quot; &gt; dibuja cada flecha en el sentido real del mensaje" time="0.003692992">
        </testcase>
        <testcase classname="tests/uml-communication.test.ts" name="comunicación &quot;&apos;pagos&apos;&quot; &gt; no tiene defectos de dibujo, numeración ni semántica" time="0.00290329">
        </testcase>
        <testcase classname="tests/uml-communication.test.ts" name="comunicación &quot;&apos;pagos&apos;&quot; &gt; apunta al diagrama de secuencia equivalente" time="0.00047092">
        </testcase>
        <testcase classname="tests/uml-communication.test.ts" name="comunicación &quot;&apos;pagos&apos;&quot; &gt; imprime cada objeto como instancia y no como clase" time="0.000512842">
        </testcase>
        <testcase classname="tests/uml-communication.test.ts" name="comunicación &quot;&apos;pagos&apos;&quot; &gt; dibuja un solo enlace por pareja de objetos, sin importar cuántos mensajes lleve" time="0.003800372">
        </testcase>
        <testcase classname="tests/uml-communication.test.ts" name="comunicación &quot;&apos;pagos&apos;&quot; &gt; coloca todos los mensajes, incluidos los reflexivos" time="0.003858756">
        </testcase>
        <testcase classname="tests/uml-communication.test.ts" name="comunicación &quot;&apos;pagos&apos;&quot; &gt; dibuja cada flecha en el sentido real del mensaje" time="0.003586284">
        </testcase>
        <testcase classname="tests/uml-communication.test.ts" name="conjunto de diagramas de comunicación &gt; cubre las cuatro interacciones del diagrama de secuencia" time="0.00085529">
        </testcase>
    </testsuite>
    <testsuite name="tests/uml-component.test.ts" timestamp="2026-09-02T17:30:41.671Z" hostname="mike-dev" tests="5" failures="0" errors="0" skipped="0" time="0.056892473">
        <testcase classname="tests/uml-component.test.ts" name="componentes &quot;&apos;arquitectura&apos;&quot; &gt; no tiene defectos de dibujo ni de notación" time="0.031658028">
        </testcase>
        <testcase classname="tests/uml-component.test.ts" name="componentes &quot;&apos;arquitectura&apos;&quot; &gt; dibuja una sola bola por interfaz provista, no una por consumidor" time="0.008874877">
        </testcase>
        <testcase classname="tests/uml-component.test.ts" name="componentes &quot;&apos;arquitectura&apos;&quot; &gt; conecta cada enchufe con la bola de su interfaz" time="0.003500795">
        </testcase>
        <testcase classname="tests/uml-component.test.ts" name="componentes &quot;&apos;arquitectura&apos;&quot; &gt; nombra toda interfaz con la convención IAlgo" time="0.001845763">
        </testcase>
        <testcase classname="tests/uml-component.test.ts" name="componentes &quot;&apos;arquitectura&apos;&quot; &gt; no describe despliegue: ningún componente nombra a su proveedor de infraestructura" time="0.003689503">
        </testcase>
    </testsuite>
    <testsuite name="tests/uml-deployment.test.ts" timestamp="2026-09-02T17:30:41.674Z" hostname="mike-dev" tests="5" failures="0" errors="0" skipped="0" time="0.043272777">
        <testcase classname="tests/uml-deployment.test.ts" name="despliegue &quot;&apos;produccion&apos;&quot; &gt; no tiene defectos de dibujo ni de notación" time="0.022575432">
        </testcase>
        <testcase classname="tests/uml-deployment.test.ts" name="despliegue &quot;&apos;produccion&apos;&quot; &gt; declara el protocolo de todos los caminos de comunicación" time="0.002471013">
        </testcase>
        <testcase classname="tests/uml-deployment.test.ts" name="despliegue &quot;&apos;produccion&apos;&quot; &gt; despliega al menos un artefacto o nodo anidado en cada nodo" time="0.003100022">
        </testcase>
        <testcase classname="tests/uml-deployment.test.ts" name="despliegue &quot;&apos;produccion&apos;&quot; &gt; coloca cada elemento contenido dentro de su nodo" time="0.008786634">
        </testcase>
        <testcase classname="tests/uml-deployment.test.ts" name="despliegue &quot;&apos;produccion&apos;&quot; &gt; conecta el grafo entero: ningún nodo queda aislado" time="0.001495018">
        </testcase>
    </testsuite>
    <testsuite name="tests/vault.test.ts" timestamp="2026-09-02T17:30:41.679Z" hostname="mike-dev" tests="10" failures="0" errors="0" skipped="0" time="0.035422836">
        <testcase classname="tests/vault.test.ts" name="vault · sinSecretos &gt; quita el blob cifrado de la fila" time="0.009972995">
        </testcase>
        <testcase classname="tests/vault.test.ts" name="vault · sinSecretos &gt; conserva intacto todo lo demás" time="0.002849251">
        </testcase>
        <testcase classname="tests/vault.test.ts" name="vault · sinSecretos &gt; no muta la fila original" time="0.0013373">
        </testcase>
        <testcase classname="tests/vault.test.ts" name="vault · sinSecretos &gt; el secreto no sobrevive a JSON.stringify" time="0.00254107">
        </testcase>
        <testcase classname="tests/vault.test.ts" name="vault · sinSecretos &gt; tolera un servicio sin credenciales guardadas" time="0.001490029">
        </testcase>
        <testcase classname="tests/vault.test.ts" name="vault · sinSecretos &gt; redacta la lista entera, no solo el primero" time="0.000848506">
        </testcase>
        <testcase classname="tests/vault.test.ts" name="vault · sinValorCifrado &gt; quita el valor cifrado pero deja la clave visible" time="0.002373312">
        </testcase>
        <testcase classname="tests/vault.test.ts" name="vault · sinValorCifrado &gt; el valor no sobrevive a JSON.stringify" time="0.002338123">
        </testcase>
        <testcase classname="tests/vault.test.ts" name="vault · sinValorCifrado &gt; redacta la lista entera" time="0.003022839">
        </testcase>
        <testcase classname="tests/vault.test.ts" name="vault · sinValorCifrado &gt; no toca un campo `secrets` ajeno ni viceversa" time="0.001296581">
        </testcase>
    </testsuite>
    <testsuite name="tests/vitals.test.ts" timestamp="2026-09-02T17:30:41.685Z" hostname="mike-dev" tests="9" failures="0" errors="0" skipped="0" time="0.03268374">
        <testcase classname="tests/vitals.test.ts" name="p75 &gt; lista vacía devuelve null" time="0.005684664">
        </testcase>
        <testcase classname="tests/vitals.test.ts" name="p75 &gt; un solo valor" time="0.003360298">
        </testcase>
        <testcase classname="tests/vitals.test.ts" name="p75 &gt; percentil 75 de 1..100" time="0.000934314">
        </testcase>
        <testcase classname="tests/vitals.test.ts" name="p75 &gt; no depende del orden de entrada" time="0.001180283">
        </testcase>
        <testcase classname="tests/vitals.test.ts" name="rateVital &gt; clasifica LCP según umbrales de Google" time="0.003797651">
        </testcase>
        <testcase classname="tests/vitals.test.ts" name="rateVital &gt; clasifica CLS (adimensional)" time="0.002151058">
        </testcase>
        <testcase classname="tests/vitals.test.ts" name="rateVital &gt; clasifica INP" time="0.002523444">
        </testcase>
        <testcase classname="tests/vitals.test.ts" name="formatVital &gt; ms se redondea a entero" time="0.001164001">
        </testcase>
        <testcase classname="tests/vitals.test.ts" name="formatVital &gt; CLS a dos decimales" time="0.003217379">
        </testcase>
    </testsuite>
    <testsuite name="tests/vyv.test.ts" timestamp="2026-09-02T17:30:41.689Z" hostname="mike-dev" tests="8" failures="0" errors="0" skipped="0" time="0.047907359">
        <testcase classname="tests/vyv.test.ts" name="vyv · integridad referencial con testing.ts &gt; toda CLASIFICACION apunta a un nivel que existe" time="0.012729487">
        </testcase>
        <testcase classname="tests/vyv.test.ts" name="vyv · integridad referencial con testing.ts &gt; clasifica todos los niveles, sin dejar ninguno fuera" time="0.001177077">
        </testcase>
        <testcase classname="tests/vyv.test.ts" name="vyv · integridad referencial con testing.ts &gt; no clasifica el mismo nivel dos veces" time="0.006241883">
        </testcase>
        <testcase classname="tests/vyv.test.ts" name="vyv · subsistemas por nivel de integridad &gt; cada subsistema se cubre con niveles de prueba que existen" time="0.001262644">
        </testcase>
        <testcase classname="tests/vyv.test.ts" name="vyv · subsistemas por nivel de integridad &gt; no repite ids de subsistema" time="0.00169567">
        </testcase>
        <testcase classname="tests/vyv.test.ts" name="vyv · subsistemas por nivel de integridad &gt; todo subsistema declara al menos una tarea de V&amp;V que lo cubre" time="0.001027976">
        </testcase>
        <testcase classname="tests/vyv.test.ts" name="vyv · subsistemas por nivel de integridad &gt; usa solo niveles de integridad con etiqueta definida" time="0.005631632">
        </testcase>
        <testcase classname="tests/vyv.test.ts" name="vyv · subsistemas por nivel de integridad &gt; el contenido público no se atribuye la cobertura de código" time="0.004935383">
        </testcase>
    </testsuite>
</testsuites>
