{"total": {"lines":{"total":382,"covered":334,"skipped":0,"pct":87.43},"statements":{"total":469,"covered":401,"skipped":0,"pct":85.5},"functions":{"total":85,"covered":64,"skipped":0,"pct":75.29},"branches":{"total":412,"covered":312,"skipped":0,"pct":75.72},"branchesTrue":{"total":0,"covered":0,"skipped":0,"pct":"Unknown"}}
,"/home/mike/dev/work/github.com/portfolio/src/lib/auth.ts": {"lines":{"total":4,"covered":4,"skipped":0,"pct":100},"functions":{"total":2,"covered":2,"skipped":0,"pct":100},"statements":{"total":4,"covered":4,"skipped":0,"pct":100},"branches":{"total":4,"covered":4,"skipped":0,"pct":100}}
,"/home/mike/dev/work/github.com/portfolio/src/lib/crypto.ts": {"lines":{"total":24,"covered":24,"skipped":0,"pct":100},"functions":{"total":6,"covered":6,"skipped":0,"pct":100},"statements":{"total":27,"covered":27,"skipped":0,"pct":100},"branches":{"total":10,"covered":9,"skipped":0,"pct":90}}
,"/home/mike/dev/work/github.com/portfolio/src/lib/diagnostics.ts": {"lines":{"total":123,"covered":93,"skipped":0,"pct":75.6},"functions":{"total":31,"covered":21,"skipped":0,"pct":67.74},"statements":{"total":148,"covered":110,"skipped":0,"pct":74.32},"branches":{"total":167,"covered":101,"skipped":0,"pct":60.47}}
,"/home/mike/dev/work/github.com/portfolio/src/lib/domains.ts": {"lines":{"total":37,"covered":37,"skipped":0,"pct":100},"functions":{"total":6,"covered":5,"skipped":0,"pct":83.33},"statements":{"total":51,"covered":50,"skipped":0,"pct":98.03},"branches":{"total":28,"covered":27,"skipped":0,"pct":96.42}}
,"/home/mike/dev/work/github.com/portfolio/src/lib/interactions.ts": {"lines":{"total":29,"covered":29,"skipped":0,"pct":100},"functions":{"total":3,"covered":3,"skipped":0,"pct":100},"statements":{"total":37,"covered":37,"skipped":0,"pct":100},"branches":{"total":42,"covered":39,"skipped":0,"pct":92.85}}
,"/home/mike/dev/work/github.com/portfolio/src/lib/money.ts": {"lines":{"total":30,"covered":30,"skipped":0,"pct":100},"functions":{"total":7,"covered":7,"skipped":0,"pct":100},"statements":{"total":35,"covered":35,"skipped":0,"pct":100},"branches":{"total":28,"covered":27,"skipped":0,"pct":96.42}}
,"/home/mike/dev/work/github.com/portfolio/src/lib/monitors.ts": {"lines":{"total":47,"covered":30,"skipped":0,"pct":63.82},"functions":{"total":11,"covered":2,"skipped":0,"pct":18.18},"statements":{"total":54,"covered":31,"skipped":0,"pct":57.4},"branches":{"total":34,"covered":21,"skipped":0,"pct":61.76}}
,"/home/mike/dev/work/github.com/portfolio/src/lib/notify.ts": {"lines":{"total":28,"covered":27,"skipped":0,"pct":96.42},"functions":{"total":7,"covered":6,"skipped":0,"pct":85.71},"statements":{"total":38,"covered":34,"skipped":0,"pct":89.47},"branches":{"total":34,"covered":26,"skipped":0,"pct":76.47}}
,"/home/mike/dev/work/github.com/portfolio/src/lib/pnl.ts": {"lines":{"total":24,"covered":24,"skipped":0,"pct":100},"functions":{"total":7,"covered":7,"skipped":0,"pct":100},"statements":{"total":28,"covered":28,"skipped":0,"pct":100},"branches":{"total":10,"covered":10,"skipped":0,"pct":100}}
,"/home/mike/dev/work/github.com/portfolio/src/lib/services.ts": {"lines":{"total":36,"covered":36,"skipped":0,"pct":100},"functions":{"total":5,"covered":5,"skipped":0,"pct":100},"statements":{"total":47,"covered":45,"skipped":0,"pct":95.74},"branches":{"total":55,"covered":48,"skipped":0,"pct":87.27}}
}
