{"total": {"lines":{"total":2164,"covered":1168,"skipped":0,"pct":53.97},"statements":{"total":2628,"covered":1415,"skipped":0,"pct":53.84},"functions":{"total":542,"covered":286,"skipped":0,"pct":52.76},"branches":{"total":2017,"covered":1112,"skipped":0,"pct":55.13},"branchesTrue":{"total":0,"covered":0,"skipped":0,"pct":100}}
,"/home/mike/dev/work/github.com/portfolio/src/lib/auth.ts": {"lines":{"total":4,"covered":4,"skipped":0,"pct":100},"functions":{"total":2,"covered":2,"skipped":0,"pct":100},"statements":{"total":4,"covered":4,"skipped":0,"pct":100},"branches":{"total":4,"covered":4,"skipped":0,"pct":100}}
,"/home/mike/dev/work/github.com/portfolio/src/lib/chaos.ts": {"lines":{"total":37,"covered":20,"skipped":0,"pct":54.05},"functions":{"total":11,"covered":6,"skipped":0,"pct":54.54},"statements":{"total":45,"covered":24,"skipped":0,"pct":53.33},"branches":{"total":28,"covered":17,"skipped":0,"pct":60.71}}
,"/home/mike/dev/work/github.com/portfolio/src/lib/cobros-codes.ts": {"lines":{"total":2,"covered":2,"skipped":0,"pct":100},"functions":{"total":0,"covered":0,"skipped":0,"pct":100},"statements":{"total":2,"covered":2,"skipped":0,"pct":100},"branches":{"total":0,"covered":0,"skipped":0,"pct":100}}
,"/home/mike/dev/work/github.com/portfolio/src/lib/cobros-crypto.ts": {"lines":{"total":10,"covered":10,"skipped":0,"pct":100},"functions":{"total":4,"covered":4,"skipped":0,"pct":100},"statements":{"total":13,"covered":13,"skipped":0,"pct":100},"branches":{"total":5,"covered":5,"skipped":0,"pct":100}}
,"/home/mike/dev/work/github.com/portfolio/src/lib/cobros-db.ts": {"lines":{"total":27,"covered":25,"skipped":0,"pct":92.59},"functions":{"total":11,"covered":11,"skipped":0,"pct":100},"statements":{"total":33,"covered":30,"skipped":0,"pct":90.9},"branches":{"total":23,"covered":18,"skipped":0,"pct":78.26}}
,"/home/mike/dev/work/github.com/portfolio/src/lib/cobros-notify.ts": {"lines":{"total":6,"covered":0,"skipped":0,"pct":0},"functions":{"total":1,"covered":0,"skipped":0,"pct":0},"statements":{"total":7,"covered":0,"skipped":0,"pct":0},"branches":{"total":8,"covered":0,"skipped":0,"pct":0}}
,"/home/mike/dev/work/github.com/portfolio/src/lib/cobros.ts": {"lines":{"total":30,"covered":30,"skipped":0,"pct":100},"functions":{"total":10,"covered":10,"skipped":0,"pct":100},"statements":{"total":39,"covered":39,"skipped":0,"pct":100},"branches":{"total":31,"covered":30,"skipped":0,"pct":96.77}}
,"/home/mike/dev/work/github.com/portfolio/src/lib/contracts.ts": {"lines":{"total":5,"covered":5,"skipped":0,"pct":100},"functions":{"total":0,"covered":0,"skipped":0,"pct":100},"statements":{"total":5,"covered":5,"skipped":0,"pct":100},"branches":{"total":0,"covered":0,"skipped":0,"pct":100}}
,"/home/mike/dev/work/github.com/portfolio/src/lib/crypto.ts": {"lines":{"total":24,"covered":24,"skipped":0,"pct":100},"functions":{"total":6,"covered":6,"skipped":0,"pct":100},"statements":{"total":27,"covered":27,"skipped":0,"pct":100},"branches":{"total":10,"covered":9,"skipped":0,"pct":90}}
,"/home/mike/dev/work/github.com/portfolio/src/lib/cv-downloads.ts": {"lines":{"total":16,"covered":0,"skipped":0,"pct":0},"functions":{"total":3,"covered":0,"skipped":0,"pct":0},"statements":{"total":19,"covered":0,"skipped":0,"pct":0},"branches":{"total":12,"covered":0,"skipped":0,"pct":0}}
,"/home/mike/dev/work/github.com/portfolio/src/lib/demo.ts": {"lines":{"total":20,"covered":20,"skipped":0,"pct":100},"functions":{"total":6,"covered":6,"skipped":0,"pct":100},"statements":{"total":26,"covered":26,"skipped":0,"pct":100},"branches":{"total":20,"covered":19,"skipped":0,"pct":95}}
,"/home/mike/dev/work/github.com/portfolio/src/lib/device-info.ts": {"lines":{"total":14,"covered":8,"skipped":0,"pct":57.14},"functions":{"total":3,"covered":2,"skipped":0,"pct":66.66},"statements":{"total":17,"covered":10,"skipped":0,"pct":58.82},"branches":{"total":34,"covered":25,"skipped":0,"pct":73.52}}
,"/home/mike/dev/work/github.com/portfolio/src/lib/device-sessions.ts": {"lines":{"total":22,"covered":0,"skipped":0,"pct":0},"functions":{"total":3,"covered":0,"skipped":0,"pct":0},"statements":{"total":23,"covered":0,"skipped":0,"pct":0},"branches":{"total":23,"covered":0,"skipped":0,"pct":0}}
,"/home/mike/dev/work/github.com/portfolio/src/lib/diagnostics.ts": {"lines":{"total":213,"covered":182,"skipped":0,"pct":85.44},"functions":{"total":48,"covered":36,"skipped":0,"pct":75},"statements":{"total":261,"covered":218,"skipped":0,"pct":83.52},"branches":{"total":285,"covered":203,"skipped":0,"pct":71.22}}
,"/home/mike/dev/work/github.com/portfolio/src/lib/domains.ts": {"lines":{"total":37,"covered":37,"skipped":0,"pct":100},"functions":{"total":6,"covered":5,"skipped":0,"pct":83.33},"statements":{"total":51,"covered":50,"skipped":0,"pct":98.03},"branches":{"total":28,"covered":27,"skipped":0,"pct":96.42}}
,"/home/mike/dev/work/github.com/portfolio/src/lib/education-paths.ts": {"lines":{"total":2,"covered":0,"skipped":0,"pct":0},"functions":{"total":1,"covered":0,"skipped":0,"pct":0},"statements":{"total":2,"covered":0,"skipped":0,"pct":0},"branches":{"total":0,"covered":0,"skipped":0,"pct":100}}
,"/home/mike/dev/work/github.com/portfolio/src/lib/email.ts": {"lines":{"total":28,"covered":0,"skipped":0,"pct":0},"functions":{"total":13,"covered":0,"skipped":0,"pct":0},"statements":{"total":34,"covered":0,"skipped":0,"pct":0},"branches":{"total":27,"covered":0,"skipped":0,"pct":0}}
,"/home/mike/dev/work/github.com/portfolio/src/lib/env.ts": {"lines":{"total":4,"covered":4,"skipped":0,"pct":100},"functions":{"total":1,"covered":1,"skipped":0,"pct":100},"statements":{"total":5,"covered":5,"skipped":0,"pct":100},"branches":{"total":6,"covered":5,"skipped":0,"pct":83.33}}
,"/home/mike/dev/work/github.com/portfolio/src/lib/fingerprint-client.ts": {"lines":{"total":126,"covered":0,"skipped":0,"pct":0},"functions":{"total":22,"covered":0,"skipped":0,"pct":0},"statements":{"total":142,"covered":0,"skipped":0,"pct":0},"branches":{"total":60,"covered":0,"skipped":0,"pct":0}}
,"/home/mike/dev/work/github.com/portfolio/src/lib/fingerprint.ts": {"lines":{"total":30,"covered":29,"skipped":0,"pct":96.66},"functions":{"total":7,"covered":7,"skipped":0,"pct":100},"statements":{"total":33,"covered":32,"skipped":0,"pct":96.96},"branches":{"total":20,"covered":17,"skipped":0,"pct":85}}
,"/home/mike/dev/work/github.com/portfolio/src/lib/indexnow.ts": {"lines":{"total":12,"covered":12,"skipped":0,"pct":100},"functions":{"total":4,"covered":4,"skipped":0,"pct":100},"statements":{"total":15,"covered":15,"skipped":0,"pct":100},"branches":{"total":6,"covered":6,"skipped":0,"pct":100}}
,"/home/mike/dev/work/github.com/portfolio/src/lib/interactions.ts": {"lines":{"total":29,"covered":29,"skipped":0,"pct":100},"functions":{"total":3,"covered":3,"skipped":0,"pct":100},"statements":{"total":37,"covered":37,"skipped":0,"pct":100},"branches":{"total":42,"covered":39,"skipped":0,"pct":92.85}}
,"/home/mike/dev/work/github.com/portfolio/src/lib/latency.ts": {"lines":{"total":8,"covered":8,"skipped":0,"pct":100},"functions":{"total":1,"covered":1,"skipped":0,"pct":100},"statements":{"total":9,"covered":8,"skipped":0,"pct":88.88},"branches":{"total":5,"covered":4,"skipped":0,"pct":80}}
,"/home/mike/dev/work/github.com/portfolio/src/lib/mis-pagos.ts": {"lines":{"total":7,"covered":7,"skipped":0,"pct":100},"functions":{"total":2,"covered":2,"skipped":0,"pct":100},"statements":{"total":12,"covered":12,"skipped":0,"pct":100},"branches":{"total":10,"covered":10,"skipped":0,"pct":100}}
,"/home/mike/dev/work/github.com/portfolio/src/lib/money.ts": {"lines":{"total":30,"covered":30,"skipped":0,"pct":100},"functions":{"total":7,"covered":7,"skipped":0,"pct":100},"statements":{"total":35,"covered":35,"skipped":0,"pct":100},"branches":{"total":28,"covered":27,"skipped":0,"pct":96.42}}
,"/home/mike/dev/work/github.com/portfolio/src/lib/monitors.ts": {"lines":{"total":47,"covered":30,"skipped":0,"pct":63.82},"functions":{"total":11,"covered":2,"skipped":0,"pct":18.18},"statements":{"total":54,"covered":31,"skipped":0,"pct":57.4},"branches":{"total":34,"covered":21,"skipped":0,"pct":61.76}}
,"/home/mike/dev/work/github.com/portfolio/src/lib/notify.ts": {"lines":{"total":28,"covered":27,"skipped":0,"pct":96.42},"functions":{"total":7,"covered":6,"skipped":0,"pct":85.71},"statements":{"total":38,"covered":34,"skipped":0,"pct":89.47},"branches":{"total":34,"covered":26,"skipped":0,"pct":76.47}}
,"/home/mike/dev/work/github.com/portfolio/src/lib/payments-state.ts": {"lines":{"total":10,"covered":10,"skipped":0,"pct":100},"functions":{"total":3,"covered":3,"skipped":0,"pct":100},"statements":{"total":11,"covered":11,"skipped":0,"pct":100},"branches":{"total":6,"covered":6,"skipped":0,"pct":100}}
,"/home/mike/dev/work/github.com/portfolio/src/lib/payments.ts": {"lines":{"total":75,"covered":69,"skipped":0,"pct":92},"functions":{"total":14,"covered":13,"skipped":0,"pct":92.85},"statements":{"total":85,"covered":79,"skipped":0,"pct":92.94},"branches":{"total":81,"covered":70,"skipped":0,"pct":86.41}}
,"/home/mike/dev/work/github.com/portfolio/src/lib/phone.ts": {"lines":{"total":25,"covered":25,"skipped":0,"pct":100},"functions":{"total":7,"covered":7,"skipped":0,"pct":100},"statements":{"total":37,"covered":37,"skipped":0,"pct":100},"branches":{"total":33,"covered":33,"skipped":0,"pct":100}}
,"/home/mike/dev/work/github.com/portfolio/src/lib/pnl.ts": {"lines":{"total":24,"covered":24,"skipped":0,"pct":100},"functions":{"total":7,"covered":7,"skipped":0,"pct":100},"statements":{"total":28,"covered":28,"skipped":0,"pct":100},"branches":{"total":10,"covered":10,"skipped":0,"pct":100}}
,"/home/mike/dev/work/github.com/portfolio/src/lib/ratelimit.ts": {"lines":{"total":1,"covered":1,"skipped":0,"pct":100},"functions":{"total":1,"covered":1,"skipped":0,"pct":100},"statements":{"total":1,"covered":1,"skipped":0,"pct":100},"branches":{"total":2,"covered":2,"skipped":0,"pct":100}}
,"/home/mike/dev/work/github.com/portfolio/src/lib/services.ts": {"lines":{"total":36,"covered":36,"skipped":0,"pct":100},"functions":{"total":5,"covered":5,"skipped":0,"pct":100},"statements":{"total":47,"covered":45,"skipped":0,"pct":95.74},"branches":{"total":55,"covered":48,"skipped":0,"pct":87.27}}
,"/home/mike/dev/work/github.com/portfolio/src/lib/slo.ts": {"lines":{"total":41,"covered":41,"skipped":0,"pct":100},"functions":{"total":5,"covered":5,"skipped":0,"pct":100},"statements":{"total":52,"covered":50,"skipped":0,"pct":96.15},"branches":{"total":43,"covered":39,"skipped":0,"pct":90.69}}
,"/home/mike/dev/work/github.com/portfolio/src/lib/ssrf-guard.ts": {"lines":{"total":38,"covered":0,"skipped":0,"pct":0},"functions":{"total":6,"covered":0,"skipped":0,"pct":0},"statements":{"total":58,"covered":0,"skipped":0,"pct":0},"branches":{"total":61,"covered":0,"skipped":0,"pct":0}}
,"/home/mike/dev/work/github.com/portfolio/src/lib/tech-stack.ts": {"lines":{"total":5,"covered":0,"skipped":0,"pct":0},"functions":{"total":2,"covered":0,"skipped":0,"pct":0},"statements":{"total":7,"covered":0,"skipped":0,"pct":0},"branches":{"total":4,"covered":0,"skipped":0,"pct":0}}
,"/home/mike/dev/work/github.com/portfolio/src/lib/vitals.ts": {"lines":{"total":29,"covered":12,"skipped":0,"pct":41.37},"functions":{"total":8,"covered":4,"skipped":0,"pct":50},"statements":{"total":39,"covered":17,"skipped":0,"pct":43.58},"branches":{"total":16,"covered":8,"skipped":0,"pct":50}}
,"/home/mike/dev/work/github.com/portfolio/src/lib/webauthn.ts": {"lines":{"total":82,"covered":0,"skipped":0,"pct":0},"functions":{"total":16,"covered":0,"skipped":0,"pct":0},"statements":{"total":94,"covered":0,"skipped":0,"pct":0},"branches":{"total":49,"covered":0,"skipped":0,"pct":0}}
,"/home/mike/dev/work/github.com/portfolio/src/lib/lab/findings-store.ts": {"lines":{"total":17,"covered":0,"skipped":0,"pct":0},"functions":{"total":5,"covered":0,"skipped":0,"pct":0},"statements":{"total":21,"covered":0,"skipped":0,"pct":0},"branches":{"total":6,"covered":0,"skipped":0,"pct":0}}
,"/home/mike/dev/work/github.com/portfolio/src/lib/lab/findings.ts": {"lines":{"total":39,"covered":39,"skipped":0,"pct":100},"functions":{"total":10,"covered":10,"skipped":0,"pct":100},"statements":{"total":53,"covered":53,"skipped":0,"pct":100},"branches":{"total":68,"covered":60,"skipped":0,"pct":88.23}}
,"/home/mike/dev/work/github.com/portfolio/src/lib/lab/mutation.ts": {"lines":{"total":13,"covered":13,"skipped":0,"pct":100},"functions":{"total":2,"covered":2,"skipped":0,"pct":100},"statements":{"total":17,"covered":17,"skipped":0,"pct":100},"branches":{"total":18,"covered":14,"skipped":0,"pct":77.77}}
,"/home/mike/dev/work/github.com/portfolio/src/lib/portal/audit.ts": {"lines":{"total":3,"covered":0,"skipped":0,"pct":0},"functions":{"total":3,"covered":0,"skipped":0,"pct":0},"statements":{"total":3,"covered":0,"skipped":0,"pct":0},"branches":{"total":11,"covered":0,"skipped":0,"pct":0}}
,"/home/mike/dev/work/github.com/portfolio/src/lib/portal/demo.ts": {"lines":{"total":8,"covered":8,"skipped":0,"pct":100},"functions":{"total":3,"covered":3,"skipped":0,"pct":100},"statements":{"total":10,"covered":10,"skipped":0,"pct":100},"branches":{"total":5,"covered":5,"skipped":0,"pct":100}}
,"/home/mike/dev/work/github.com/portfolio/src/lib/portal/documents.ts": {"lines":{"total":48,"covered":0,"skipped":0,"pct":0},"functions":{"total":9,"covered":0,"skipped":0,"pct":0},"statements":{"total":55,"covered":0,"skipped":0,"pct":0},"branches":{"total":46,"covered":0,"skipped":0,"pct":0}}
,"/home/mike/dev/work/github.com/portfolio/src/lib/portal/format.ts": {"lines":{"total":35,"covered":6,"skipped":0,"pct":17.14},"functions":{"total":6,"covered":2,"skipped":0,"pct":33.33},"statements":{"total":46,"covered":7,"skipped":0,"pct":15.21},"branches":{"total":39,"covered":8,"skipped":0,"pct":20.51}}
,"/home/mike/dev/work/github.com/portfolio/src/lib/portal/invitations.ts": {"lines":{"total":47,"covered":6,"skipped":0,"pct":12.76},"functions":{"total":7,"covered":1,"skipped":0,"pct":14.28},"statements":{"total":60,"covered":7,"skipped":0,"pct":11.66},"branches":{"total":50,"covered":0,"skipped":0,"pct":0}}
,"/home/mike/dev/work/github.com/portfolio/src/lib/portal/invoice-pdf.ts": {"lines":{"total":97,"covered":0,"skipped":0,"pct":0},"functions":{"total":4,"covered":0,"skipped":0,"pct":0},"statements":{"total":100,"covered":0,"skipped":0,"pct":0},"branches":{"total":48,"covered":0,"skipped":0,"pct":0}}
,"/home/mike/dev/work/github.com/portfolio/src/lib/portal/invoices.ts": {"lines":{"total":54,"covered":19,"skipped":0,"pct":35.18},"functions":{"total":25,"covered":12,"skipped":0,"pct":48},"statements":{"total":66,"covered":26,"skipped":0,"pct":39.39},"branches":{"total":51,"covered":9,"skipped":0,"pct":17.64}}
,"/home/mike/dev/work/github.com/portfolio/src/lib/portal/login.ts": {"lines":{"total":29,"covered":24,"skipped":0,"pct":82.75},"functions":{"total":4,"covered":2,"skipped":0,"pct":50},"statements":{"total":32,"covered":27,"skipped":0,"pct":84.37},"branches":{"total":38,"covered":27,"skipped":0,"pct":71.05}}
,"/home/mike/dev/work/github.com/portfolio/src/lib/portal/notifications.ts": {"lines":{"total":47,"covered":0,"skipped":0,"pct":0},"functions":{"total":19,"covered":0,"skipped":0,"pct":0},"statements":{"total":59,"covered":0,"skipped":0,"pct":0},"branches":{"total":35,"covered":0,"skipped":0,"pct":0}}
,"/home/mike/dev/work/github.com/portfolio/src/lib/portal/passwords.ts": {"lines":{"total":33,"covered":32,"skipped":0,"pct":96.96},"functions":{"total":7,"covered":7,"skipped":0,"pct":100},"statements":{"total":40,"covered":36,"skipped":0,"pct":90},"branches":{"total":42,"covered":38,"skipped":0,"pct":90.47}}
,"/home/mike/dev/work/github.com/portfolio/src/lib/portal/paths.ts": {"lines":{"total":6,"covered":6,"skipped":0,"pct":100},"functions":{"total":3,"covered":3,"skipped":0,"pct":100},"statements":{"total":8,"covered":8,"skipped":0,"pct":100},"branches":{"total":7,"covered":6,"skipped":0,"pct":85.71}}
,"/home/mike/dev/work/github.com/portfolio/src/lib/portal/projects.ts": {"lines":{"total":30,"covered":7,"skipped":0,"pct":23.33},"functions":{"total":14,"covered":2,"skipped":0,"pct":14.28},"statements":{"total":37,"covered":7,"skipped":0,"pct":18.91},"branches":{"total":33,"covered":0,"skipped":0,"pct":0}}
,"/home/mike/dev/work/github.com/portfolio/src/lib/portal/session.ts": {"lines":{"total":40,"covered":25,"skipped":0,"pct":62.5},"functions":{"total":15,"covered":6,"skipped":0,"pct":40},"statements":{"total":51,"covered":33,"skipped":0,"pct":64.7},"branches":{"total":35,"covered":26,"skipped":0,"pct":74.28}}
,"/home/mike/dev/work/github.com/portfolio/src/lib/portal/settlement.ts": {"lines":{"total":17,"covered":0,"skipped":0,"pct":0},"functions":{"total":5,"covered":0,"skipped":0,"pct":0},"statements":{"total":21,"covered":0,"skipped":0,"pct":0},"branches":{"total":14,"covered":0,"skipped":0,"pct":0}}
,"/home/mike/dev/work/github.com/portfolio/src/lib/portal/team.ts": {"lines":{"total":25,"covered":0,"skipped":0,"pct":0},"functions":{"total":7,"covered":0,"skipped":0,"pct":0},"statements":{"total":30,"covered":0,"skipped":0,"pct":0},"branches":{"total":21,"covered":0,"skipped":0,"pct":0}}
,"/home/mike/dev/work/github.com/portfolio/src/lib/portal/threads.ts": {"lines":{"total":49,"covered":6,"skipped":0,"pct":12.24},"functions":{"total":17,"covered":2,"skipped":0,"pct":11.76},"statements":{"total":59,"covered":8,"skipped":0,"pct":13.55},"branches":{"total":31,"covered":3,"skipped":0,"pct":9.67}}
,"/home/mike/dev/work/github.com/portfolio/src/lib/security/anomaly-store.ts": {"lines":{"total":10,"covered":0,"skipped":0,"pct":0},"functions":{"total":4,"covered":0,"skipped":0,"pct":0},"statements":{"total":14,"covered":0,"skipped":0,"pct":0},"branches":{"total":5,"covered":0,"skipped":0,"pct":0}}
,"/home/mike/dev/work/github.com/portfolio/src/lib/security/anomaly.ts": {"lines":{"total":29,"covered":29,"skipped":0,"pct":100},"functions":{"total":8,"covered":8,"skipped":0,"pct":100},"statements":{"total":37,"covered":36,"skipped":0,"pct":97.29},"branches":{"total":32,"covered":31,"skipped":0,"pct":96.87}}
,"/home/mike/dev/work/github.com/portfolio/src/lib/security/autoblock.ts": {"lines":{"total":49,"covered":17,"skipped":0,"pct":34.69},"functions":{"total":16,"covered":6,"skipped":0,"pct":37.5},"statements":{"total":59,"covered":22,"skipped":0,"pct":37.28},"branches":{"total":23,"covered":15,"skipped":0,"pct":65.21}}
,"/home/mike/dev/work/github.com/portfolio/src/lib/security/blocklist.ts": {"lines":{"total":32,"covered":28,"skipped":0,"pct":87.5},"functions":{"total":12,"covered":10,"skipped":0,"pct":83.33},"statements":{"total":38,"covered":29,"skipped":0,"pct":76.31},"branches":{"total":31,"covered":23,"skipped":0,"pct":74.19}}
,"/home/mike/dev/work/github.com/portfolio/src/lib/security/classify.ts": {"lines":{"total":39,"covered":37,"skipped":0,"pct":94.87},"functions":{"total":14,"covered":14,"skipped":0,"pct":100},"statements":{"total":43,"covered":41,"skipped":0,"pct":95.34},"branches":{"total":28,"covered":28,"skipped":0,"pct":100}}
,"/home/mike/dev/work/github.com/portfolio/src/lib/security/csp-report.ts": {"lines":{"total":16,"covered":15,"skipped":0,"pct":93.75},"functions":{"total":5,"covered":5,"skipped":0,"pct":100},"statements":{"total":17,"covered":16,"skipped":0,"pct":94.11},"branches":{"total":34,"covered":29,"skipped":0,"pct":85.29}}
,"/home/mike/dev/work/github.com/portfolio/src/lib/security/events.ts": {"lines":{"total":23,"covered":0,"skipped":0,"pct":0},"functions":{"total":4,"covered":0,"skipped":0,"pct":0},"statements":{"total":28,"covered":0,"skipped":0,"pct":0},"branches":{"total":18,"covered":0,"skipped":0,"pct":0}}
,"/home/mike/dev/work/github.com/portfolio/src/lib/security/honeypot.ts": {"lines":{"total":13,"covered":13,"skipped":0,"pct":100},"functions":{"total":4,"covered":4,"skipped":0,"pct":100},"statements":{"total":15,"covered":15,"skipped":0,"pct":100},"branches":{"total":5,"covered":5,"skipped":0,"pct":100}}
,"/home/mike/dev/work/github.com/portfolio/src/lib/security/paths.ts": {"lines":{"total":8,"covered":7,"skipped":0,"pct":87.5},"functions":{"total":5,"covered":4,"skipped":0,"pct":80},"statements":{"total":11,"covered":10,"skipped":0,"pct":90.9},"branches":{"total":14,"covered":12,"skipped":0,"pct":85.71}}
,"/home/mike/dev/work/github.com/portfolio/src/lib/security/ratelimit-durable.ts": {"lines":{"total":39,"covered":34,"skipped":0,"pct":87.17},"functions":{"total":11,"covered":9,"skipped":0,"pct":81.81},"statements":{"total":48,"covered":37,"skipped":0,"pct":77.08},"branches":{"total":26,"covered":18,"skipped":0,"pct":69.23}}
,"/home/mike/dev/work/github.com/portfolio/src/lib/security/redact.ts": {"lines":{"total":13,"covered":13,"skipped":0,"pct":100},"functions":{"total":3,"covered":3,"skipped":0,"pct":100},"statements":{"total":17,"covered":17,"skipped":0,"pct":100},"branches":{"total":16,"covered":15,"skipped":0,"pct":93.75}}
,"/home/mike/dev/work/github.com/portfolio/src/lib/security/rollup.ts": {"lines":{"total":62,"covered":23,"skipped":0,"pct":37.09},"functions":{"total":22,"covered":5,"skipped":0,"pct":22.72},"statements":{"total":74,"covered":28,"skipped":0,"pct":37.83},"branches":{"total":30,"covered":12,"skipped":0,"pct":40}}
,"/home/mike/dev/work/github.com/portfolio/src/lib/security/sensor.ts": {"lines":{"total":10,"covered":0,"skipped":0,"pct":0},"functions":{"total":2,"covered":0,"skipped":0,"pct":0},"statements":{"total":12,"covered":0,"skipped":0,"pct":0},"branches":{"total":14,"covered":0,"skipped":0,"pct":0}}
}
